#
# A fatal error has been detected by the Java Runtime Environment:
#
#  EXCEPTION_ACCESS_VIOLATION (0xc0000005) at pc=0x0000000180005b00, pid=14072, tid=8056
#
# JRE version: Java(TM) SE Runtime Environment (10.0.2+13) (build 10.0.2+13)
# Java VM: Java HotSpot(TM) 64-Bit Server VM (10.0.2+13, mixed mode, tiered, compressed oops, g1 gc, windows-amd64)
# Problematic frame:
# C  [rxtxSerial.dll+0x5b00]
#
# No core dump will be written. Minidumps are not enabled by default on client versions of Windows
#
# If you would like to submit a bug report, please visit:
#   http://bugreport.java.com/bugreport/crash.jsp
# The crash happened outside the Java Virtual Machine in native code.
# See problematic frame for where to report the bug.
#

---------------  S U M M A R Y ------------

Command Line: -Djava.library.path=C:\Users\Kali\Desktop\ledverde\mfz-rxtx-2.2-20081207-win-x64\mfz-rxtx-2.2-20081207-win-x64 -javaagent:C:\Program Files\JetBrains\IntelliJ IDEA 2018.2.1\lib\idea_rt.jar=2317:C:\Program Files\JetBrains\IntelliJ IDEA 2018.2.1\bin -Dfile.encoding=UTF-8 main

Host: Intel(R) Core(TM) i3-5005U CPU @ 2.00GHz, 4 cores, 7G,  Windows 10 , 64 bit Build 17134 (10.0.17134.1)
Time: Wed Oct 24 15:32:00 2018 Hora de verano de las Montañas elapsed time: 11 seconds (0d 0h 0m 11s)

---------------  T H R E A D  ---------------

Current thread (0x000002ccc024a000):  JavaThread "Thread-0" [_thread_in_native, id=8056, stack(0x000000da13a00000,0x000000da13b00000)]

Stack: [0x000000da13a00000,0x000000da13b00000],  sp=0x000000da13afe620,  free space=1017k
Native frames: (J=compiled Java code, j=interpreted, Vv=VM code, C=native code)
C  [rxtxSerial.dll+0x5b00]

Java frames: (J=compiled Java code, j=interpreted, Vv=VM code)
j  gnu.io.RXTXPort.readArray([BII)I+0
j  gnu.io.RXTXPort$SerialInputStream.read([BII)I+212
j  sun.nio.cs.StreamDecoder.readBytes()I+135 java.base@10.0.2
j  sun.nio.cs.StreamDecoder.implRead([CII)I+112 java.base@10.0.2
j  sun.nio.cs.StreamDecoder.read([CII)I+180 java.base@10.0.2
j  java.io.InputStreamReader.read([CII)I+7 java.base@10.0.2
j  java.io.BufferedReader.fill()V+145 java.base@10.0.2
j  java.io.BufferedReader.readLine(Z)Ljava/lang/String;+44 java.base@10.0.2
j  java.io.BufferedReader.readLine()Ljava/lang/String;+2 java.base@10.0.2
j  Huerfana.serialEvent(Lgnu/io/SerialPortEvent;)V+12
j  gnu.io.RXTXPort.sendEvent(IZ)Z+382
v  ~StubRoutines::call_stub
j  gnu.io.RXTXPort.eventLoop()V+0
j  gnu.io.RXTXPort$MonitorThread.run()V+12
v  ~StubRoutines::call_stub

siginfo: EXCEPTION_ACCESS_VIOLATION (0xc0000005), reading address 0x0000000013aff428


Register to memory mapping:

RIP=0x0000000180005b00 rxtxSerial.dll
RAX=0x0000000000000001 is an unknown value
RBX=0x0000000000000000 is an unknown value
RCX=0x000000018001d4d5 rxtxSerial.dll
RDX=0xfffffffffffff665 is an unknown value
RSP=0x000000da13afe620 is pointing into the stack for thread: 0x000002ccc024a000
RBP=
[error occurred during error reporting (printing register info), id 0xc0000005]

Registers:
RAX=0x0000000000000001, RBX=0x0000000000000000, RCX=0x000000018001d4d5, RDX=0xfffffffffffff665
RSP=0x000000da13afe620, RBP=0x00000000ffffffff, RSI=0x0000000000000000, RDI=0x000002ccc024a270
R8 =0x0000000000000002, R9 =0xfffffffffffff63c, R10=0x000000000000028c, R11=0x8101010101010100
R12=0x0000000013aff420, R13=0x0000000000000002, R14=0x000000da13afe810, R15=0x0000000000000000
RIP=0x0000000180005b00, EFLAGS=0x0000000000010202

Top of Stack: (sp=0x000000da13afe620)
0x000000da13afe620:   0000000000000000 0000000000000000
0x000000da13afe630:   000000da13afe818 0000000000000000
0x000000da13afe640:   0000000000000000 000000da13afe810
0x000000da13afe650:   000002ccc2cd6538 0000000000000001
0x000000da13afe660:   000002ccc024a270 0000000000000002
0x000000da13afe670:   ffffffffffffffff 0000000180006211
0x000000da13afe680:   000002ccc01c5e90 0000000000000000
0x000000da13afe690:   ffffffff00000001 000002ccc01c5e90
0x000000da13afe6a0:   000000da00000002 00000000ffffffff
0x000000da13afe6b0:   000000da13afe818 000002ccc2cd6540
0x000000da13afe6c0:   000002ccc2cd6540 000002ccc186cd00
0x000000da13afe6d0:   000000da13aff068 000000006fda46e3
0x000000da13afe6e0:   000002ccc024a000 000000010007e0f8
0x000000da13afe6f0:   000002ccc186cd00 00006b326c0e37d1
0x000000da13afe700:   000002ccc2cd6540 000002ccc2cd6538
0x000000da13afe710:   000002ccc024a000 000000da13afe818 

Instructions: (pc=0x0000000180005b00)
0x0000000180005ae0:   15 23 7a 01 00 48 8d 48 60 e8 3a 5d 00 00 4c 8b
0x0000000180005af0:   e5 8b ac 24 88 00 00 00 44 8b ac 24 80 00 00 00
0x0000000180005b00:   45 8b 74 24 08 41 89 5c 24 08 41 8b fd 85 ed 78
0x0000000180005b10:   09 ff 15 e9 14 01 00 44 8b f8 45 85 ed 7e 4a 90 



---------------  P R O C E S S  ---------------

Threads class SMR info:
_java_thread_list=0x000002ccc187c7f0, length=24, elements={
0x000002ccbed77000, 0x000002ccbed79000, 0x000002ccbed7e800, 0x000002ccbed72800,
0x000002ccbf702800, 0x000002ccbed8a000, 0x000002ccbed93000, 0x000002ccbed96000,
0x000002ccbfa66800, 0x000002ccbfa65800, 0x000002ccbf9d5000, 0x000002ccbfc53000,
0x000002ccbfc54000, 0x000002ccbfa31800, 0x000002ccc02b7800, 0x000002ccbff4f000,
0x000002ccc1798800, 0x000002ccbfa22000, 0x000002ccc0248800, 0x000002ccc024a000,
0x000002ccc024a800, 0x000002ccc024e800, 0x000002ccc0249000, 0x000002ccc0247800
}

Java Threads: ( => current thread )
  0x000002ccbed77000 JavaThread "Reference Handler" daemon [_thread_blocked, id=14156, stack(0x000000da12600000,0x000000da12700000)]
  0x000002ccbed79000 JavaThread "Finalizer" daemon [_thread_blocked, id=8588, stack(0x000000da12700000,0x000000da12800000)]
  0x000002ccbed7e800 JavaThread "Signal Dispatcher" daemon [_thread_blocked, id=13348, stack(0x000000da12800000,0x000000da12900000)]
  0x000002ccbed72800 JavaThread "Attach Listener" daemon [_thread_blocked, id=1820, stack(0x000000da12900000,0x000000da12a00000)]
  0x000002ccbf702800 JavaThread "C2 CompilerThread0" daemon [_thread_blocked, id=13664, stack(0x000000da12a00000,0x000000da12b00000)]
  0x000002ccbed8a000 JavaThread "C2 CompilerThread1" daemon [_thread_blocked, id=1288, stack(0x000000da12b00000,0x000000da12c00000)]
  0x000002ccbed93000 JavaThread "C1 CompilerThread2" daemon [_thread_blocked, id=11376, stack(0x000000da12c00000,0x000000da12d00000)]
  0x000002ccbed96000 JavaThread "Sweeper thread" daemon [_thread_blocked, id=6584, stack(0x000000da12d00000,0x000000da12e00000)]
  0x000002ccbfa66800 JavaThread "Common-Cleaner" daemon [_thread_blocked, id=1492, stack(0x000000da12e00000,0x000000da12f00000)]
  0x000002ccbfa65800 JavaThread "Monitor Ctrl-Break" daemon [_thread_in_native, id=11520, stack(0x000000da12f00000,0x000000da13000000)]
  0x000002ccbf9d5000 JavaThread "Service Thread" daemon [_thread_blocked, id=5892, stack(0x000000da13000000,0x000000da13100000)]
  0x000002ccbfc53000 JavaThread "Java2D Disposer" daemon [_thread_blocked, id=10016, stack(0x000000da13200000,0x000000da13300000)]
  0x000002ccbfc54000 JavaThread "AWT-Shutdown" [_thread_blocked, id=3764, stack(0x000000da13300000,0x000000da13400000)]
  0x000002ccbfa31800 JavaThread "AWT-Windows" daemon [_thread_in_native, id=9264, stack(0x000000da13400000,0x000000da13500000)]
  0x000002ccc02b7800 JavaThread "Image Animator 3" daemon [_thread_blocked, id=11244, stack(0x000000da13500000,0x000000da13600000)]
  0x000002ccbff4f000 JavaThread "Image Animator 2" daemon [_thread_blocked, id=7596, stack(0x000000da13600000,0x000000da13700000)]
  0x000002ccc1798800 JavaThread "AWT-EventQueue-0" [_thread_in_vm, id=1968, stack(0x000000da13700000,0x000000da13800000)]
  0x000002ccbfa22000 JavaThread "Image Animator 2" daemon [_thread_in_native, id=1264, stack(0x000000da13800000,0x000000da13900000)]
  0x000002ccc0248800 JavaThread "Image Animator 3" daemon [_thread_blocked, id=2788, stack(0x000000da13900000,0x000000da13a00000)]
=>0x000002ccc024a000 JavaThread "Thread-0" [_thread_in_native, id=8056, stack(0x000000da13a00000,0x000000da13b00000)]
  0x000002ccc024a800 JavaThread "Image Animator 0" daemon [_thread_blocked, id=11124, stack(0x000000da13b00000,0x000000da13c00000)]
  0x000002ccc024e800 JavaThread "Thread-2" [_thread_blocked, id=10832, stack(0x000000da13c00000,0x000000da13d00000)]
  0x000002ccc0249000 JavaThread "DestroyJavaVM" [_thread_blocked, id=10772, stack(0x000000da11900000,0x000000da11a00000)]
  0x000002ccc0247800 JavaThread "Image Animator 0" daemon [_thread_blocked, id=1332, stack(0x000000da13d00000,0x000000da13e00000)]

Other Threads:
  0x000002ccbed63000 VMThread "VM Thread" [stack: 0x000000da12500000,0x000000da12600000] [id=12060]
  0x000002ccbf914800 WatcherThread [stack: 0x000000da13100000,0x000000da13200000] [id=6944]
  0x000002cc9d9ab800 GCTaskThread "GC Thread#0" [stack: 0x000000da11a00000,0x000000da11b00000] [id=1712]
  0x000002cc9d9ad000 GCTaskThread "GC Thread#1" [stack: 0x000000da11b00000,0x000000da11c00000] [id=4016]
  0x000002cc9d9ae800 GCTaskThread "GC Thread#2" [stack: 0x000000da11c00000,0x000000da11d00000] [id=1220]
  0x000002cc9d9b1000 GCTaskThread "GC Thread#3" [stack: 0x000000da11d00000,0x000000da11e00000] [id=12532]
  0x000002cc9da1b000 ConcurrentGCThread "G1 Main Marker" [stack: 0x000000da11e00000,0x000000da11f00000] [id=13720]
  0x000002cc9da1e800 ConcurrentGCThread "G1 Conc#0" [stack: 0x000000da11f00000,0x000000da12000000] [id=3776]
  0x000002ccbebe7800 ConcurrentGCThread "G1 Refine#0" [stack: 0x000000da12000000,0x000000da12100000] [id=9840]
  0x000002ccbebe8800 ConcurrentGCThread "G1 Refine#1" [stack: 0x000000da12100000,0x000000da12200000] [id=6536]
  0x000002ccbebe9800 ConcurrentGCThread "G1 Refine#2" [stack: 0x000000da12200000,0x000000da12300000] [id=14300]
  0x000002ccbebf3000 ConcurrentGCThread "G1 Refine#3" [stack: 0x000000da12300000,0x000000da12400000] [id=10476]
  0x000002ccbebf7000 ConcurrentGCThread "G1 Young RemSet Sampling" [stack: 0x000000da12400000,0x000000da12500000] [id=10204]

Threads with active compile tasks:

VM state:not at safepoint (normal execution)

VM Mutex/Monitor currently owned by a thread: None

Heap address: 0x0000000081400000, size: 2028 MB, Compressed Oops mode: 32-bit
Narrow klass base: 0x0000000000000000, Narrow klass shift: 3
Compressed class space size: 1073741824 Address: 0x0000000100000000

Heap:
 garbage-first heap   total 238592K, used 104946K [0x0000000081400000, 0x0000000100000000)
  region size 1024K, 4 young (4096K), 1 survivors (1024K)
 Metaspace       used 14593K, capacity 14969K, committed 15232K, reserved 1062912K
  class space    used 1412K, capacity 1597K, committed 1664K, reserved 1048576K
Heap Regions: E=young(eden), S=young(survivor), O=old, HS=humongous(starts), HC=humongous(continues), CS=collection set, F=free, A=archive, TS=gc time stamp, AC=allocation context, TAMS=top-at-mark-start (previous, next)
|   0|0x0000000081400000, 0x0000000081500000, 0x0000000081500000|100%|HS|  |TS  0|AC  0|TAMS 0x0000000081500000, 0x0000000081500000|
|   1|0x0000000081500000, 0x0000000081600000, 0x0000000081600000|100%|HC|  |TS  0|AC  0|TAMS 0x0000000081600000, 0x0000000081600000|
|   2|0x0000000081600000, 0x0000000081700000, 0x0000000081700000|100%|HC|  |TS  0|AC  0|TAMS 0x0000000081700000, 0x0000000081700000|
|   3|0x0000000081700000, 0x0000000081800000, 0x0000000081800000|100%|HC|  |TS  0|AC  0|TAMS 0x0000000081800000, 0x0000000081800000|
|   4|0x0000000081800000, 0x0000000081900000, 0x0000000081900000|100%|HC|  |TS  0|AC  0|TAMS 0x0000000081900000, 0x0000000081900000|
|   5|0x0000000081900000, 0x0000000081a00000, 0x0000000081a00000|100%|HS|  |TS  0|AC  0|TAMS 0x0000000081900000, 0x0000000081900000|
|   6|0x0000000081a00000, 0x0000000081b00000, 0x0000000081b00000|100%|HC|  |TS  0|AC  0|TAMS 0x0000000081a00000, 0x0000000081a00000|
|   7|0x0000000081b00000, 0x0000000081c00000, 0x0000000081c00000|100%|HC|  |TS  0|AC  0|TAMS 0x0000000081b00000, 0x0000000081b00000|
|   8|0x0000000081c00000, 0x0000000081d00000, 0x0000000081d00000|100%|HC|  |TS  0|AC  0|TAMS 0x0000000081c00000, 0x0000000081c00000|
|   9|0x0000000081d00000, 0x0000000081e00000, 0x0000000081e00000|100%| O|  |TS  0|AC  0|TAMS 0x0000000081e00000, 0x0000000081e00000|
|  10|0x0000000081e00000, 0x0000000081f00000, 0x0000000081f00000|100%| O|  |TS  0|AC  0|TAMS 0x0000000081f00000, 0x0000000081f00000|
|  11|0x0000000081f00000, 0x0000000082000000, 0x0000000082000000|100%|HS|  |TS  0|AC  0|TAMS 0x0000000081f00000, 0x0000000081f00000|
|  12|0x0000000082000000, 0x0000000082100000, 0x0000000082100000|100%|HC|  |TS  0|AC  0|TAMS 0x0000000082000000, 0x0000000082000000|
|  13|0x0000000082100000, 0x0000000082200000, 0x0000000082200000|100%|HC|  |TS  0|AC  0|TAMS 0x0000000082100000, 0x0000000082100000|
|  14|0x0000000082200000, 0x0000000082300000, 0x0000000082300000|100%|HC|  |TS  0|AC  0|TAMS 0x0000000082200000, 0x0000000082200000|
|  15|0x0000000082300000, 0x0000000082400000, 0x0000000082400000|100%|HS|  |TS  0|AC  0|TAMS 0x0000000082300000, 0x0000000082300000|
|  16|0x0000000082400000, 0x0000000082500000, 0x0000000082500000|100%|HC|  |TS  0|AC  0|TAMS 0x0000000082400000, 0x0000000082400000|
|  17|0x0000000082500000, 0x0000000082600000, 0x0000000082600000|100%|HC|  |TS  0|AC  0|TAMS 0x0000000082500000, 0x0000000082500000|
|  18|0x0000000082600000, 0x0000000082700000, 0x0000000082700000|100%|HC|  |TS  0|AC  0|TAMS 0x0000000082600000, 0x0000000082600000|
|  19|0x0000000082700000, 0x0000000082800000, 0x0000000082800000|100%|HS|  |TS  0|AC  0|TAMS 0x0000000082700000, 0x0000000082700000|
|  20|0x0000000082800000, 0x0000000082900000, 0x0000000082900000|100%|HC|  |TS  0|AC  0|TAMS 0x0000000082800000, 0x0000000082800000|
|  21|0x0000000082900000, 0x0000000082a00000, 0x0000000082a00000|100%|HC|  |TS  0|AC  0|TAMS 0x0000000082900000, 0x0000000082900000|
|  22|0x0000000082a00000, 0x0000000082b00000, 0x0000000082b00000|100%|HC|  |TS  0|AC  0|TAMS 0x0000000082a00000, 0x0000000082a00000|
|  23|0x0000000082b00000, 0x0000000082c00000, 0x0000000082c00000|100%|HS|  |TS  0|AC  0|TAMS 0x0000000082b00000, 0x0000000082b00000|
|  24|0x0000000082c00000, 0x0000000082d00000, 0x0000000082d00000|100%|HC|  |TS  0|AC  0|TAMS 0x0000000082c00000, 0x0000000082c00000|
|  25|0x0000000082d00000, 0x0000000082e00000, 0x0000000082e00000|100%|HC|  |TS  0|AC  0|TAMS 0x0000000082d00000, 0x0000000082d00000|
|  26|0x0000000082e00000, 0x0000000082f00000, 0x0000000082f00000|100%|HC|  |TS  0|AC  0|TAMS 0x0000000082e00000, 0x0000000082e00000|
|  27|0x0000000082f00000, 0x0000000083000000, 0x0000000083000000|100%|HS|  |TS  0|AC  0|TAMS 0x0000000082f00000, 0x0000000082f00000|
|  28|0x0000000083000000, 0x0000000083100000, 0x0000000083100000|100%|HC|  |TS  0|AC  0|TAMS 0x0000000083000000, 0x0000000083000000|
|  29|0x0000000083100000, 0x0000000083200000, 0x0000000083200000|100%|HC|  |TS  0|AC  0|TAMS 0x0000000083100000, 0x0000000083100000|
|  30|0x0000000083200000, 0x0000000083300000, 0x0000000083300000|100%|HC|  |TS  0|AC  0|TAMS 0x0000000083200000, 0x0000000083200000|
|  31|0x0000000083300000, 0x0000000083400000, 0x0000000083400000|100%|HS|  |TS  0|AC  0|TAMS 0x0000000083300000, 0x0000000083300000|
|  32|0x0000000083400000, 0x0000000083500000, 0x0000000083500000|100%|HC|  |TS  0|AC  0|TAMS 0x0000000083400000, 0x0000000083400000|
|  33|0x0000000083500000, 0x0000000083600000, 0x0000000083600000|100%|HC|  |TS  0|AC  0|TAMS 0x0000000083500000, 0x0000000083500000|
|  34|0x0000000083600000, 0x0000000083700000, 0x0000000083700000|100%|HC|  |TS  0|AC  0|TAMS 0x0000000083600000, 0x0000000083600000|
|  35|0x0000000083700000, 0x0000000083800000, 0x0000000083800000|100%|HS|  |TS  0|AC  0|TAMS 0x0000000083700000, 0x0000000083700000|
|  36|0x0000000083800000, 0x0000000083900000, 0x0000000083900000|100%|HC|  |TS  0|AC  0|TAMS 0x0000000083800000, 0x0000000083800000|
|  37|0x0000000083900000, 0x0000000083a00000, 0x0000000083a00000|100%|HC|  |TS  0|AC  0|TAMS 0x0000000083900000, 0x0000000083900000|
|  38|0x0000000083a00000, 0x0000000083b00000, 0x0000000083b00000|100%|HC|  |TS  0|AC  0|TAMS 0x0000000083a00000, 0x0000000083a00000|
|  39|0x0000000083b00000, 0x0000000083c00000, 0x0000000083c00000|100%|HS|  |TS  0|AC  0|TAMS 0x0000000083b00000, 0x0000000083b00000|
|  40|0x0000000083c00000, 0x0000000083d00000, 0x0000000083d00000|100%|HC|  |TS  0|AC  0|TAMS 0x0000000083c00000, 0x0000000083c00000|
|  41|0x0000000083d00000, 0x0000000083e00000, 0x0000000083e00000|100%|HC|  |TS  0|AC  0|TAMS 0x0000000083d00000, 0x0000000083d00000|
|  42|0x0000000083e00000, 0x0000000083f00000, 0x0000000083f00000|100%|HC|  |TS  0|AC  0|TAMS 0x0000000083e00000, 0x0000000083e00000|
|  43|0x0000000083f00000, 0x0000000084000000, 0x0000000084000000|100%| O|  |TS  0|AC  0|TAMS 0x0000000084000000, 0x0000000084000000|
|  44|0x0000000084000000, 0x0000000084100000, 0x0000000084100000|100%| O|  |TS  0|AC  0|TAMS 0x0000000084100000, 0x0000000084100000|
|  45|0x0000000084100000, 0x0000000084200000, 0x0000000084200000|100%|HS|  |TS  0|AC  0|TAMS 0x0000000084100000, 0x0000000084100000|
|  46|0x0000000084200000, 0x0000000084300000, 0x0000000084300000|100%|HC|  |TS  0|AC  0|TAMS 0x0000000084200000, 0x0000000084200000|
|  47|0x0000000084300000, 0x0000000084400000, 0x0000000084400000|100%|HC|  |TS  0|AC  0|TAMS 0x0000000084300000, 0x0000000084300000|
|  48|0x0000000084400000, 0x0000000084500000, 0x0000000084500000|100%|HC|  |TS  0|AC  0|TAMS 0x0000000084400000, 0x0000000084400000|
|  49|0x0000000084500000, 0x0000000084600000, 0x0000000084600000|100%|HS|  |TS  0|AC  0|TAMS 0x0000000084500000, 0x0000000084500000|
|  50|0x0000000084600000, 0x0000000084700000, 0x0000000084700000|100%|HC|  |TS  0|AC  0|TAMS 0x0000000084600000, 0x0000000084600000|
|  51|0x0000000084700000, 0x0000000084800000, 0x0000000084800000|100%|HC|  |TS  0|AC  0|TAMS 0x0000000084700000, 0x0000000084700000|
|  52|0x0000000084800000, 0x0000000084900000, 0x0000000084900000|100%|HC|  |TS  0|AC  0|TAMS 0x0000000084800000, 0x0000000084800000|
|  53|0x0000000084900000, 0x0000000084979800, 0x0000000084a00000| 47%| O|  |TS  0|AC  0|TAMS 0x0000000084979800, 0x0000000084979800|
|  54|0x0000000084a00000, 0x0000000084a00000, 0x0000000084b00000|  0%| F|  |TS  0|AC  0|TAMS 0x0000000084a00000, 0x0000000084a00000|
|  55|0x0000000084b00000, 0x0000000084c00000, 0x0000000084c00000|100%|HS|  |TS  0|AC  0|TAMS 0x0000000084c00000, 0x0000000084c00000|
|  56|0x0000000084c00000, 0x0000000084d00000, 0x0000000084d00000|100%|HC|  |TS  0|AC  0|TAMS 0x0000000084d00000, 0x0000000084d00000|
|  57|0x0000000084d00000, 0x0000000084e00000, 0x0000000084e00000|100%|HC|  |TS  0|AC  0|TAMS 0x0000000084e00000, 0x0000000084e00000|
|  58|0x0000000084e00000, 0x0000000084f00000, 0x0000000084f00000|100%|HS|  |TS  0|AC  0|TAMS 0x0000000084e00000, 0x0000000084e00000|
|  59|0x0000000084f00000, 0x0000000085000000, 0x0000000085000000|100%|HC|  |TS  0|AC  0|TAMS 0x0000000084f00000, 0x0000000084f00000|
|  60|0x0000000085000000, 0x0000000085100000, 0x0000000085100000|100%|HC|  |TS  0|AC  0|TAMS 0x0000000085000000, 0x0000000085000000|
|  61|0x0000000085100000, 0x0000000085200000, 0x0000000085200000|100%|HC|  |TS  0|AC  0|TAMS 0x0000000085100000, 0x0000000085100000|
|  62|0x0000000085200000, 0x0000000085300000, 0x0000000085300000|100%|HS|  |TS  0|AC  0|TAMS 0x0000000085200000, 0x0000000085200000|
|  63|0x0000000085300000, 0x0000000085400000, 0x0000000085400000|100%|HC|  |TS  0|AC  0|TAMS 0x0000000085300000, 0x0000000085300000|
|  64|0x0000000085400000, 0x0000000085500000, 0x0000000085500000|100%|HC|  |TS  0|AC  0|TAMS 0x0000000085400000, 0x0000000085400000|
|  65|0x0000000085500000, 0x0000000085600000, 0x0000000085600000|100%|HC|  |TS  0|AC  0|TAMS 0x0000000085500000, 0x0000000085500000|
|  66|0x0000000085600000, 0x0000000085700000, 0x0000000085700000|100%|HS|  |TS  0|AC  0|TAMS 0x0000000085600000, 0x0000000085600000|
|  67|0x0000000085700000, 0x0000000085800000, 0x0000000085800000|100%|HC|  |TS  0|AC  0|TAMS 0x0000000085700000, 0x0000000085700000|
|  68|0x0000000085800000, 0x0000000085900000, 0x0000000085900000|100%|HC|  |TS  0|AC  0|TAMS 0x0000000085800000, 0x0000000085800000|
|  69|0x0000000085900000, 0x0000000085a00000, 0x0000000085a00000|100%|HC|  |TS  0|AC  0|TAMS 0x0000000085900000, 0x0000000085900000|
|  70|0x0000000085a00000, 0x0000000085b00000, 0x0000000085b00000|100%|HS|  |TS  0|AC  0|TAMS 0x0000000085a00000, 0x0000000085a00000|
|  71|0x0000000085b00000, 0x0000000085c00000, 0x0000000085c00000|100%|HC|  |TS  0|AC  0|TAMS 0x0000000085b00000, 0x0000000085b00000|
|  72|0x0000000085c00000, 0x0000000085d00000, 0x0000000085d00000|100%|HC|  |TS  0|AC  0|TAMS 0x0000000085c00000, 0x0000000085d00000|
|  73|0x0000000085d00000, 0x0000000085e00000, 0x0000000085e00000|100%|HC|  |TS  0|AC  0|TAMS 0x0000000085d00000, 0x0000000085e00000|
|  74|0x0000000085e00000, 0x0000000085f00000, 0x0000000085f00000|100%|HS|  |TS  0|AC  0|TAMS 0x0000000085e00000, 0x0000000085f00000|
|  75|0x0000000085f00000, 0x0000000086000000, 0x0000000086000000|100%|HC|  |TS  0|AC  0|TAMS 0x0000000085f00000, 0x0000000086000000|
|  76|0x0000000086000000, 0x0000000086100000, 0x0000000086100000|100%|HC|  |TS  0|AC  0|TAMS 0x0000000086000000, 0x0000000086100000|
|  77|0x0000000086100000, 0x0000000086200000, 0x0000000086200000|100%|HC|  |TS  0|AC  0|TAMS 0x0000000086100000, 0x0000000086200000|
|  78|0x0000000086200000, 0x0000000086300000, 0x0000000086300000|100%|HS|  |TS  0|AC  0|TAMS 0x0000000086200000, 0x0000000086300000|
|  79|0x0000000086300000, 0x0000000086400000, 0x0000000086400000|100%|HC|  |TS  0|AC  0|TAMS 0x0000000086300000, 0x0000000086400000|
|  80|0x0000000086400000, 0x0000000086500000, 0x0000000086500000|100%|HC|  |TS  0|AC  0|TAMS 0x0000000086400000, 0x0000000086500000|
|  81|0x0000000086500000, 0x0000000086600000, 0x0000000086600000|100%|HC|  |TS  0|AC  0|TAMS 0x0000000086500000, 0x0000000086600000|
|  82|0x0000000086600000, 0x0000000086700000, 0x0000000086700000|100%|HS|  |TS  0|AC  0|TAMS 0x0000000086700000, 0x0000000086700000|
|  83|0x0000000086700000, 0x0000000086800000, 0x0000000086800000|100%|HC|  |TS  0|AC  0|TAMS 0x0000000086800000, 0x0000000086800000|
|  84|0x0000000086800000, 0x0000000086900000, 0x0000000086900000|100%|HC|  |TS  0|AC  0|TAMS 0x0000000086900000, 0x0000000086900000|
|  85|0x0000000086900000, 0x0000000086a00000, 0x0000000086a00000|100%|HC|  |TS  0|AC  0|TAMS 0x0000000086a00000, 0x0000000086a00000|
|  86|0x0000000086a00000, 0x0000000086b00000, 0x0000000086b00000|100%|HS|  |TS  0|AC  0|TAMS 0x0000000086a00000, 0x0000000086b00000|
|  87|0x0000000086b00000, 0x0000000086c00000, 0x0000000086c00000|100%|HC|  |TS  0|AC  0|TAMS 0x0000000086b00000, 0x0000000086c00000|
|  88|0x0000000086c00000, 0x0000000086d00000, 0x0000000086d00000|100%|HC|  |TS  0|AC  0|TAMS 0x0000000086c00000, 0x0000000086d00000|
|  89|0x0000000086d00000, 0x0000000086e00000, 0x0000000086e00000|100%|HC|  |TS  0|AC  0|TAMS 0x0000000086d00000, 0x0000000086e00000|
|  90|0x0000000086e00000, 0x0000000086f00000, 0x0000000086f00000|100%|HS|  |TS  0|AC  0|TAMS 0x0000000086e00000, 0x0000000086f00000|
|  91|0x0000000086f00000, 0x0000000087000000, 0x0000000087000000|100%|HC|  |TS  0|AC  0|TAMS 0x0000000086f00000, 0x0000000087000000|
|  92|0x0000000087000000, 0x0000000087100000, 0x0000000087100000|100%|HC|  |TS  0|AC  0|TAMS 0x0000000087000000, 0x0000000087100000|
|  93|0x0000000087100000, 0x0000000087200000, 0x0000000087200000|100%|HC|  |TS  0|AC  0|TAMS 0x0000000087100000, 0x0000000087200000|
|  94|0x0000000087200000, 0x0000000087300000, 0x0000000087300000|100%|HS|  |TS  0|AC  0|TAMS 0x0000000087200000, 0x0000000087300000|
|  95|0x0000000087300000, 0x0000000087400000, 0x0000000087400000|100%|HC|  |TS  0|AC  0|TAMS 0x0000000087300000, 0x0000000087400000|
|  96|0x0000000087400000, 0x0000000087500000, 0x0000000087500000|100%|HC|  |TS  0|AC  0|TAMS 0x0000000087400000, 0x0000000087500000|
|  97|0x0000000087500000, 0x0000000087600000, 0x0000000087600000|100%|HC|  |TS  0|AC  0|TAMS 0x0000000087500000, 0x0000000087600000|
|  98|0x0000000087600000, 0x0000000087700000, 0x0000000087700000|100%|HS|  |TS  0|AC  0|TAMS 0x0000000087600000, 0x0000000087600000|
|  99|0x0000000087700000, 0x0000000087800000, 0x0000000087800000|100%|HC|  |TS  0|AC  0|TAMS 0x0000000087700000, 0x0000000087700000|
| 100|0x0000000087800000, 0x0000000087900000, 0x0000000087900000|100%|HC|  |TS  0|AC  0|TAMS 0x0000000087800000, 0x0000000087800000|
| 101|0x0000000087900000, 0x0000000087a00000, 0x0000000087a00000|100%|HC|  |TS  0|AC  0|TAMS 0x0000000087900000, 0x0000000087900000|
| 102|0x0000000087a00000, 0x0000000087a00000, 0x0000000087b00000|  0%| F|  |TS  0|AC  0|TAMS 0x0000000087a00000, 0x0000000087a00000|
| 103|0x0000000087b00000, 0x0000000087b00000, 0x0000000087c00000|  0%| F|  |TS  0|AC  0|TAMS 0x0000000087b00000, 0x0000000087b00000|
| 104|0x0000000087c00000, 0x0000000087c00000, 0x0000000087d00000|  0%| F|  |TS  0|AC  0|TAMS 0x0000000087c00000, 0x0000000087c00000|
| 105|0x0000000087d00000, 0x0000000087d00000, 0x0000000087e00000|  0%| F|  |TS  0|AC  0|TAMS 0x0000000087d00000, 0x0000000087d00000|
| 106|0x0000000087e00000, 0x0000000087e00000, 0x0000000087f00000|  0%| F|  |TS  0|AC  0|TAMS 0x0000000087e00000, 0x0000000087e00000|
| 107|0x0000000087f00000, 0x0000000087f00000, 0x0000000088000000|  0%| F|  |TS  0|AC  0|TAMS 0x0000000087f00000, 0x0000000087f00000|
| 108|0x0000000088000000, 0x0000000088000000, 0x0000000088100000|  0%| F|  |TS  0|AC  0|TAMS 0x0000000088000000, 0x0000000088000000|
| 109|0x0000000088100000, 0x0000000088100000, 0x0000000088200000|  0%| F|  |TS  0|AC  0|TAMS 0x0000000088100000, 0x0000000088100000|
| 110|0x0000000088200000, 0x0000000088200000, 0x0000000088300000|  0%| F|  |TS  0|AC  0|TAMS 0x0000000088200000, 0x0000000088200000|
| 111|0x0000000088300000, 0x0000000088300000, 0x0000000088400000|  0%| F|  |TS  0|AC  0|TAMS 0x0000000088300000, 0x0000000088300000|
| 112|0x0000000088400000, 0x0000000088400000, 0x0000000088500000|  0%| F|  |TS  0|AC  0|TAMS 0x0000000088400000, 0x0000000088400000|
| 113|0x0000000088500000, 0x0000000088500000, 0x0000000088600000|  0%| F|  |TS  0|AC  0|TAMS 0x0000000088500000, 0x0000000088500000|
| 114|0x0000000088600000, 0x0000000088700000, 0x0000000088700000|100%|HS|  |TS  0|AC  0|TAMS 0x0000000088600000, 0x0000000088700000|
| 115|0x0000000088700000, 0x0000000088800000, 0x0000000088800000|100%|HC|  |TS  0|AC  0|TAMS 0x0000000088700000, 0x0000000088800000|
| 116|0x0000000088800000, 0x0000000088900000, 0x0000000088900000|100%|HC|  |TS  0|AC  0|TAMS 0x0000000088800000, 0x0000000088900000|
| 117|0x0000000088900000, 0x0000000088a00000, 0x0000000088a00000|100%|HC|  |TS  0|AC  0|TAMS 0x0000000088900000, 0x0000000088a00000|
| 118|0x0000000088a00000, 0x0000000088a00000, 0x0000000088b00000|  0%| F|  |TS  0|AC  0|TAMS 0x0000000088a00000, 0x0000000088a00000|
| 119|0x0000000088b00000, 0x0000000088b00000, 0x0000000088c00000|  0%| F|  |TS  0|AC  0|TAMS 0x0000000088b00000, 0x0000000088b00000|
| 120|0x0000000088c00000, 0x0000000088c00000, 0x0000000088d00000|  0%| F|  |TS  0|AC  0|TAMS 0x0000000088c00000, 0x0000000088c00000|
| 121|0x0000000088d00000, 0x0000000088d00000, 0x0000000088e00000|  0%| F|  |TS  0|AC  0|TAMS 0x0000000088d00000, 0x0000000088d00000|
| 122|0x0000000088e00000, 0x0000000088e00000, 0x0000000088f00000|  0%| F|  |TS  0|AC  0|TAMS 0x0000000088e00000, 0x0000000088e00000|
| 123|0x0000000088f00000, 0x0000000088f00000, 0x0000000089000000|  0%| F|  |TS  0|AC  0|TAMS 0x0000000088f00000, 0x0000000088f00000|
| 124|0x0000000089000000, 0x0000000089000000, 0x0000000089100000|  0%| F|  |TS  0|AC  0|TAMS 0x0000000089000000, 0x0000000089000000|
| 125|0x0000000089100000, 0x0000000089100000, 0x0000000089200000|  0%| F|  |TS  0|AC  0|TAMS 0x0000000089100000, 0x0000000089100000|
| 126|0x0000000089200000, 0x0000000089200000, 0x0000000089300000|  0%| F|  |TS  0|AC  0|TAMS 0x0000000089200000, 0x0000000089200000|
| 127|0x0000000089300000, 0x0000000089300000, 0x0000000089400000|  0%| F|  |TS  0|AC  0|TAMS 0x0000000089300000, 0x0000000089300000|
| 128|0x0000000089400000, 0x0000000089400000, 0x0000000089500000|  0%| F|  |TS  0|AC  0|TAMS 0x0000000089400000, 0x0000000089400000|
| 129|0x0000000089500000, 0x0000000089500000, 0x0000000089600000|  0%| F|  |TS  0|AC  0|TAMS 0x0000000089500000, 0x0000000089500000|
| 130|0x0000000089600000, 0x0000000089600000, 0x0000000089700000|  0%| F|  |TS  0|AC  0|TAMS 0x0000000089600000, 0x0000000089600000|
| 131|0x0000000089700000, 0x0000000089700000, 0x0000000089800000|  0%| F|  |TS  0|AC  0|TAMS 0x0000000089700000, 0x0000000089700000|
| 132|0x0000000089800000, 0x0000000089800000, 0x0000000089900000|  0%| F|  |TS  0|AC  0|TAMS 0x0000000089800000, 0x0000000089800000|
| 133|0x0000000089900000, 0x0000000089900000, 0x0000000089a00000|  0%| F|  |TS  0|AC  0|TAMS 0x0000000089900000, 0x0000000089900000|
| 134|0x0000000089a00000, 0x0000000089a00000, 0x0000000089b00000|  0%| F|  |TS  0|AC  0|TAMS 0x0000000089a00000, 0x0000000089a00000|
| 135|0x0000000089b00000, 0x0000000089b00000, 0x0000000089c00000|  0%| F|  |TS  0|AC  0|TAMS 0x0000000089b00000, 0x0000000089b00000|
| 136|0x0000000089c00000, 0x0000000089c00000, 0x0000000089d00000|  0%| F|  |TS  0|AC  0|TAMS 0x0000000089c00000, 0x0000000089c00000|
| 137|0x0000000089d00000, 0x0000000089d00000, 0x0000000089e00000|  0%| F|  |TS  0|AC  0|TAMS 0x0000000089d00000, 0x0000000089d00000|
| 138|0x0000000089e00000, 0x0000000089e00000, 0x0000000089f00000|  0%| F|  |TS  0|AC  0|TAMS 0x0000000089e00000, 0x0000000089e00000|
| 139|0x0000000089f00000, 0x0000000089f00000, 0x000000008a000000|  0%| F|  |TS  0|AC  0|TAMS 0x0000000089f00000, 0x0000000089f00000|
| 140|0x000000008a000000, 0x000000008a000000, 0x000000008a100000|  0%| F|  |TS  0|AC  0|TAMS 0x000000008a000000, 0x000000008a000000|
| 141|0x000000008a100000, 0x000000008a100000, 0x000000008a200000|  0%| F|  |TS  0|AC  0|TAMS 0x000000008a100000, 0x000000008a100000|
| 142|0x000000008a200000, 0x000000008a200000, 0x000000008a300000|  0%| F|  |TS  0|AC  0|TAMS 0x000000008a200000, 0x000000008a200000|
| 143|0x000000008a300000, 0x000000008a300000, 0x000000008a400000|  0%| F|  |TS  0|AC  0|TAMS 0x000000008a300000, 0x000000008a300000|
| 144|0x000000008a400000, 0x000000008a400000, 0x000000008a500000|  0%| F|  |TS  0|AC  0|TAMS 0x000000008a400000, 0x000000008a400000|
| 145|0x000000008a500000, 0x000000008a500000, 0x000000008a600000|  0%| F|  |TS  0|AC  0|TAMS 0x000000008a500000, 0x000000008a500000|
| 146|0x000000008a600000, 0x000000008a600000, 0x000000008a700000|  0%| F|  |TS  0|AC  0|TAMS 0x000000008a600000, 0x000000008a600000|
| 147|0x000000008a700000, 0x000000008a700000, 0x000000008a800000|  0%| F|  |TS  0|AC  0|TAMS 0x000000008a700000, 0x000000008a700000|
| 148|0x000000008a800000, 0x000000008a800000, 0x000000008a900000|  0%| F|  |TS  0|AC  0|TAMS 0x000000008a800000, 0x000000008a800000|
| 149|0x000000008a900000, 0x000000008a900000, 0x000000008aa00000|  0%| F|  |TS  0|AC  0|TAMS 0x000000008a900000, 0x000000008a900000|
| 150|0x000000008aa00000, 0x000000008aa00000, 0x000000008ab00000|  0%| F|  |TS  0|AC  0|TAMS 0x000000008aa00000, 0x000000008aa00000|
| 151|0x000000008ab00000, 0x000000008ab00000, 0x000000008ac00000|  0%| F|  |TS  0|AC  0|TAMS 0x000000008ab00000, 0x000000008ab00000|
| 152|0x000000008ac00000, 0x000000008ac00000, 0x000000008ad00000|  0%| F|  |TS  0|AC  0|TAMS 0x000000008ac00000, 0x000000008ac00000|
| 153|0x000000008ad00000, 0x000000008ad00000, 0x000000008ae00000|  0%| F|  |TS  0|AC  0|TAMS 0x000000008ad00000, 0x000000008ad00000|
| 154|0x000000008ae00000, 0x000000008ae00000, 0x000000008af00000|  0%| F|  |TS  0|AC  0|TAMS 0x000000008ae00000, 0x000000008ae00000|
| 155|0x000000008af00000, 0x000000008af00000, 0x000000008b000000|  0%| F|  |TS  0|AC  0|TAMS 0x000000008af00000, 0x000000008af00000|
| 156|0x000000008b000000, 0x000000008b000000, 0x000000008b100000|  0%| F|  |TS  0|AC  0|TAMS 0x000000008b000000, 0x000000008b000000|
| 157|0x000000008b100000, 0x000000008b100000, 0x000000008b200000|  0%| F|  |TS  0|AC  0|TAMS 0x000000008b100000, 0x000000008b100000|
| 158|0x000000008b200000, 0x000000008b200000, 0x000000008b300000|  0%| F|  |TS  0|AC  0|TAMS 0x000000008b200000, 0x000000008b200000|
| 159|0x000000008b300000, 0x000000008b300000, 0x000000008b400000|  0%| F|  |TS  0|AC  0|TAMS 0x000000008b300000, 0x000000008b300000|
| 160|0x000000008b400000, 0x000000008b400000, 0x000000008b500000|  0%| F|  |TS  0|AC  0|TAMS 0x000000008b400000, 0x000000008b400000|
| 161|0x000000008b500000, 0x000000008b500000, 0x000000008b600000|  0%| F|  |TS  0|AC  0|TAMS 0x000000008b500000, 0x000000008b500000|
| 162|0x000000008b600000, 0x000000008b600000, 0x000000008b700000|  0%| F|  |TS  0|AC  0|TAMS 0x000000008b600000, 0x000000008b600000|
| 163|0x000000008b700000, 0x000000008b700000, 0x000000008b800000|  0%| F|  |TS  0|AC  0|TAMS 0x000000008b700000, 0x000000008b700000|
| 164|0x000000008b800000, 0x000000008b800000, 0x000000008b900000|  0%| F|  |TS  0|AC  0|TAMS 0x000000008b800000, 0x000000008b800000|
| 165|0x000000008b900000, 0x000000008b900000, 0x000000008ba00000|  0%| F|  |TS  0|AC  0|TAMS 0x000000008b900000, 0x000000008b900000|
| 166|0x000000008ba00000, 0x000000008ba00000, 0x000000008bb00000|  0%| F|  |TS  0|AC  0|TAMS 0x000000008ba00000, 0x000000008ba00000|
| 167|0x000000008bb00000, 0x000000008bb00000, 0x000000008bc00000|  0%| F|  |TS  0|AC  0|TAMS 0x000000008bb00000, 0x000000008bb00000|
| 168|0x000000008bc00000, 0x000000008bc00000, 0x000000008bd00000|  0%| F|  |TS  0|AC  0|TAMS 0x000000008bc00000, 0x000000008bc00000|
| 169|0x000000008bd00000, 0x000000008bd00000, 0x000000008be00000|  0%| F|  |TS  0|AC  0|TAMS 0x000000008bd00000, 0x000000008bd00000|
| 170|0x000000008be00000, 0x000000008be00000, 0x000000008bf00000|  0%| F|  |TS  0|AC  0|TAMS 0x000000008be00000, 0x000000008be00000|
| 171|0x000000008bf00000, 0x000000008bf00000, 0x000000008c000000|  0%| F|  |TS  0|AC  0|TAMS 0x000000008bf00000, 0x000000008bf00000|
| 172|0x000000008c000000, 0x000000008c000000, 0x000000008c100000|  0%| F|  |TS  0|AC  0|TAMS 0x000000008c000000, 0x000000008c000000|
| 173|0x000000008c100000, 0x000000008c100000, 0x000000008c200000|  0%| F|  |TS  0|AC  0|TAMS 0x000000008c100000, 0x000000008c100000|
| 174|0x000000008c200000, 0x000000008c200000, 0x000000008c300000|  0%| F|  |TS  0|AC  0|TAMS 0x000000008c200000, 0x000000008c200000|
| 175|0x000000008c300000, 0x000000008c300000, 0x000000008c400000|  0%| F|  |TS  0|AC  0|TAMS 0x000000008c300000, 0x000000008c300000|
| 176|0x000000008c400000, 0x000000008c400000, 0x000000008c500000|  0%| F|  |TS  0|AC  0|TAMS 0x000000008c400000, 0x000000008c400000|
| 177|0x000000008c500000, 0x000000008c500000, 0x000000008c600000|  0%| F|  |TS  0|AC  0|TAMS 0x000000008c500000, 0x000000008c500000|
| 178|0x000000008c600000, 0x000000008c600000, 0x000000008c700000|  0%| F|  |TS  0|AC  0|TAMS 0x000000008c600000, 0x000000008c600000|
| 179|0x000000008c700000, 0x000000008c700000, 0x000000008c800000|  0%| F|  |TS  0|AC  0|TAMS 0x000000008c700000, 0x000000008c700000|
| 180|0x000000008c800000, 0x000000008c800000, 0x000000008c900000|  0%| F|  |TS  0|AC  0|TAMS 0x000000008c800000, 0x000000008c800000|
| 181|0x000000008c900000, 0x000000008c900000, 0x000000008ca00000|  0%| F|  |TS  0|AC  0|TAMS 0x000000008c900000, 0x000000008c900000|
| 182|0x000000008ca00000, 0x000000008ca00000, 0x000000008cb00000|  0%| F|  |TS  0|AC  0|TAMS 0x000000008ca00000, 0x000000008ca00000|
| 183|0x000000008cb00000, 0x000000008cb00000, 0x000000008cc00000|  0%| F|  |TS  0|AC  0|TAMS 0x000000008cb00000, 0x000000008cb00000|
| 184|0x000000008cc00000, 0x000000008cc00000, 0x000000008cd00000|  0%| F|  |TS  0|AC  0|TAMS 0x000000008cc00000, 0x000000008cc00000|
| 185|0x000000008cd00000, 0x000000008cd00000, 0x000000008ce00000|  0%| F|  |TS  0|AC  0|TAMS 0x000000008cd00000, 0x000000008cd00000|
| 186|0x000000008ce00000, 0x000000008ce00000, 0x000000008cf00000|  0%| F|  |TS  0|AC  0|TAMS 0x000000008ce00000, 0x000000008ce00000|
| 187|0x000000008cf00000, 0x000000008cf00000, 0x000000008d000000|  0%| F|  |TS  0|AC  0|TAMS 0x000000008cf00000, 0x000000008cf00000|
| 188|0x000000008d000000, 0x000000008d000000, 0x000000008d100000|  0%| F|  |TS  0|AC  0|TAMS 0x000000008d000000, 0x000000008d000000|
| 189|0x000000008d100000, 0x000000008d100000, 0x000000008d200000|  0%| F|  |TS  0|AC  0|TAMS 0x000000008d100000, 0x000000008d100000|
| 190|0x000000008d200000, 0x000000008d200000, 0x000000008d300000|  0%| F|  |TS  0|AC  0|TAMS 0x000000008d200000, 0x000000008d200000|
| 191|0x000000008d300000, 0x000000008d300000, 0x000000008d400000|  0%| F|  |TS  0|AC  0|TAMS 0x000000008d300000, 0x000000008d300000|
| 192|0x000000008d400000, 0x000000008d400000, 0x000000008d500000|  0%| F|  |TS  0|AC  0|TAMS 0x000000008d400000, 0x000000008d400000|
| 193|0x000000008d500000, 0x000000008d500000, 0x000000008d600000|  0%| F|  |TS  0|AC  0|TAMS 0x000000008d500000, 0x000000008d500000|
| 194|0x000000008d600000, 0x000000008d600000, 0x000000008d700000|  0%| F|  |TS  0|AC  0|TAMS 0x000000008d600000, 0x000000008d600000|
| 195|0x000000008d700000, 0x000000008d700000, 0x000000008d800000|  0%| F|  |TS  0|AC  0|TAMS 0x000000008d700000, 0x000000008d700000|
| 196|0x000000008d800000, 0x000000008d800000, 0x000000008d900000|  0%| F|  |TS  0|AC  0|TAMS 0x000000008d800000, 0x000000008d800000|
| 197|0x000000008d900000, 0x000000008d900000, 0x000000008da00000|  0%| F|  |TS  0|AC  0|TAMS 0x000000008d900000, 0x000000008d900000|
| 198|0x000000008da00000, 0x000000008da00000, 0x000000008db00000|  0%| F|  |TS  0|AC  0|TAMS 0x000000008da00000, 0x000000008da00000|
| 199|0x000000008db00000, 0x000000008db00000, 0x000000008dc00000|  0%| F|  |TS  0|AC  0|TAMS 0x000000008db00000, 0x000000008db00000|
| 200|0x000000008dc00000, 0x000000008dc00000, 0x000000008dd00000|  0%| F|  |TS  0|AC  0|TAMS 0x000000008dc00000, 0x000000008dc00000|
| 201|0x000000008dd00000, 0x000000008dd00000, 0x000000008de00000|  0%| F|  |TS  0|AC  0|TAMS 0x000000008dd00000, 0x000000008dd00000|
| 202|0x000000008de00000, 0x000000008de00000, 0x000000008df00000|  0%| F|  |TS  0|AC  0|TAMS 0x000000008de00000, 0x000000008de00000|
| 203|0x000000008df00000, 0x000000008df00000, 0x000000008e000000|  0%| F|  |TS  0|AC  0|TAMS 0x000000008df00000, 0x000000008df00000|
| 204|0x000000008e000000, 0x000000008e000000, 0x000000008e100000|  0%| F|  |TS  0|AC  0|TAMS 0x000000008e000000, 0x000000008e000000|
| 205|0x000000008e100000, 0x000000008e100000, 0x000000008e200000|  0%| F|  |TS  0|AC  0|TAMS 0x000000008e100000, 0x000000008e100000|
| 206|0x000000008e200000, 0x000000008e200000, 0x000000008e300000|  0%| F|  |TS  0|AC  0|TAMS 0x000000008e200000, 0x000000008e200000|
| 207|0x000000008e300000, 0x000000008e300000, 0x000000008e400000|  0%| F|  |TS  0|AC  0|TAMS 0x000000008e300000, 0x000000008e300000|
| 208|0x000000008e400000, 0x000000008e400000, 0x000000008e500000|  0%| F|  |TS  0|AC  0|TAMS 0x000000008e400000, 0x000000008e400000|
| 209|0x000000008e500000, 0x000000008e500000, 0x000000008e600000|  0%| F|  |TS  0|AC  0|TAMS 0x000000008e500000, 0x000000008e500000|
| 210|0x000000008e600000, 0x000000008e600000, 0x000000008e700000|  0%| F|  |TS  0|AC  0|TAMS 0x000000008e600000, 0x000000008e600000|
| 211|0x000000008e700000, 0x000000008e700000, 0x000000008e800000|  0%| F|  |TS  0|AC  0|TAMS 0x000000008e700000, 0x000000008e700000|
| 212|0x000000008e800000, 0x000000008e800000, 0x000000008e900000|  0%| F|  |TS  0|AC  0|TAMS 0x000000008e800000, 0x000000008e800000|
| 213|0x000000008e900000, 0x000000008e900000, 0x000000008ea00000|  0%| F|  |TS  0|AC  0|TAMS 0x000000008e900000, 0x000000008e900000|
| 214|0x000000008ea00000, 0x000000008ea00000, 0x000000008eb00000|  0%| F|  |TS  0|AC  0|TAMS 0x000000008ea00000, 0x000000008ea00000|
| 215|0x000000008eb00000, 0x000000008eb00000, 0x000000008ec00000|  0%| F|  |TS  0|AC  0|TAMS 0x000000008eb00000, 0x000000008eb00000|
| 216|0x000000008ec00000, 0x000000008ec00000, 0x000000008ed00000|  0%| F|  |TS  0|AC  0|TAMS 0x000000008ec00000, 0x000000008ec00000|
| 217|0x000000008ed00000, 0x000000008ed00000, 0x000000008ee00000|  0%| F|  |TS  0|AC  0|TAMS 0x000000008ed00000, 0x000000008ed00000|
| 218|0x000000008ee00000, 0x000000008ee00000, 0x000000008ef00000|  0%| F|  |TS  0|AC  0|TAMS 0x000000008ee00000, 0x000000008ee00000|
| 219|0x000000008ef00000, 0x000000008ef00000, 0x000000008f000000|  0%| F|  |TS  0|AC  0|TAMS 0x000000008ef00000, 0x000000008ef00000|
| 220|0x000000008f000000, 0x000000008f000000, 0x000000008f100000|  0%| F|  |TS  0|AC  0|TAMS 0x000000008f000000, 0x000000008f000000|
| 221|0x000000008f100000, 0x000000008f100000, 0x000000008f200000|  0%| F|  |TS  0|AC  0|TAMS 0x000000008f100000, 0x000000008f100000|
| 222|0x000000008f200000, 0x000000008f200000, 0x000000008f300000|  0%| F|  |TS  0|AC  0|TAMS 0x000000008f200000, 0x000000008f200000|
| 223|0x000000008f300000, 0x000000008f300000, 0x000000008f400000|  0%| F|  |TS  0|AC  0|TAMS 0x000000008f300000, 0x000000008f300000|
| 224|0x000000008f400000, 0x000000008f400000, 0x000000008f500000|  0%| F|  |TS  0|AC  0|TAMS 0x000000008f400000, 0x000000008f400000|
| 225|0x000000008f500000, 0x000000008f500000, 0x000000008f600000|  0%| F|  |TS  0|AC  0|TAMS 0x000000008f500000, 0x000000008f500000|
| 226|0x000000008f600000, 0x000000008f600000, 0x000000008f700000|  0%| F|  |TS  0|AC  0|TAMS 0x000000008f600000, 0x000000008f600000|
| 227|0x000000008f700000, 0x000000008f700000, 0x000000008f800000|  0%| F|  |TS  0|AC  0|TAMS 0x000000008f700000, 0x000000008f700000|
| 228|0x000000008f800000, 0x000000008f802850, 0x000000008f900000|  0%| S|CS|TS  1|AC  0|TAMS 0x000000008f800000, 0x000000008f800000|
| 229|0x000000008f900000, 0x000000008f900000, 0x000000008fa00000|  0%| F|  |TS  1|AC  0|TAMS 0x000000008f900000, 0x000000008f900000|
| 230|0x000000008fa00000, 0x000000008fa00000, 0x000000008fb00000|  0%| F|  |TS  1|AC  0|TAMS 0x000000008fa00000, 0x000000008fa00000|
| 231|0x000000008fb00000, 0x000000008fb4e098, 0x000000008fc00000| 30%| E|  |TS  1|AC  0|TAMS 0x000000008fb00000, 0x000000008fb00000|
| 232|0x000000008fc00000, 0x000000008fd00000, 0x000000008fd00000|100%| E|CS|TS  1|AC  0|TAMS 0x000000008fc00000, 0x000000008fc00000|

Card table byte_map: [0x000002ccb8120000,0x000002ccb8520000] byte_map_base: 0x000002ccb7d16000

Marking Bits (Prev, Next): (CMBitMap*) 0x000002cc9da1a7b0, (CMBitMap*) 0x000002cc9da1a7e8
 Prev Bits: [0x000002ccb8920000, 0x000002ccba8d0000)
 Next Bits: [0x000002ccba8d0000, 0x000002ccbc880000)

Polling page: 0x000002cc9b8f0000

CodeHeap 'non-profiled nmethods': size=120064Kb used=680Kb max_used=705Kb free=119383Kb
 bounds [0x000002ccb07e0000, 0x000002ccb0a50000, 0x000002ccb7d20000]
CodeHeap 'profiled nmethods': size=120000Kb used=2308Kb max_used=2525Kb free=117691Kb
 bounds [0x000002cca92b0000, 0x000002cca9530000, 0x000002ccb07e0000]
CodeHeap 'non-nmethods': size=5696Kb used=1193Kb max_used=1225Kb free=4502Kb
 bounds [0x000002cca8d20000, 0x000002cca8f90000, 0x000002cca92b0000]
 total_blobs=2312 nmethods=1333 adapters=460
 compilation: enabled

Compilation events (10 events):
Event: 9.579 Thread 0x000002ccbed93000 1462       1       jdk.internal.logger.SurrogateLogger::defaultPlatformLevel (4 bytes)
Event: 9.581 Thread 0x000002ccbed93000 nmethod 1462 0x000002ccb0834f90 code [0x000002ccb0835140, 0x000002ccb0835258]
Event: 9.688 Thread 0x000002ccbed8a000 1463       4       java.security.AccessControlContext::optimize (318 bytes)
Event: 9.705 Thread 0x000002ccbed8a000 nmethod 1463 0x000002ccb083a410 code [0x000002ccb083a5e0, 0x000002ccb083aad0]
Event: 9.840 Thread 0x000002ccbf702800 1464       4       sun.java2d.SunGraphics2D::setColor (108 bytes)
Event: 9.849 Thread 0x000002ccbf702800 nmethod 1464 0x000002ccb0839a90 code [0x000002ccb0839c60, 0x000002ccb083a0b8]
Event: 10.745 Thread 0x000002ccbed8a000 1465   !   4       sun.awt.AppContext::get (123 bytes)
Event: 10.777 Thread 0x000002ccbf702800 1466       4       java.awt.Rectangle::intersects (148 bytes)
Event: 10.781 Thread 0x000002ccbf702800 nmethod 1466 0x000002ccb0839590 code [0x000002ccb0839720, 0x000002ccb08398d8]
Event: 10.813 Thread 0x000002ccbed8a000 nmethod 1465 0x000002ccb0849c10 code [0x000002ccb0849e00, 0x000002ccb084ad08]

GC Heap History (10 events):
Event: 10.631 GC heap before
{Heap before GC invocations=134 (full 0):
 garbage-first heap   total 238592K, used 104944K [0x0000000081400000, 0x0000000100000000)
  region size 1024K, 4 young (4096K), 1 survivors (1024K)
 Metaspace       used 14592K, capacity 14969K, committed 15232K, reserved 1062912K
  class space    used 1412K, capacity 1597K, committed 1664K, reserved 1048576K
}
Event: 10.633 GC heap after
{Heap after GC invocations=135 (full 0):
 garbage-first heap   total 238592K, used 102898K [0x0000000081400000, 0x0000000100000000)
  region size 1024K, 1 young (1024K), 1 survivors (1024K)
 Metaspace       used 14592K, capacity 14969K, committed 15232K, reserved 1062912K
  class space    used 1412K, capacity 1597K, committed 1664K, reserved 1048576K
}
Event: 10.759 GC heap before
{Heap before GC invocations=136 (full 0):
 garbage-first heap   total 238592K, used 104946K [0x0000000081400000, 0x0000000100000000)
  region size 1024K, 4 young (4096K), 1 survivors (1024K)
 Metaspace       used 14592K, capacity 14969K, committed 15232K, reserved 1062912K
  class space    used 1412K, capacity 1597K, committed 1664K, reserved 1048576K
}
Event: 10.760 GC heap after
{Heap after GC invocations=137 (full 0):
 garbage-first heap   total 238592K, used 102898K [0x0000000081400000, 0x0000000100000000)
  region size 1024K, 1 young (1024K), 1 survivors (1024K)
 Metaspace       used 14592K, capacity 14969K, committed 15232K, reserved 1062912K
  class space    used 1412K, capacity 1597K, committed 1664K, reserved 1048576K
}
Event: 10.761 GC heap before
{Heap before GC invocations=137 (full 0):
 garbage-first heap   total 238592K, used 106994K [0x0000000081400000, 0x0000000100000000)
  region size 1024K, 1 young (1024K), 1 survivors (1024K)
 Metaspace       used 14592K, capacity 14969K, committed 15232K, reserved 1062912K
  class space    used 1412K, capacity 1597K, committed 1664K, reserved 1048576K
}
Event: 10.762 GC heap after
{Heap after GC invocations=138 (full 0):
 garbage-first heap   total 238592K, used 20972K [0x0000000081400000, 0x0000000100000000)
  region size 1024K, 1 young (1024K), 1 survivors (1024K)
 Metaspace       used 14592K, capacity 14969K, committed 15232K, reserved 1062912K
  class space    used 1412K, capacity 1597K, committed 1664K, reserved 1048576K
}
Event: 10.905 GC heap before
{Heap before GC invocations=139 (full 0):
 garbage-first heap   total 238592K, used 104940K [0x0000000081400000, 0x0000000100000000)
  region size 1024K, 4 young (4096K), 1 survivors (1024K)
 Metaspace       used 14592K, capacity 14969K, committed 15232K, reserved 1062912K
  class space    used 1412K, capacity 1597K, committed 1664K, reserved 1048576K
}
Event: 10.906 GC heap after
{Heap after GC invocations=140 (full 0):
 garbage-first heap   total 238592K, used 102894K [0x0000000081400000, 0x0000000100000000)
  region size 1024K, 1 young (1024K), 1 survivors (1024K)
 Metaspace       used 14592K, capacity 14969K, committed 15232K, reserved 1062912K
  class space    used 1412K, capacity 1597K, committed 1664K, reserved 1048576K
}
Event: 11.050 GC heap before
{Heap before GC invocations=141 (full 0):
 garbage-first heap   total 238592K, used 104942K [0x0000000081400000, 0x0000000100000000)
  region size 1024K, 4 young (4096K), 1 survivors (1024K)
 Metaspace       used 14592K, capacity 14969K, committed 15232K, reserved 1062912K
  class space    used 1412K, capacity 1597K, committed 1664K, reserved 1048576K
}
Event: 11.051 GC heap after
{Heap after GC invocations=142 (full 0):
 garbage-first heap   total 238592K, used 102898K [0x0000000081400000, 0x0000000100000000)
  region size 1024K, 1 young (1024K), 1 survivors (1024K)
 Metaspace       used 14592K, capacity 14969K, committed 15232K, reserved 1062912K
  class space    used 1412K, capacity 1597K, committed 1664K, reserved 1048576K
}

Deoptimization events (10 events):
Event: 0.374 Thread 0x000002cc9d992800 Uncommon trap: reason=unstable_if action=reinterpret pc=0x000002ccb07f1198 method=java.lang.String.charAt(I)C @ 4 c2
Event: 0.613 Thread 0x000002cc9d992800 Uncommon trap: reason=unstable_if action=reinterpret pc=0x000002ccb0806a18 method=java.lang.StringLatin1.replace([BCC)Ljava/lang/String; @ 19 c2
Event: 0.956 Thread 0x000002cc9d992800 Uncommon trap: reason=unstable_fused_if action=reinterpret pc=0x000002ccb07eff74 method=java.util.HashMap.resize()[Ljava/util/HashMap$Node; @ 31 c2
Event: 1.323 Thread 0x000002ccbfa31800 Uncommon trap: reason=class_check action=maybe_recompile pc=0x000002ccb081c2d4 method=java.util.HashMap.putVal(ILjava/lang/Object;Ljava/lang/Object;ZZ)Ljava/lang/Object; @ 91 c2
Event: 1.323 Thread 0x000002ccbfa31800 Uncommon trap: reason=class_check action=maybe_recompile pc=0x000002ccb081c2d4 method=java.util.HashMap.putVal(ILjava/lang/Object;Ljava/lang/Object;ZZ)Ljava/lang/Object; @ 91 c2
Event: 1.708 Thread 0x000002ccc1798800 Uncommon trap: reason=unstable_if action=reinterpret pc=0x000002ccb083a410 method=java.lang.ref.ReferenceQueue.poll()Ljava/lang/ref/Reference; @ 4 c2
Event: 1.812 Thread 0x000002cc9d992800 Uncommon trap: reason=unstable_if action=reinterpret pc=0x000002ccb083437c method=java.lang.AbstractStringBuilder.append(Ljava/lang/String;)Ljava/lang/AbstractStringBuilder; @ 1 c2
Event: 2.057 Thread 0x000002cc9d992800 Uncommon trap: reason=unstable_if action=reinterpret pc=0x000002ccb0835b78 method=java.lang.ref.ReferenceQueue.poll()Ljava/lang/ref/Reference; @ 4 c2
Event: 2.235 Thread 0x000002ccbfa22000 Uncommon trap: reason=unstable_if action=reinterpret pc=0x000002ccb0849440 method=java.awt.image.ReplicateScaleFilter.setPixels(IIIILjava/awt/image/ColorModel;[BII)V @ 4 c2
Event: 2.310 Thread 0x000002ccbfa22000 Uncommon trap: reason=unstable_if action=reinterpret pc=0x000002ccb0859490 method=java.awt.image.ReplicateScaleFilter.setPixels(IIIILjava/awt/image/ColorModel;[BII)V @ 187 c2

Classes redefined (0 events):
No events

Internal exceptions (10 events):
Event: 1.714 Thread 0x000002ccc1798800 Exception <a 'java/lang/NoSuchMethodError'{0x000000008921a3b0}: java.lang.invoke.DirectMethodHandle$Holder.invokeStatic(Ljava/lang/Object;Ljava/lang/Object;Ljava/lang/Object;Ljava/lang/Object;Ljava/lang/Object;Ljava/lang/Object;Ljava/lang/Object;Ljava/lan
Event: 1.812 Thread 0x000002cc9d992800 Implicit null exception at 0x000002ccb0833df4 to 0x000002ccb0834362
Event: 1.813 Thread 0x000002cc9d992800 Exception <a 'java/io/FileNotFoundException'{0x0000000088d308a8}> (0x0000000088d308a8) thrown at [t:/workspace/open/src/hotspot/share/prims/jni.cpp, line 611]
Event: 1.843 Thread 0x000002cc9d992800 Exception <a 'java/io/FileNotFoundException'{0x0000000088d42450}> (0x0000000088d42450) thrown at [t:/workspace/open/src/hotspot/share/prims/jni.cpp, line 611]
Event: 1.844 Thread 0x000002cc9d992800 Exception <a 'java/io/FileNotFoundException'{0x0000000088d50a40}> (0x0000000088d50a40) thrown at [t:/workspace/open/src/hotspot/share/prims/jni.cpp, line 611]
Event: 1.872 Thread 0x000002cc9d992800 Exception <a 'java/io/FileNotFoundException'{0x0000000088d62158}> (0x0000000088d62158) thrown at [t:/workspace/open/src/hotspot/share/prims/jni.cpp, line 611]
Event: 2.201 Thread 0x000002ccbfa22000 Exception <a 'java/lang/InterruptedException'{0x000000008938d4f0}: sleep interrupted> (0x000000008938d4f0) thrown at [t:/workspace/open/src/hotspot/share/prims/jvm.cpp, line 3034]
Event: 2.235 Thread 0x000002ccbfa22000 Implicit null exception at 0x000002ccb0845463 to 0x000002ccb08493e2
Event: 2.235 Thread 0x000002ccc02b7800 Exception <a 'java/lang/InterruptedException'{0x000000008921f138}: sleep interrupted> (0x000000008921f138) thrown at [t:/workspace/open/src/hotspot/share/prims/jvm.cpp, line 3034]
Event: 2.254 Thread 0x000002ccc0248800 Exception <a 'java/lang/InterruptedException'{0x00000000893179f0}: sleep interrupted> (0x00000000893179f0) thrown at [t:/workspace/open/src/hotspot/share/prims/jvm.cpp, line 3034]

Events (10 events):
Event: 10.791 Executing VM operation: CGC_Operation
Event: 10.792 Executing VM operation: CGC_Operation done
Event: 10.905 Executing VM operation: G1IncCollectionPause
Event: 10.906 Executing VM operation: G1IncCollectionPause done
Event: 10.914 Executing VM operation: CGC_Operation
Event: 10.919 Executing VM operation: CGC_Operation done
Event: 10.922 Executing VM operation: CGC_Operation
Event: 10.922 Executing VM operation: CGC_Operation done
Event: 11.050 Executing VM operation: G1IncCollectionPause
Event: 11.051 Executing VM operation: G1IncCollectionPause done


Dynamic libraries:
0x00007ff603ec0000 - 0x00007ff603efe000 	C:\Program Files\Java\jdk-10.0.2\bin\java.exe
0x00007fffa63c0000 - 0x00007fffa65a1000 	C:\WINDOWS\SYSTEM32\ntdll.dll
0x00007fffa45f0000 - 0x00007fffa46a2000 	C:\WINDOWS\System32\KERNEL32.DLL
0x00007fffa3570000 - 0x00007fffa37e3000 	C:\WINDOWS\System32\KERNELBASE.dll
0x00007fffa5b50000 - 0x00007fffa5bf1000 	C:\WINDOWS\System32\ADVAPI32.dll
0x00007fffa3d40000 - 0x00007fffa3dde000 	C:\WINDOWS\System32\msvcrt.dll
0x00007fffa46b0000 - 0x00007fffa470b000 	C:\WINDOWS\System32\sechost.dll
0x00007fffa3de0000 - 0x00007fffa3f04000 	C:\WINDOWS\System32\RPCRT4.dll
0x00007fffa3bb0000 - 0x00007fffa3d40000 	C:\WINDOWS\System32\USER32.dll
0x00007fffa2e40000 - 0x00007fffa2e60000 	C:\WINDOWS\System32\win32u.dll
0x00007fffa3f10000 - 0x00007fffa3f38000 	C:\WINDOWS\System32\GDI32.dll
0x00007fffa2910000 - 0x00007fffa2aa2000 	C:\WINDOWS\System32\gdi32full.dll
0x00007fffa2d50000 - 0x00007fffa2def000 	C:\WINDOWS\System32\msvcp_win.dll
0x00007fffa2810000 - 0x00007fffa290a000 	C:\WINDOWS\System32\ucrtbase.dll
0x00007fff97990000 - 0x00007fff97bf9000 	C:\WINDOWS\WinSxS\amd64_microsoft.windows.common-controls_6595b64144ccf1df_6.0.17134.345_none_fb429a5930656358\COMCTL32.dll
0x00007fffa3880000 - 0x00007fffa3ba3000 	C:\WINDOWS\System32\combase.dll
0x00007fffa0780000 - 0x00007fffa078a000 	C:\WINDOWS\SYSTEM32\VERSION.dll
0x00007fffa2790000 - 0x00007fffa280a000 	C:\WINDOWS\System32\bcryptPrimitives.dll
0x00007fffa3850000 - 0x00007fffa387d000 	C:\WINDOWS\System32\IMM32.DLL
0x00007fff81a40000 - 0x00007fff81b2f000 	C:\Program Files\Java\jdk-10.0.2\bin\msvcr120.dll
0x00007fff81c80000 - 0x00007fff81d26000 	C:\Program Files\Java\jdk-10.0.2\bin\msvcp120.dll
0x000000006fa40000 - 0x00000000704b0000 	C:\Program Files\Java\jdk-10.0.2\bin\server\jvm.dll
0x00007fffa6380000 - 0x00007fffa6388000 	C:\WINDOWS\System32\PSAPI.DLL
0x00007fffa0870000 - 0x00007fffa0879000 	C:\WINDOWS\SYSTEM32\WSOCK32.dll
0x00007fffa4580000 - 0x00007fffa45ec000 	C:\WINDOWS\System32\WS2_32.dll
0x00007fff9f030000 - 0x00007fff9f053000 	C:\WINDOWS\SYSTEM32\WINMM.dll
0x00007fff9f000000 - 0x00007fff9f02a000 	C:\WINDOWS\SYSTEM32\WINMMBASE.dll
0x00007fffa2df0000 - 0x00007fffa2e39000 	C:\WINDOWS\System32\cfgmgr32.dll
0x00007fffa0fb0000 - 0x00007fffa0fbf000 	C:\Program Files\Java\jdk-10.0.2\bin\verify.dll
0x00007fffa2220000 - 0x00007fffa23e9000 	C:\WINDOWS\SYSTEM32\DBGHELP.DLL
0x00007fffa2150000 - 0x00007fffa2179000 	C:\WINDOWS\SYSTEM32\dbgcore.DLL
0x00007fffa0b10000 - 0x00007fffa0b37000 	C:\Program Files\Java\jdk-10.0.2\bin\java.dll
0x00007fff93840000 - 0x00007fff9386a000 	C:\Program Files\Java\jdk-10.0.2\bin\instrument.dll
0x00007fff96fa0000 - 0x00007fff96fb6000 	C:\Program Files\Java\jdk-10.0.2\bin\zip.dll
0x00007fffa0e10000 - 0x00007fffa0e1a000 	C:\Program Files\Java\jdk-10.0.2\bin\jimage.dll
0x00007fffa4710000 - 0x00007fffa5b4f000 	C:\WINDOWS\System32\SHELL32.dll
0x00007fffa3f40000 - 0x00007fffa3fe9000 	C:\WINDOWS\System32\shcore.dll
0x00007fffa2e60000 - 0x00007fffa356d000 	C:\WINDOWS\System32\windows.storage.dll
0x00007fffa6320000 - 0x00007fffa6371000 	C:\WINDOWS\System32\shlwapi.dll
0x00007fffa26d0000 - 0x00007fffa26e1000 	C:\WINDOWS\System32\kernel.appcore.dll
0x00007fffa26f0000 - 0x00007fffa270f000 	C:\WINDOWS\System32\profapi.dll
0x00007fffa2710000 - 0x00007fffa275c000 	C:\WINDOWS\System32\powrprof.dll
0x00007fffa2780000 - 0x00007fffa278a000 	C:\WINDOWS\System32\FLTLIB.DLL
0x00007fff96e10000 - 0x00007fff96e2a000 	C:\Program Files\Java\jdk-10.0.2\bin\net.dll
0x00007fff98570000 - 0x00007fff9864c000 	C:\WINDOWS\SYSTEM32\WINHTTP.dll
0x00007fffa1b90000 - 0x00007fffa1bf6000 	C:\WINDOWS\system32\mswsock.dll
0x00007fff96d70000 - 0x00007fff96d81000 	C:\Program Files\Java\jdk-10.0.2\bin\nio.dll
0x00007fff93820000 - 0x00007fff9383a000 	C:\Program Files\JetBrains\IntelliJ IDEA 2018.2.1\bin\breakgen64.dll
0x00007fff746a0000 - 0x00007fff7483b000 	C:\Program Files\Java\jdk-10.0.2\bin\awt.dll
0x00007fffa4000000 - 0x00007fffa40c2000 	C:\WINDOWS\System32\OLEAUT32.dll
0x00007fff9e2e0000 - 0x00007fff9e8a7000 	C:\WINDOWS\SYSTEM32\d2d1.dll
0x00007fff9f250000 - 0x00007fff9f2db000 	C:\WINDOWS\SYSTEM32\apphelp.dll
0x00007fff9fc10000 - 0x00007fff9fc39000 	C:\WINDOWS\system32\DWMAPI.DLL
0x00007fff9f7b0000 - 0x00007fff9f848000 	C:\WINDOWS\system32\uxtheme.dll
0x00007fff80db0000 - 0x00007fff80ed0000 	C:\WINDOWS\system32\opengl32.dll
0x00007fff9f150000 - 0x00007fff9f17c000 	C:\WINDOWS\SYSTEM32\GLU32.dll
0x00007fffa43a0000 - 0x00007fffa4514000 	C:\WINDOWS\System32\MSCTF.dll
0x00007fffa4240000 - 0x00007fffa4391000 	C:\WINDOWS\System32\ole32.dll
0x00007fff7cd20000 - 0x00007fff7cd85000 	C:\Program Files\Java\jdk-10.0.2\bin\fontmanager.dll
0x00007fff9a8e0000 - 0x00007fff9a977000 	C:\WINDOWS\System32\TextInputFramework.dll
0x00007fff9cc50000 - 0x00007fff9cf6e000 	C:\WINDOWS\System32\CoreUIComponents.dll
0x00007fff9eb20000 - 0x00007fff9ebfa000 	C:\WINDOWS\System32\CoreMessaging.dll
0x00007fffa1430000 - 0x00007fffa1461000 	C:\WINDOWS\SYSTEM32\ntmarta.dll
0x00007fff9d690000 - 0x00007fff9d7dd000 	C:\WINDOWS\SYSTEM32\wintypes.dll
0x00007fff81bc0000 - 0x00007fff81beb000 	C:\Program Files\Java\jdk-10.0.2\bin\javajpeg.dll
0x00007fff7ce40000 - 0x00007fff7ce82000 	C:\Program Files\Java\jdk-10.0.2\bin\t2k.dll
0x0000000180000000 - 0x0000000180025000 	C:\Users\Kali\Desktop\ledverde\mfz-rxtx-2.2-20081207-win-x64\mfz-rxtx-2.2-20081207-win-x64\rxtxSerial.dll

dbghelp: loaded successfully - version: 4.0.5 - missing functions: none
symbol engine: initialized successfully - sym options: 0x614 - pdb path: .;C:\Program Files\Java\jdk-10.0.2\bin;C:\WINDOWS\SYSTEM32;C:\WINDOWS\WinSxS\amd64_microsoft.windows.common-controls_6595b64144ccf1df_6.0.17134.345_none_fb429a5930656358;C:\Program Files\Java\jdk-10.0.2\bin\server;C:\Program Files\JetBrains\IntelliJ IDEA 2018.2.1\bin;C:\Users\Kali\Desktop\ledverde\mfz-rxtx-2.2-20081207-win-x64\mfz-rxtx-2.2-20081207-win-x64

VM Arguments:
jvm_args: -Djava.library.path=C:\Users\Kali\Desktop\ledverde\mfz-rxtx-2.2-20081207-win-x64\mfz-rxtx-2.2-20081207-win-x64 -javaagent:C:\Program Files\JetBrains\IntelliJ IDEA 2018.2.1\lib\idea_rt.jar=2317:C:\Program Files\JetBrains\IntelliJ IDEA 2018.2.1\bin -Dfile.encoding=UTF-8 
java_command: main
java_class_path (initial): C:\Users\Kali\Desktop\Kali\TEC, Semestre 2\Datos 1\Java\SideScrolling\out\production\SideScrolling;C:\Users\Kali\Desktop\ledverde\mfz-rxtx-2.2-20081207-win-x64\mfz-rxtx-2.2-20081207-win-x64\RXTXcomm.jar
Launcher Type: SUN_STANDARD

Logging:
Log output configuration:
#0: stdout all=warning uptime,level,tags
#1: stderr all=off uptime,level,tags

Environment Variables:
PATH=C:\Program Files (x86)\Common Files\Oracle\Java\javapath;C:\Program Files (x86)\NVIDIA Corporation\PhysX\Common;C:\ProgramData\Oracle\Java\javapath;C:\Program Files (x86)\Intel\iCLS Client\;C:\Program Files\Intel\iCLS Client\;C:\WINDOWS\system32;C:\WINDOWS;C:\WINDOWS\System32\Wbem;C:\WINDOWS\System32\WindowsPowerShell\v1.0\;C:\Program Files (x86)\Intel\Intel(R) Management Engine Components\DAL;C:\Program Files\Intel\Intel(R) Management Engine Components\DAL;C:\Program Files (x86)\Intel\Intel(R) Management Engine Components\IPT;C:\Program Files\Intel\Intel(R) Management Engine Components\IPT;C:\Program Files\Microsoft SQL Server\Client SDK\ODBC\110\Tools\Binn\;C:\Program Files (x86)\Microsoft SQL Server\120\Tools\Binn\;C:\Program Files\Microsoft SQL Server\120\Tools\Binn\;C:\Program Files\Microsoft SQL Server\120\DTS\Binn\;C:\Program Files (x86)\Windows Kits\8.1\Windows Performance Toolkit\;C:\WINDOWS\System32\OpenSSH\;C:\Program Files\Git\cmd;C:\Users\Kali\AppData\Local\Programs\Python\Python36-32\Scripts\;C:\Users\Kali\AppData\Local\Programs\Python\Python36-32\;C:\Users\Kali\AppData\Local\Microsoft\WindowsApps
USERNAME=Kali
OS=Windows_NT
PROCESSOR_IDENTIFIER=Intel64 Family 6 Model 61 Stepping 4, GenuineIntel



---------------  S Y S T E M  ---------------

OS: Windows 10 , 64 bit Build 17134 (10.0.17134.1)

CPU:total 4 (initial active 4) (2 cores per cpu, 2 threads per core) family 6 model 61 stepping 4, cmov, cx8, fxsr, mmx, sse, sse2, sse3, ssse3, sse4.1, sse4.2, popcnt, avx, avx2, aes, clmul, erms, 3dnowpref, lzcnt, ht, tsc, tscinvbit, bmi1, bmi2, adx, fma

Memory: 4k page, physical 8301580k(3776192k free), swap 9612300k(3956904k free)

vm_info: Java HotSpot(TM) 64-Bit Server VM (10.0.2+13) for windows-amd64 JRE (10.0.2+13), built on Jun 28 2018 01:57:56 by "mach5one" with MS VC++ 12.0 (VS2013)

END.
