#
# A fatal error has been detected by the Java Runtime Environment:
#
#  EXCEPTION_ACCESS_VIOLATION (0xc0000005) at pc=0x0000000180005b00, pid=3528, tid=2060
#
# JRE version: Java(TM) SE Runtime Environment (10.0.2+13) (build 10.0.2+13)
# Java VM: Java HotSpot(TM) 64-Bit Server VM (10.0.2+13, mixed mode, tiered, compressed oops, g1 gc, windows-amd64)
# Problematic frame:
# C  [rxtxSerial.dll+0x5b00]
#
# No core dump will be written. Minidumps are not enabled by default on client versions of Windows
#
# If you would like to submit a bug report, please visit:
#   http://bugreport.java.com/bugreport/crash.jsp
# The crash happened outside the Java Virtual Machine in native code.
# See problematic frame for where to report the bug.
#

---------------  S U M M A R Y ------------

Command Line: -Djava.library.path=C:\Users\Kali\Desktop\ledverde\mfz-rxtx-2.2-20081207-win-x64\mfz-rxtx-2.2-20081207-win-x64 -javaagent:C:\Program Files\JetBrains\IntelliJ IDEA 2018.2.1\lib\idea_rt.jar=2312:C:\Program Files\JetBrains\IntelliJ IDEA 2018.2.1\bin -Dfile.encoding=UTF-8 main

Host: Intel(R) Core(TM) i3-5005U CPU @ 2.00GHz, 4 cores, 7G,  Windows 10 , 64 bit Build 17134 (10.0.17134.1)
Time: Wed Oct 24 15:31:37 2018 Hora de verano de las Montañas elapsed time: 2 seconds (0d 0h 0m 2s)

---------------  T H R E A D  ---------------

Current thread (0x000001c47d9ed000):  JavaThread "Thread-0" [_thread_in_native, id=2060, stack(0x0000009044200000,0x0000009044300000)]

Stack: [0x0000009044200000,0x0000009044300000],  sp=0x00000090442fde50,  free space=1015k
Native frames: (J=compiled Java code, j=interpreted, Vv=VM code, C=native code)
C  [rxtxSerial.dll+0x5b00]

Java frames: (J=compiled Java code, j=interpreted, Vv=VM code)
j  gnu.io.RXTXPort.readArray([BII)I+0
j  gnu.io.RXTXPort$SerialInputStream.read([BII)I+212
j  sun.nio.cs.StreamDecoder.readBytes()I+135 java.base@10.0.2
j  sun.nio.cs.StreamDecoder.implRead([CII)I+112 java.base@10.0.2
j  sun.nio.cs.StreamDecoder.read([CII)I+180 java.base@10.0.2
j  java.io.InputStreamReader.read([CII)I+7 java.base@10.0.2
j  java.io.BufferedReader.fill()V+145 java.base@10.0.2
j  java.io.BufferedReader.readLine(Z)Ljava/lang/String;+44 java.base@10.0.2
j  java.io.BufferedReader.readLine()Ljava/lang/String;+2 java.base@10.0.2
j  Huerfana.serialEvent(Lgnu/io/SerialPortEvent;)V+12
j  gnu.io.RXTXPort.sendEvent(IZ)Z+382
v  ~StubRoutines::call_stub
j  gnu.io.RXTXPort.eventLoop()V+0
j  gnu.io.RXTXPort$MonitorThread.run()V+12
v  ~StubRoutines::call_stub

siginfo: EXCEPTION_ACCESS_VIOLATION (0xc0000005), reading address 0x00000000442fec58


Register to memory mapping:

RIP=0x0000000180005b00 rxtxSerial.dll
RAX=0x0000000000000001 is an unknown value
RBX=0x0000000000000000 is an unknown value
RCX=0x000000018001d4d5 rxtxSerial.dll
RDX=0xfffffffffffff665 is an unknown value
RSP=0x00000090442fde50 is pointing into the stack for thread: 0x000001c47d9ed000
RBP=
[error occurred during error reporting (printing register info), id 0xc0000005]

Registers:
RAX=0x0000000000000001, RBX=0x0000000000000000, RCX=0x000000018001d4d5, RDX=0xfffffffffffff665
RSP=0x00000090442fde50, RBP=0x00000000ffffffff, RSI=0x0000000000000000, RDI=0x000001c47d9ed270
R8 =0x0000000000000002, R9 =0xfffffffffffff63c, R10=0x00000000000000a2, R11=0x8101010101010100
R12=0x00000000442fec50, R13=0x0000000000000051, R14=0x00000090442fe040, R15=0x0000000000000000
RIP=0x0000000180005b00, EFLAGS=0x0000000000010202

Top of Stack: (sp=0x00000090442fde50)
0x00000090442fde50:   0000000000000000 0000000000000000
0x00000090442fde60:   00000090442fe048 0000000000000000
0x00000090442fde70:   0000000000000000 00000090442fe040
0x00000090442fde80:   000001c47eea5538 0000000000000001
0x00000090442fde90:   000001c47d9ed270 0000000000000051
0x00000090442fdea0:   ffffffffffffffff 0000000180006211
0x00000090442fdeb0:   000001c47dfb6290 0000000000000000
0x00000090442fdec0:   ffffffff00000001 000001c47dfb6290
0x00000090442fded0:   0000009000000051 00000000ffffffff
0x00000090442fdee0:   00000090442fe048 000001c47eea5540
0x00000090442fdef0:   000001c47eea5540 000001c47c42cb40
0x00000090442fdf00:   00000090442fe898 000000006fda46e3
0x00000090442fdf10:   000001c47d9ed000 000000010007e0f8
0x00000090442fdf20:   000001c47c42cb40 00006b7837f2e0ad
0x00000090442fdf30:   000001c47eea5540 000001c47eea5538
0x00000090442fdf40:   000001c47d9ed000 00000090442fe048 

Instructions: (pc=0x0000000180005b00)
0x0000000180005ae0:   15 23 7a 01 00 48 8d 48 60 e8 3a 5d 00 00 4c 8b
0x0000000180005af0:   e5 8b ac 24 88 00 00 00 44 8b ac 24 80 00 00 00
0x0000000180005b00:   45 8b 74 24 08 41 89 5c 24 08 41 8b fd 85 ed 78
0x0000000180005b10:   09 ff 15 e9 14 01 00 44 8b f8 45 85 ed 7e 4a 90 



---------------  P R O C E S S  ---------------

Threads class SMR info:
_java_thread_list=0x000001c47da69a50, length=22, elements={
0x000001c459b02800, 0x000001c47aef6000, 0x000001c47aef7000, 0x000001c47b882800,
0x000001c47b883000, 0x000001c47af06800, 0x000001c47af24000, 0x000001c47af25000,
0x000001c47af2e000, 0x000001c47bb3f000, 0x000001c47bc3b800, 0x000001c47bc3c800,
0x000001c47bd1e800, 0x000001c47bd2c000, 0x000001c47bc22800, 0x000001c47befc800,
0x000001c47c396000, 0x000001c47e026800, 0x000001c47bff5800, 0x000001c47dda5800,
0x000001c47d9ed000, 0x000001c47d9ee000
}

Java Threads: ( => current thread )
  0x000001c459b02800 JavaThread "main" [_thread_blocked, id=4264, stack(0x0000009042000000,0x0000009042100000)]
  0x000001c47aef6000 JavaThread "Reference Handler" daemon [_thread_blocked, id=10548, stack(0x0000009042d00000,0x0000009042e00000)]
  0x000001c47aef7000 JavaThread "Finalizer" daemon [_thread_blocked, id=7572, stack(0x0000009042e00000,0x0000009042f00000)]
  0x000001c47b882800 JavaThread "Signal Dispatcher" daemon [_thread_blocked, id=10160, stack(0x0000009042f00000,0x0000009043000000)]
  0x000001c47b883000 JavaThread "Attach Listener" daemon [_thread_blocked, id=2724, stack(0x0000009043000000,0x0000009043100000)]
  0x000001c47af06800 JavaThread "C2 CompilerThread0" daemon [_thread_in_native, id=4848, stack(0x0000009043100000,0x0000009043200000)]
  0x000001c47af24000 JavaThread "C2 CompilerThread1" daemon [_thread_in_native, id=9296, stack(0x0000009043200000,0x0000009043300000)]
  0x000001c47af25000 JavaThread "C1 CompilerThread2" daemon [_thread_blocked, id=1180, stack(0x0000009043300000,0x0000009043400000)]
  0x000001c47af2e000 JavaThread "Sweeper thread" daemon [_thread_blocked, id=6164, stack(0x0000009043400000,0x0000009043500000)]
  0x000001c47bb3f000 JavaThread "Common-Cleaner" daemon [_thread_blocked, id=6940, stack(0x0000009043500000,0x0000009043600000)]
  0x000001c47bc3b800 JavaThread "Monitor Ctrl-Break" daemon [_thread_in_native, id=12444, stack(0x0000009043600000,0x0000009043700000)]
  0x000001c47bc3c800 JavaThread "Service Thread" daemon [_thread_blocked, id=8740, stack(0x0000009043700000,0x0000009043800000)]
  0x000001c47bd1e800 JavaThread "Java2D Disposer" daemon [_thread_blocked, id=14292, stack(0x0000009043900000,0x0000009043a00000)]
  0x000001c47bd2c000 JavaThread "AWT-Shutdown" [_thread_blocked, id=6728, stack(0x0000009043a00000,0x0000009043b00000)]
  0x000001c47bc22800 JavaThread "AWT-Windows" daemon [_thread_in_native, id=10864, stack(0x0000009043b00000,0x0000009043c00000)]
  0x000001c47befc800 JavaThread "Image Animator 3" daemon [_thread_blocked, id=10056, stack(0x0000009043c00000,0x0000009043d00000)]
  0x000001c47c396000 JavaThread "Image Animator 2" daemon [_thread_blocked, id=11172, stack(0x0000009043d00000,0x0000009043e00000)]
  0x000001c47e026800 JavaThread "AWT-EventQueue-0" [_thread_blocked, id=9368, stack(0x0000009043e00000,0x0000009043f00000)]
  0x000001c47bff5800 JavaThread "Image Fetcher 0" daemon [_thread_in_vm, id=1900, stack(0x0000009044000000,0x0000009044100000)] _threads_hazard_ptr=0x000001c47da69a50
  0x000001c47dda5800 JavaThread "Image Fetcher 1" daemon [_thread_in_vm, id=8860, stack(0x0000009044100000,0x0000009044200000)]
=>0x000001c47d9ed000 JavaThread "Thread-0" [_thread_in_native, id=2060, stack(0x0000009044200000,0x0000009044300000)]
  0x000001c47d9ee000 JavaThread "Image Fetcher 2" daemon [_thread_new, id=6924, stack(0x0000000000000000,0x0000000000000000)]

Other Threads:
  0x000001c47aee1000 VMThread "VM Thread" [stack: 0x0000009042c00000,0x0000009042d00000] [id=3568] _threads_hazard_ptr=0x000001c47da69a50
  0x000001c47bb5c800 WatcherThread [stack: 0x0000009043800000,0x0000009043900000] [id=3724]
  0x000001c459b1c800 GCTaskThread "GC Thread#0" [stack: 0x0000009042100000,0x0000009042200000] [id=5500]
  0x000001c459b1d800 GCTaskThread "GC Thread#1" [stack: 0x0000009042200000,0x0000009042300000] [id=7144]
  0x000001c459b20000 GCTaskThread "GC Thread#2" [stack: 0x0000009042300000,0x0000009042400000] [id=2692]
  0x000001c459b21800 GCTaskThread "GC Thread#3" [stack: 0x0000009042400000,0x0000009042500000] [id=8920]
  0x000001c459b8b800 ConcurrentGCThread "G1 Main Marker" [stack: 0x0000009042500000,0x0000009042600000] [id=652]
  0x000001c459b8f000 ConcurrentGCThread "G1 Conc#0" [stack: 0x0000009042600000,0x0000009042700000] [id=2428]
  0x000001c47ad67800 ConcurrentGCThread "G1 Refine#0" [stack: 0x0000009042700000,0x0000009042800000] [id=12796]
  0x000001c47ad68000 ConcurrentGCThread "G1 Refine#1" [stack: 0x0000009042800000,0x0000009042900000] [id=12396]
  0x000001c47ad69000 ConcurrentGCThread "G1 Refine#2" [stack: 0x0000009042900000,0x0000009042a00000] [id=884]
  0x000001c47ad6c000 ConcurrentGCThread "G1 Refine#3" [stack: 0x0000009042a00000,0x0000009042b00000] [id=5188]
  0x000001c47ad6d000 ConcurrentGCThread "G1 Young RemSet Sampling" [stack: 0x0000009042b00000,0x0000009042c00000] [id=9236]

Threads with active compile tasks:
C2 CompilerThread0 972       4       java.awt.image.ReplicateScaleFilter::setPixels (226 bytes)
C2 CompilerThread1 959   !   4       sun.awt.image.PNGImageDecoder::produceImage (1916 bytes)

VM state:synchronizing (normal execution)

VM Mutex/Monitor currently owned by a thread:  ([mutex/lock_event])
[0x000001c459b00790] Safepoint_lock - owner thread: 0x000001c47aee1000
[0x000001c459b01120] Threads_lock - owner thread: 0x000001c47aee1000

Heap address: 0x0000000081400000, size: 2028 MB, Compressed Oops mode: 32-bit
Narrow klass base: 0x0000000000000000, Narrow klass shift: 3
Compressed class space size: 1073741824 Address: 0x0000000100000000

Heap:
 garbage-first heap   total 131072K, used 35258K [0x0000000081400000, 0x0000000100000000)
  region size 1024K, 7 young (7168K), 3 survivors (3072K)
 Metaspace       used 14183K, capacity 14576K, committed 14720K, reserved 1062912K
  class space    used 1411K, capacity 1597K, committed 1664K, reserved 1048576K
Heap Regions: E=young(eden), S=young(survivor), O=old, HS=humongous(starts), HC=humongous(continues), CS=collection set, F=free, A=archive, TS=gc time stamp, AC=allocation context, TAMS=top-at-mark-start (previous, next)
|   0|0x0000000081400000, 0x0000000081500000, 0x0000000081500000|100%|HS|  |TS  0|AC  0|TAMS 0x0000000081400000, 0x0000000081400000|
|   1|0x0000000081500000, 0x0000000081600000, 0x0000000081600000|100%|HC|  |TS  0|AC  0|TAMS 0x0000000081500000, 0x0000000081500000|
|   2|0x0000000081600000, 0x0000000081700000, 0x0000000081700000|100%|HC|  |TS  0|AC  0|TAMS 0x0000000081600000, 0x0000000081600000|
|   3|0x0000000081700000, 0x0000000081800000, 0x0000000081800000|100%|HC|  |TS  0|AC  0|TAMS 0x0000000081700000, 0x0000000081700000|
|   4|0x0000000081800000, 0x0000000081900000, 0x0000000081900000|100%|HS|  |TS  0|AC  0|TAMS 0x0000000081900000, 0x0000000081900000|
|   5|0x0000000081900000, 0x0000000081a00000, 0x0000000081a00000|100%|HC|  |TS  0|AC  0|TAMS 0x0000000081a00000, 0x0000000081a00000|
|   6|0x0000000081a00000, 0x0000000081b00000, 0x0000000081b00000|100%|HC|  |TS  0|AC  0|TAMS 0x0000000081b00000, 0x0000000081b00000|
|   7|0x0000000081b00000, 0x0000000081c00000, 0x0000000081c00000|100%|HC|  |TS  0|AC  0|TAMS 0x0000000081c00000, 0x0000000081c00000|
|   8|0x0000000081c00000, 0x0000000081d00000, 0x0000000081d00000|100%|HC|  |TS  0|AC  0|TAMS 0x0000000081d00000, 0x0000000081d00000|
|   9|0x0000000081d00000, 0x0000000081e00000, 0x0000000081e00000|100%| O|  |TS  0|AC  0|TAMS 0x0000000081e00000, 0x0000000081e00000|
|  10|0x0000000081e00000, 0x0000000081e41800, 0x0000000081f00000| 25%| O|  |TS  0|AC  0|TAMS 0x0000000081e41800, 0x0000000081e41800|
|  11|0x0000000081f00000, 0x0000000082000000, 0x0000000082000000|100%|HS|  |TS  0|AC  0|TAMS 0x0000000081f00000, 0x0000000081f00000|
|  12|0x0000000082000000, 0x0000000082100000, 0x0000000082100000|100%|HC|  |TS  0|AC  0|TAMS 0x0000000082000000, 0x0000000082000000|
|  13|0x0000000082100000, 0x0000000082200000, 0x0000000082200000|100%|HC|  |TS  0|AC  0|TAMS 0x0000000082100000, 0x0000000082100000|
|  14|0x0000000082200000, 0x0000000082300000, 0x0000000082300000|100%|HC|  |TS  0|AC  0|TAMS 0x0000000082200000, 0x0000000082200000|
|  15|0x0000000082300000, 0x0000000082400000, 0x0000000082400000|100%|HS|  |TS  0|AC  0|TAMS 0x0000000082300000, 0x0000000082300000|
|  16|0x0000000082400000, 0x0000000082500000, 0x0000000082500000|100%|HC|  |TS  0|AC  0|TAMS 0x0000000082400000, 0x0000000082400000|
|  17|0x0000000082500000, 0x0000000082600000, 0x0000000082600000|100%|HC|  |TS  0|AC  0|TAMS 0x0000000082500000, 0x0000000082500000|
|  18|0x0000000082600000, 0x0000000082700000, 0x0000000082700000|100%|HC|  |TS  0|AC  0|TAMS 0x0000000082600000, 0x0000000082600000|
|  19|0x0000000082700000, 0x0000000082700000, 0x0000000082800000|  0%| F|  |TS  0|AC  0|TAMS 0x0000000082700000, 0x0000000082700000|
|  20|0x0000000082800000, 0x0000000082800000, 0x0000000082900000|  0%| F|  |TS  0|AC  0|TAMS 0x0000000082800000, 0x0000000082800000|
|  21|0x0000000082900000, 0x0000000082900000, 0x0000000082a00000|  0%| F|  |TS  0|AC  0|TAMS 0x0000000082900000, 0x0000000082900000|
|  22|0x0000000082a00000, 0x0000000082a00000, 0x0000000082b00000|  0%| F|  |TS  0|AC  0|TAMS 0x0000000082a00000, 0x0000000082a00000|
|  23|0x0000000082b00000, 0x0000000082b00000, 0x0000000082c00000|  0%| F|  |TS  0|AC  0|TAMS 0x0000000082b00000, 0x0000000082b00000|
|  24|0x0000000082c00000, 0x0000000082c00000, 0x0000000082d00000|  0%| F|  |TS  0|AC  0|TAMS 0x0000000082c00000, 0x0000000082c00000|
|  25|0x0000000082d00000, 0x0000000082d00000, 0x0000000082e00000|  0%| F|  |TS  0|AC  0|TAMS 0x0000000082d00000, 0x0000000082d00000|
|  26|0x0000000082e00000, 0x0000000082e00000, 0x0000000082f00000|  0%| F|  |TS  0|AC  0|TAMS 0x0000000082e00000, 0x0000000082e00000|
|  27|0x0000000082f00000, 0x0000000082f00000, 0x0000000083000000|  0%| F|  |TS  0|AC  0|TAMS 0x0000000082f00000, 0x0000000082f00000|
|  28|0x0000000083000000, 0x0000000083000000, 0x0000000083100000|  0%| F|  |TS  0|AC  0|TAMS 0x0000000083000000, 0x0000000083000000|
|  29|0x0000000083100000, 0x0000000083100000, 0x0000000083200000|  0%| F|  |TS  0|AC  0|TAMS 0x0000000083100000, 0x0000000083100000|
|  30|0x0000000083200000, 0x0000000083200000, 0x0000000083300000|  0%| F|  |TS  0|AC  0|TAMS 0x0000000083200000, 0x0000000083200000|
|  31|0x0000000083300000, 0x0000000083300000, 0x0000000083400000|  0%| F|  |TS  0|AC  0|TAMS 0x0000000083300000, 0x0000000083300000|
|  32|0x0000000083400000, 0x0000000083400000, 0x0000000083500000|  0%| F|  |TS  0|AC  0|TAMS 0x0000000083400000, 0x0000000083400000|
|  33|0x0000000083500000, 0x0000000083500000, 0x0000000083600000|  0%| F|  |TS  0|AC  0|TAMS 0x0000000083500000, 0x0000000083500000|
|  34|0x0000000083600000, 0x0000000083600000, 0x0000000083700000|  0%| F|  |TS  0|AC  0|TAMS 0x0000000083600000, 0x0000000083600000|
|  35|0x0000000083700000, 0x0000000083700000, 0x0000000083800000|  0%| F|  |TS  0|AC  0|TAMS 0x0000000083700000, 0x0000000083700000|
|  36|0x0000000083800000, 0x0000000083800000, 0x0000000083900000|  0%| F|  |TS  0|AC  0|TAMS 0x0000000083800000, 0x0000000083800000|
|  37|0x0000000083900000, 0x0000000083900000, 0x0000000083a00000|  0%| F|  |TS  0|AC  0|TAMS 0x0000000083900000, 0x0000000083900000|
|  38|0x0000000083a00000, 0x0000000083a00000, 0x0000000083b00000|  0%| F|  |TS  0|AC  0|TAMS 0x0000000083a00000, 0x0000000083a00000|
|  39|0x0000000083b00000, 0x0000000083b00000, 0x0000000083c00000|  0%| F|  |TS  0|AC  0|TAMS 0x0000000083b00000, 0x0000000083b00000|
|  40|0x0000000083c00000, 0x0000000083c00000, 0x0000000083d00000|  0%| F|  |TS  0|AC  0|TAMS 0x0000000083c00000, 0x0000000083c00000|
|  41|0x0000000083d00000, 0x0000000083d00000, 0x0000000083e00000|  0%| F|  |TS  0|AC  0|TAMS 0x0000000083d00000, 0x0000000083d00000|
|  42|0x0000000083e00000, 0x0000000083e00000, 0x0000000083f00000|  0%| F|  |TS  0|AC  0|TAMS 0x0000000083e00000, 0x0000000083e00000|
|  43|0x0000000083f00000, 0x0000000083f00000, 0x0000000084000000|  0%| F|  |TS  0|AC  0|TAMS 0x0000000083f00000, 0x0000000083f00000|
|  44|0x0000000084000000, 0x0000000084000000, 0x0000000084100000|  0%| F|  |TS  0|AC  0|TAMS 0x0000000084000000, 0x0000000084000000|
|  45|0x0000000084100000, 0x0000000084100000, 0x0000000084200000|  0%| F|  |TS  0|AC  0|TAMS 0x0000000084100000, 0x0000000084100000|
|  46|0x0000000084200000, 0x0000000084200000, 0x0000000084300000|  0%| F|  |TS  0|AC  0|TAMS 0x0000000084200000, 0x0000000084200000|
|  47|0x0000000084300000, 0x0000000084300000, 0x0000000084400000|  0%| F|  |TS  0|AC  0|TAMS 0x0000000084300000, 0x0000000084300000|
|  48|0x0000000084400000, 0x0000000084400000, 0x0000000084500000|  0%| F|  |TS  0|AC  0|TAMS 0x0000000084400000, 0x0000000084400000|
|  49|0x0000000084500000, 0x0000000084500000, 0x0000000084600000|  0%| F|  |TS  0|AC  0|TAMS 0x0000000084500000, 0x0000000084500000|
|  50|0x0000000084600000, 0x0000000084600000, 0x0000000084700000|  0%| F|  |TS  0|AC  0|TAMS 0x0000000084600000, 0x0000000084600000|
|  51|0x0000000084700000, 0x0000000084800000, 0x0000000084800000|100%|HS|  |TS  0|AC  0|TAMS 0x0000000084800000, 0x0000000084800000|
|  52|0x0000000084800000, 0x0000000084900000, 0x0000000084900000|100%|HC|  |TS  0|AC  0|TAMS 0x0000000084900000, 0x0000000084900000|
|  53|0x0000000084900000, 0x0000000084a00000, 0x0000000084a00000|100%|HC|  |TS  0|AC  0|TAMS 0x0000000084a00000, 0x0000000084a00000|
|  54|0x0000000084a00000, 0x0000000084b00000, 0x0000000084b00000|100%|HC|  |TS  0|AC  0|TAMS 0x0000000084b00000, 0x0000000084b00000|
|  55|0x0000000084b00000, 0x0000000084c00000, 0x0000000084c00000|100%|HS|  |TS  0|AC  0|TAMS 0x0000000084b00000, 0x0000000084b00000|
|  56|0x0000000084c00000, 0x0000000084d00000, 0x0000000084d00000|100%|HC|  |TS  0|AC  0|TAMS 0x0000000084c00000, 0x0000000084c00000|
|  57|0x0000000084d00000, 0x0000000084e00000, 0x0000000084e00000|100%|HC|  |TS  0|AC  0|TAMS 0x0000000084d00000, 0x0000000084d00000|
|  58|0x0000000084e00000, 0x0000000084f00000, 0x0000000084f00000|100%|HC|  |TS  0|AC  0|TAMS 0x0000000084e00000, 0x0000000084e00000|
|  59|0x0000000084f00000, 0x0000000085000000, 0x0000000085000000|100%|HS|  |TS  0|AC  0|TAMS 0x0000000084f00000, 0x0000000084f00000|
|  60|0x0000000085000000, 0x0000000085100000, 0x0000000085100000|100%|HC|  |TS  0|AC  0|TAMS 0x0000000085000000, 0x0000000085000000|
|  61|0x0000000085100000, 0x0000000085200000, 0x0000000085200000|100%|HC|  |TS  0|AC  0|TAMS 0x0000000085100000, 0x0000000085100000|
|  62|0x0000000085200000, 0x0000000085200000, 0x0000000085300000|  0%| F|  |TS  0|AC  0|TAMS 0x0000000085200000, 0x0000000085200000|
|  63|0x0000000085300000, 0x0000000085300000, 0x0000000085400000|  0%| F|  |TS  0|AC  0|TAMS 0x0000000085300000, 0x0000000085300000|
|  64|0x0000000085400000, 0x0000000085400000, 0x0000000085500000|  0%| F|  |TS  0|AC  0|TAMS 0x0000000085400000, 0x0000000085400000|
|  65|0x0000000085500000, 0x0000000085500000, 0x0000000085600000|  0%| F|  |TS  0|AC  0|TAMS 0x0000000085500000, 0x0000000085500000|
|  66|0x0000000085600000, 0x0000000085600000, 0x0000000085700000|  0%| F|  |TS  0|AC  0|TAMS 0x0000000085600000, 0x0000000085600000|
|  67|0x0000000085700000, 0x0000000085700000, 0x0000000085800000|  0%| F|  |TS  0|AC  0|TAMS 0x0000000085700000, 0x0000000085700000|
|  68|0x0000000085800000, 0x0000000085800000, 0x0000000085900000|  0%| F|  |TS  0|AC  0|TAMS 0x0000000085800000, 0x0000000085800000|
|  69|0x0000000085900000, 0x0000000085900000, 0x0000000085a00000|  0%| F|  |TS  0|AC  0|TAMS 0x0000000085900000, 0x0000000085900000|
|  70|0x0000000085a00000, 0x0000000085a00000, 0x0000000085b00000|  0%| F|  |TS  0|AC  0|TAMS 0x0000000085a00000, 0x0000000085a00000|
|  71|0x0000000085b00000, 0x0000000085b00000, 0x0000000085c00000|  0%| F|  |TS  0|AC  0|TAMS 0x0000000085b00000, 0x0000000085b00000|
|  72|0x0000000085c00000, 0x0000000085c00000, 0x0000000085d00000|  0%| F|  |TS  0|AC  0|TAMS 0x0000000085c00000, 0x0000000085c00000|
|  73|0x0000000085d00000, 0x0000000085d00000, 0x0000000085e00000|  0%| F|  |TS  0|AC  0|TAMS 0x0000000085d00000, 0x0000000085d00000|
|  74|0x0000000085e00000, 0x0000000085e00000, 0x0000000085f00000|  0%| F|  |TS  0|AC  0|TAMS 0x0000000085e00000, 0x0000000085e00000|
|  75|0x0000000085f00000, 0x0000000085f00000, 0x0000000086000000|  0%| F|  |TS  0|AC  0|TAMS 0x0000000085f00000, 0x0000000085f00000|
|  76|0x0000000086000000, 0x0000000086000000, 0x0000000086100000|  0%| F|  |TS  0|AC  0|TAMS 0x0000000086000000, 0x0000000086000000|
|  77|0x0000000086100000, 0x0000000086100000, 0x0000000086200000|  0%| F|  |TS  0|AC  0|TAMS 0x0000000086100000, 0x0000000086100000|
|  78|0x0000000086200000, 0x0000000086200000, 0x0000000086300000|  0%| F|  |TS  0|AC  0|TAMS 0x0000000086200000, 0x0000000086200000|
|  79|0x0000000086300000, 0x0000000086300000, 0x0000000086400000|  0%| F|  |TS  0|AC  0|TAMS 0x0000000086300000, 0x0000000086300000|
|  80|0x0000000086400000, 0x0000000086400000, 0x0000000086500000|  0%| F|  |TS  0|AC  0|TAMS 0x0000000086400000, 0x0000000086400000|
|  81|0x0000000086500000, 0x0000000086500000, 0x0000000086600000|  0%| F|  |TS  0|AC  0|TAMS 0x0000000086500000, 0x0000000086500000|
|  82|0x0000000086600000, 0x0000000086600000, 0x0000000086700000|  0%| F|  |TS  0|AC  0|TAMS 0x0000000086600000, 0x0000000086600000|
|  83|0x0000000086700000, 0x0000000086700000, 0x0000000086800000|  0%| F|  |TS  0|AC  0|TAMS 0x0000000086700000, 0x0000000086700000|
|  84|0x0000000086800000, 0x0000000086800000, 0x0000000086900000|  0%| F|  |TS  0|AC  0|TAMS 0x0000000086800000, 0x0000000086800000|
|  85|0x0000000086900000, 0x0000000086900000, 0x0000000086a00000|  0%| F|  |TS  0|AC  0|TAMS 0x0000000086900000, 0x0000000086900000|
|  86|0x0000000086a00000, 0x0000000086a00000, 0x0000000086b00000|  0%| F|  |TS  0|AC  0|TAMS 0x0000000086a00000, 0x0000000086a00000|
|  87|0x0000000086b00000, 0x0000000086b00000, 0x0000000086c00000|  0%| F|  |TS  0|AC  0|TAMS 0x0000000086b00000, 0x0000000086b00000|
|  88|0x0000000086c00000, 0x0000000086c00000, 0x0000000086d00000|  0%| F|  |TS  0|AC  0|TAMS 0x0000000086c00000, 0x0000000086c00000|
|  89|0x0000000086d00000, 0x0000000086d00000, 0x0000000086e00000|  0%| F|  |TS  0|AC  0|TAMS 0x0000000086d00000, 0x0000000086d00000|
|  90|0x0000000086e00000, 0x0000000086e00000, 0x0000000086f00000|  0%| F|  |TS  0|AC  0|TAMS 0x0000000086e00000, 0x0000000086e00000|
|  91|0x0000000086f00000, 0x0000000086f00000, 0x0000000087000000|  0%| F|  |TS  0|AC  0|TAMS 0x0000000086f00000, 0x0000000086f00000|
|  92|0x0000000087000000, 0x0000000087000000, 0x0000000087100000|  0%| F|  |TS  0|AC  0|TAMS 0x0000000087000000, 0x0000000087000000|
|  93|0x0000000087100000, 0x0000000087100000, 0x0000000087200000|  0%| F|  |TS  0|AC  0|TAMS 0x0000000087100000, 0x0000000087100000|
|  94|0x0000000087200000, 0x0000000087200000, 0x0000000087300000|  0%| F|  |TS  0|AC  0|TAMS 0x0000000087200000, 0x0000000087200000|
|  95|0x0000000087300000, 0x0000000087300000, 0x0000000087400000|  0%| F|  |TS  0|AC  0|TAMS 0x0000000087300000, 0x0000000087300000|
|  96|0x0000000087400000, 0x0000000087400000, 0x0000000087500000|  0%| F|  |TS  0|AC  0|TAMS 0x0000000087400000, 0x0000000087400000|
|  97|0x0000000087500000, 0x0000000087500000, 0x0000000087600000|  0%| F|  |TS  0|AC  0|TAMS 0x0000000087500000, 0x0000000087500000|
|  98|0x0000000087600000, 0x0000000087600000, 0x0000000087700000|  0%| F|  |TS  0|AC  0|TAMS 0x0000000087600000, 0x0000000087600000|
|  99|0x0000000087700000, 0x0000000087700000, 0x0000000087800000|  0%| F|  |TS  0|AC  0|TAMS 0x0000000087700000, 0x0000000087700000|
| 100|0x0000000087800000, 0x0000000087800000, 0x0000000087900000|  0%| F|  |TS  0|AC  0|TAMS 0x0000000087800000, 0x0000000087800000|
| 101|0x0000000087900000, 0x0000000087900000, 0x0000000087a00000|  0%| F|  |TS  0|AC  0|TAMS 0x0000000087900000, 0x0000000087900000|
| 102|0x0000000087a00000, 0x0000000087a00000, 0x0000000087b00000|  0%| F|  |TS  0|AC  0|TAMS 0x0000000087a00000, 0x0000000087a00000|
| 103|0x0000000087b00000, 0x0000000087b00000, 0x0000000087c00000|  0%| F|  |TS  0|AC  0|TAMS 0x0000000087b00000, 0x0000000087b00000|
| 104|0x0000000087c00000, 0x0000000087c00000, 0x0000000087d00000|  0%| F|  |TS  0|AC  0|TAMS 0x0000000087c00000, 0x0000000087c00000|
| 105|0x0000000087d00000, 0x0000000087d00000, 0x0000000087e00000|  0%| F|  |TS  0|AC  0|TAMS 0x0000000087d00000, 0x0000000087d00000|
| 106|0x0000000087e00000, 0x0000000087e00000, 0x0000000087f00000|  0%| F|  |TS  0|AC  0|TAMS 0x0000000087e00000, 0x0000000087e00000|
| 107|0x0000000087f00000, 0x0000000087f00000, 0x0000000088000000|  0%| F|  |TS  0|AC  0|TAMS 0x0000000087f00000, 0x0000000087f00000|
| 108|0x0000000088000000, 0x0000000088000000, 0x0000000088100000|  0%| F|  |TS  0|AC  0|TAMS 0x0000000088000000, 0x0000000088000000|
| 109|0x0000000088100000, 0x0000000088100000, 0x0000000088200000|  0%| F|  |TS  0|AC  0|TAMS 0x0000000088100000, 0x0000000088100000|
| 110|0x0000000088200000, 0x0000000088200000, 0x0000000088300000|  0%| F|  |TS  0|AC  0|TAMS 0x0000000088200000, 0x0000000088200000|
| 111|0x0000000088300000, 0x0000000088300000, 0x0000000088400000|  0%| F|  |TS  0|AC  0|TAMS 0x0000000088300000, 0x0000000088300000|
| 112|0x0000000088400000, 0x0000000088400000, 0x0000000088500000|  0%| F|  |TS  0|AC  0|TAMS 0x0000000088400000, 0x0000000088400000|
| 113|0x0000000088500000, 0x0000000088500000, 0x0000000088600000|  0%| F|  |TS  0|AC  0|TAMS 0x0000000088500000, 0x0000000088500000|
| 114|0x0000000088600000, 0x0000000088600000, 0x0000000088700000|  0%| F|  |TS  0|AC  0|TAMS 0x0000000088600000, 0x0000000088600000|
| 115|0x0000000088700000, 0x0000000088700000, 0x0000000088800000|  0%| F|  |TS  0|AC  0|TAMS 0x0000000088700000, 0x0000000088700000|
| 116|0x0000000088800000, 0x0000000088800000, 0x0000000088900000|  0%| F|  |TS  0|AC  0|TAMS 0x0000000088800000, 0x0000000088800000|
| 117|0x0000000088900000, 0x0000000088900000, 0x0000000088a00000|  0%| F|  |TS  0|AC  0|TAMS 0x0000000088900000, 0x0000000088900000|
| 118|0x0000000088a00000, 0x0000000088a2d330, 0x0000000088b00000| 17%| S|CS|TS  0|AC  0|TAMS 0x0000000088a00000, 0x0000000088a00000|
| 119|0x0000000088b00000, 0x0000000088c00000, 0x0000000088c00000|100%| S|CS|TS  0|AC  0|TAMS 0x0000000088b00000, 0x0000000088b00000|
| 120|0x0000000088c00000, 0x0000000088d00000, 0x0000000088d00000|100%| S|CS|TS  0|AC  0|TAMS 0x0000000088c00000, 0x0000000088c00000|
| 121|0x0000000088d00000, 0x0000000088d00000, 0x0000000088e00000|  0%| F|  |TS  0|AC  0|TAMS 0x0000000088d00000, 0x0000000088d00000|
| 122|0x0000000088e00000, 0x0000000088e00000, 0x0000000088f00000|  0%| F|  |TS  0|AC  0|TAMS 0x0000000088e00000, 0x0000000088e00000|
| 123|0x0000000088f00000, 0x0000000088f00000, 0x0000000089000000|  0%| F|  |TS  0|AC  0|TAMS 0x0000000088f00000, 0x0000000088f00000|
| 124|0x0000000089000000, 0x0000000089100000, 0x0000000089100000|100%| E|  |TS  0|AC  0|TAMS 0x0000000089000000, 0x0000000089000000|
| 125|0x0000000089100000, 0x0000000089200000, 0x0000000089200000|100%| E|CS|TS  0|AC  0|TAMS 0x0000000089100000, 0x0000000089100000|
| 126|0x0000000089200000, 0x0000000089300000, 0x0000000089300000|100%| E|CS|TS  0|AC  0|TAMS 0x0000000089200000, 0x0000000089200000|
| 127|0x0000000089300000, 0x0000000089400000, 0x0000000089400000|100%| E|CS|TS  0|AC  0|TAMS 0x0000000089300000, 0x0000000089300000|

Card table byte_map: [0x000001c474290000,0x000001c474690000] byte_map_base: 0x000001c473e86000

Marking Bits (Prev, Next): (CMBitMap*) 0x000001c459b8aea8, (CMBitMap*) 0x000001c459b8ae70
 Prev Bits: [0x000001c476a40000, 0x000001c4789f0000)
 Next Bits: [0x000001c474a90000, 0x000001c476a40000)

Polling page: 0x000001c4592c0000

CodeHeap 'non-profiled nmethods': size=120064Kb used=429Kb max_used=429Kb free=119634Kb
 bounds [0x000001c46c950000, 0x000001c46cbc0000, 0x000001c473e90000]
CodeHeap 'profiled nmethods': size=120000Kb used=1687Kb max_used=1687Kb free=118312Kb
 bounds [0x000001c465420000, 0x000001c465690000, 0x000001c46c950000]
CodeHeap 'non-nmethods': size=5696Kb used=1194Kb max_used=1210Kb free=4501Kb
 bounds [0x000001c464e90000, 0x000001c465100000, 0x000001c465420000]
 total_blobs=1733 nmethods=971 adapters=460
 compilation: enabled

Compilation events (10 events):
Event: 1.899 Thread 0x000001c47af25000 nmethod 963 0x000001c4655c3390 code [0x000001c4655c3560, 0x000001c4655c3910]
Event: 1.899 Thread 0x000001c47af25000  964       3       jdk.internal.logger.SurrogateLogger::defaultPlatformLevel (4 bytes)
Event: 1.899 Thread 0x000001c47af25000 nmethod 964 0x000001c4655c3a10 code [0x000001c4655c3bc0, 0x000001c4655c3d18]
Event: 1.985 Thread 0x000001c47af25000  965       3       sun.awt.image.PNGImageDecoder::sendPixels (44 bytes)
Event: 1.986 Thread 0x000001c47af25000 nmethod 965 0x000001c4655c3d90 code [0x000001c4655c3f60, 0x000001c4655c4230]
Event: 1.987 Thread 0x000001c47af25000  966       3       java.util.zip.InflaterInputStream::ensureOpen (18 bytes)
Event: 1.987 Thread 0x000001c47af25000 nmethod 966 0x000001c4655c4310 code [0x000001c4655c44e0, 0x000001c4655c4750]
Event: 1.988 Thread 0x000001c47af06800  967 %     4       java.awt.image.ReplicateScaleFilter::setPixels @ 146 (226 bytes)
Event: 1.996 Thread 0x000001c47af25000  968       3       java.awt.image.ReplicateScaleFilter::setPixels (226 bytes)
Event: 1.998 Thread 0x000001c47af25000 nmethod 968 0x000001c4655c4810 code [0x000001c4655c4a40, 0x000001c4655c5440]

GC Heap History (4 events):
Event: 1.701 GC heap before
{Heap before GC invocations=0 (full 0):
 garbage-first heap   total 131072K, used 23552K [0x0000000081400000, 0x0000000100000000)
  region size 1024K, 14 young (14336K), 0 survivors (0K)
 Metaspace       used 13680K, capacity 14030K, committed 14208K, reserved 1062912K
  class space    used 1364K, capacity 1564K, committed 1664K, reserved 1048576K
}
Event: 1.712 GC heap after
{Heap after GC invocations=1 (full 0):
 garbage-first heap   total 131072K, used 12550K [0x0000000081400000, 0x0000000100000000)
  region size 1024K, 2 young (2048K), 2 survivors (2048K)
 Metaspace       used 13680K, capacity 14030K, committed 14208K, reserved 1062912K
  class space    used 1364K, capacity 1564K, committed 1664K, reserved 1048576K
}
Event: 1.978 GC heap before
{Heap before GC invocations=1 (full 0):
 garbage-first heap   total 131072K, used 63750K [0x0000000081400000, 0x0000000100000000)
  region size 1024K, 9 young (9216K), 2 survivors (2048K)
 Metaspace       used 14166K, capacity 14574K, committed 14720K, reserved 1062912K
  class space    used 1409K, capacity 1596K, committed 1664K, reserved 1048576K
}
Event: 1.984 GC heap after
{Heap after GC invocations=2 (full 0):
 garbage-first heap   total 131072K, used 57786K [0x0000000081400000, 0x0000000100000000)
  region size 1024K, 3 young (3072K), 3 survivors (3072K)
 Metaspace       used 14166K, capacity 14574K, committed 14720K, reserved 1062912K
  class space    used 1409K, capacity 1596K, committed 1664K, reserved 1048576K
}

Deoptimization events (7 events):
Event: 0.324 Thread 0x000001c459b02800 Uncommon trap: reason=unstable_if action=reinterpret pc=0x000001c46c95cbd4 method=java.util.HashMap.putVal(ILjava/lang/Object;Ljava/lang/Object;ZZ)Ljava/lang/Object; @ 69 c2
Event: 0.346 Thread 0x000001c459b02800 Uncommon trap: reason=unstable_if action=reinterpret pc=0x000001c46c9532f0 method=java.lang.String.hashCode()I @ 14 c2
Event: 0.462 Thread 0x000001c459b02800 Uncommon trap: reason=unstable_if action=reinterpret pc=0x000001c46c961098 method=java.lang.String.charAt(I)C @ 4 c2
Event: 0.726 Thread 0x000001c459b02800 Uncommon trap: reason=unstable_if action=reinterpret pc=0x000001c46c975d18 method=java.lang.StringLatin1.replace([BCC)Ljava/lang/String; @ 19 c2
Event: 1.726 Thread 0x000001c47e026800 Uncommon trap: reason=unstable_if action=reinterpret pc=0x000001c46c9afa3c method=java.lang.ref.ReferenceQueue.poll()Ljava/lang/ref/Reference; @ 4 c2
Event: 1.770 Thread 0x000001c459b02800 Uncommon trap: reason=unstable_if action=reinterpret pc=0x000001c46c9a437c method=java.lang.AbstractStringBuilder.append(Ljava/lang/String;)Ljava/lang/AbstractStringBuilder; @ 1 c2
Event: 1.996 Thread 0x000001c459b02800 Uncommon trap: reason=unstable_if action=reinterpret pc=0x000001c46c9adb50 method=java.lang.ref.ReferenceQueue.poll()Ljava/lang/ref/Reference; @ 4 c2

Classes redefined (0 events):
No events

Internal exceptions (10 events):
Event: 1.466 Thread 0x000001c459b02800 Exception <a 'java/lang/NoSuchMethodError'{0x0000000088cb57e0}: java.lang.invoke.DirectMethodHandle$Holder.invokeStaticInit(Ljava/lang/Object;)V> (0x0000000088cb57e0) thrown at [t:/workspace/open/src/hotspot/share/interpreter/linkResolver.cpp, line 741]
Event: 1.573 Thread 0x000001c459b02800 Exception <a 'java/lang/NoSuchMethodError'{0x0000000088891f68}: java.lang.invoke.DirectMethodHandle$Holder.invokeStatic(Ljava/lang/Object;Ljava/lang/Object;Ljava/lang/Object;Ljava/lang/Object;Ljava/lang/Object;Ljava/lang/Object;Ljava/lang/Object;Ljava/lan
Event: 1.577 Thread 0x000001c459b02800 Exception <a 'java/lang/NoSuchMethodError'{0x00000000888b2880}: java.lang.invoke.DirectMethodHandle$Holder.invokeStatic(Ljava/lang/Object;Ljava/lang/Object;Ljava/lang/Object;Ljava/lang/Object;Ljava/lang/Object;Ljava/lang/Object;Ljava/lang/Object;Ljava/lan
Event: 1.581 Thread 0x000001c459b02800 Exception <a 'java/lang/NoSuchMethodError'{0x00000000888d3fb8}: java.lang.invoke.DirectMethodHandle$Holder.invokeStatic(Ljava/lang/Object;Ljava/lang/Object;Ljava/lang/Object;Ljava/lang/Object;Ljava/lang/Object;Ljava/lang/Object;Ljava/lang/Object;Ljava/lan
Event: 1.684 Thread 0x000001c47e026800 Exception <a 'java/lang/NoSuchMethodError'{0x00000000887e3700}: java.lang.invoke.DirectMethodHandle$Holder.invokeStatic(Ljava/lang/Object;Ljava/lang/Object;Ljava/lang/Object;Ljava/lang/Object;Ljava/lang/Object;Ljava/lang/Object;Ljava/lang/Object;Ljava/lan
Event: 1.770 Thread 0x000001c459b02800 Implicit null exception at 0x000001c46c9a3df4 to 0x000001c46c9a4362
Event: 1.772 Thread 0x000001c459b02800 Exception <a 'java/io/FileNotFoundException'{0x0000000088f308a8}> (0x0000000088f308a8) thrown at [t:/workspace/open/src/hotspot/share/prims/jni.cpp, line 611]
Event: 1.809 Thread 0x000001c459b02800 Exception <a 'java/io/FileNotFoundException'{0x0000000088f42450}> (0x0000000088f42450) thrown at [t:/workspace/open/src/hotspot/share/prims/jni.cpp, line 611]
Event: 1.810 Thread 0x000001c459b02800 Exception <a 'java/io/FileNotFoundException'{0x0000000088f50a40}> (0x0000000088f50a40) thrown at [t:/workspace/open/src/hotspot/share/prims/jni.cpp, line 611]
Event: 1.835 Thread 0x000001c459b02800 Exception <a 'java/io/FileNotFoundException'{0x0000000088f62158}> (0x0000000088f62158) thrown at [t:/workspace/open/src/hotspot/share/prims/jni.cpp, line 611]

Events (10 events):
Event: 1.996 Thread 0x000001c459b02800 DEOPT UNPACKING pc=0x000001c464eb8a2f sp=0x00000090420fe618 mode 2
Event: 1.996 Executing VM operation: RevokeBias
Event: 1.996 Executing VM operation: RevokeBias done
Event: 1.997 Thread 0x000001c47d9e7800 Thread added: 0x000001c47d9e7800
Event: 1.997 loading class java/util/Random
Event: 1.998 loading class java/util/Random done
Event: 1.998 loading class Dragon
Event: 1.998 loading class Dragon done
Event: 1.999 Executing VM operation: RevokeBias
Event: 2.023 Executing VM operation: RevokeBias done


Dynamic libraries:
0x00007ff603ec0000 - 0x00007ff603efe000 	C:\Program Files\Java\jdk-10.0.2\bin\java.exe
0x00007fffa63c0000 - 0x00007fffa65a1000 	C:\WINDOWS\SYSTEM32\ntdll.dll
0x00007fffa45f0000 - 0x00007fffa46a2000 	C:\WINDOWS\System32\KERNEL32.DLL
0x00007fffa3570000 - 0x00007fffa37e3000 	C:\WINDOWS\System32\KERNELBASE.dll
0x00007fffa5b50000 - 0x00007fffa5bf1000 	C:\WINDOWS\System32\ADVAPI32.dll
0x00007fffa3d40000 - 0x00007fffa3dde000 	C:\WINDOWS\System32\msvcrt.dll
0x00007fffa46b0000 - 0x00007fffa470b000 	C:\WINDOWS\System32\sechost.dll
0x00007fffa3de0000 - 0x00007fffa3f04000 	C:\WINDOWS\System32\RPCRT4.dll
0x00007fffa3bb0000 - 0x00007fffa3d40000 	C:\WINDOWS\System32\USER32.dll
0x00007fffa2e40000 - 0x00007fffa2e60000 	C:\WINDOWS\System32\win32u.dll
0x00007fffa3f10000 - 0x00007fffa3f38000 	C:\WINDOWS\System32\GDI32.dll
0x00007fffa2910000 - 0x00007fffa2aa2000 	C:\WINDOWS\System32\gdi32full.dll
0x00007fffa2d50000 - 0x00007fffa2def000 	C:\WINDOWS\System32\msvcp_win.dll
0x00007fffa2810000 - 0x00007fffa290a000 	C:\WINDOWS\System32\ucrtbase.dll
0x00007fff97990000 - 0x00007fff97bf9000 	C:\WINDOWS\WinSxS\amd64_microsoft.windows.common-controls_6595b64144ccf1df_6.0.17134.345_none_fb429a5930656358\COMCTL32.dll
0x00007fffa3880000 - 0x00007fffa3ba3000 	C:\WINDOWS\System32\combase.dll
0x00007fffa2790000 - 0x00007fffa280a000 	C:\WINDOWS\System32\bcryptPrimitives.dll
0x00007fffa0780000 - 0x00007fffa078a000 	C:\WINDOWS\SYSTEM32\VERSION.dll
0x00007fffa3850000 - 0x00007fffa387d000 	C:\WINDOWS\System32\IMM32.DLL
0x00007fff81a40000 - 0x00007fff81b2f000 	C:\Program Files\Java\jdk-10.0.2\bin\msvcr120.dll
0x00007fff81c80000 - 0x00007fff81d26000 	C:\Program Files\Java\jdk-10.0.2\bin\msvcp120.dll
0x000000006fa40000 - 0x00000000704b0000 	C:\Program Files\Java\jdk-10.0.2\bin\server\jvm.dll
0x00007fffa6380000 - 0x00007fffa6388000 	C:\WINDOWS\System32\PSAPI.DLL
0x00007fffa0870000 - 0x00007fffa0879000 	C:\WINDOWS\SYSTEM32\WSOCK32.dll
0x00007fffa4580000 - 0x00007fffa45ec000 	C:\WINDOWS\System32\WS2_32.dll
0x00007fff9f030000 - 0x00007fff9f053000 	C:\WINDOWS\SYSTEM32\WINMM.dll
0x00007fff9f000000 - 0x00007fff9f02a000 	C:\WINDOWS\SYSTEM32\WINMMBASE.dll
0x00007fffa2df0000 - 0x00007fffa2e39000 	C:\WINDOWS\System32\cfgmgr32.dll
0x00007fffa0fb0000 - 0x00007fffa0fbf000 	C:\Program Files\Java\jdk-10.0.2\bin\verify.dll
0x00007fffa2220000 - 0x00007fffa23e9000 	C:\WINDOWS\SYSTEM32\DBGHELP.DLL
0x00007fffa2150000 - 0x00007fffa2179000 	C:\WINDOWS\SYSTEM32\dbgcore.DLL
0x00007fffa0b10000 - 0x00007fffa0b37000 	C:\Program Files\Java\jdk-10.0.2\bin\java.dll
0x00007fff93840000 - 0x00007fff9386a000 	C:\Program Files\Java\jdk-10.0.2\bin\instrument.dll
0x00007fff96fa0000 - 0x00007fff96fb6000 	C:\Program Files\Java\jdk-10.0.2\bin\zip.dll
0x00007fffa0e10000 - 0x00007fffa0e1a000 	C:\Program Files\Java\jdk-10.0.2\bin\jimage.dll
0x00007fffa4710000 - 0x00007fffa5b4f000 	C:\WINDOWS\System32\SHELL32.dll
0x00007fffa3f40000 - 0x00007fffa3fe9000 	C:\WINDOWS\System32\shcore.dll
0x00007fffa2e60000 - 0x00007fffa356d000 	C:\WINDOWS\System32\windows.storage.dll
0x00007fffa6320000 - 0x00007fffa6371000 	C:\WINDOWS\System32\shlwapi.dll
0x00007fffa26d0000 - 0x00007fffa26e1000 	C:\WINDOWS\System32\kernel.appcore.dll
0x00007fffa26f0000 - 0x00007fffa270f000 	C:\WINDOWS\System32\profapi.dll
0x00007fffa2710000 - 0x00007fffa275c000 	C:\WINDOWS\System32\powrprof.dll
0x00007fffa2780000 - 0x00007fffa278a000 	C:\WINDOWS\System32\FLTLIB.DLL
0x00007fff96e10000 - 0x00007fff96e2a000 	C:\Program Files\Java\jdk-10.0.2\bin\net.dll
0x00007fff98570000 - 0x00007fff9864c000 	C:\WINDOWS\SYSTEM32\WINHTTP.dll
0x00007fffa1b90000 - 0x00007fffa1bf6000 	C:\WINDOWS\system32\mswsock.dll
0x00007fff96d70000 - 0x00007fff96d81000 	C:\Program Files\Java\jdk-10.0.2\bin\nio.dll
0x00007fff93820000 - 0x00007fff9383a000 	C:\Program Files\JetBrains\IntelliJ IDEA 2018.2.1\bin\breakgen64.dll
0x00007fff746a0000 - 0x00007fff7483b000 	C:\Program Files\Java\jdk-10.0.2\bin\awt.dll
0x00007fffa4000000 - 0x00007fffa40c2000 	C:\WINDOWS\System32\OLEAUT32.dll
0x00007fff9e2e0000 - 0x00007fff9e8a7000 	C:\WINDOWS\SYSTEM32\d2d1.dll
0x00007fff9f250000 - 0x00007fff9f2db000 	C:\WINDOWS\SYSTEM32\apphelp.dll
0x00007fff9fc10000 - 0x00007fff9fc39000 	C:\WINDOWS\system32\DWMAPI.DLL
0x00007fff9f7b0000 - 0x00007fff9f848000 	C:\WINDOWS\system32\uxtheme.dll
0x00007fff80db0000 - 0x00007fff80ed0000 	C:\WINDOWS\system32\opengl32.dll
0x00007fff9f150000 - 0x00007fff9f17c000 	C:\WINDOWS\SYSTEM32\GLU32.dll
0x00007fffa43a0000 - 0x00007fffa4514000 	C:\WINDOWS\System32\MSCTF.dll
0x00007fffa4240000 - 0x00007fffa4391000 	C:\WINDOWS\System32\ole32.dll
0x00007fff7cd20000 - 0x00007fff7cd85000 	C:\Program Files\Java\jdk-10.0.2\bin\fontmanager.dll
0x00007fff9a8e0000 - 0x00007fff9a977000 	C:\WINDOWS\System32\TextInputFramework.dll
0x00007fff9cc50000 - 0x00007fff9cf6e000 	C:\WINDOWS\System32\CoreUIComponents.dll
0x00007fff9eb20000 - 0x00007fff9ebfa000 	C:\WINDOWS\System32\CoreMessaging.dll
0x00007fffa1430000 - 0x00007fffa1461000 	C:\WINDOWS\SYSTEM32\ntmarta.dll
0x00007fff9d690000 - 0x00007fff9d7dd000 	C:\WINDOWS\SYSTEM32\wintypes.dll
0x00007fff81bc0000 - 0x00007fff81beb000 	C:\Program Files\Java\jdk-10.0.2\bin\javajpeg.dll
0x00007fff7ce40000 - 0x00007fff7ce82000 	C:\Program Files\Java\jdk-10.0.2\bin\t2k.dll
0x0000000180000000 - 0x0000000180025000 	C:\Users\Kali\Desktop\ledverde\mfz-rxtx-2.2-20081207-win-x64\mfz-rxtx-2.2-20081207-win-x64\rxtxSerial.dll

dbghelp: loaded successfully - version: 4.0.5 - missing functions: none
symbol engine: initialized successfully - sym options: 0x614 - pdb path: .;C:\Program Files\Java\jdk-10.0.2\bin;C:\WINDOWS\SYSTEM32;C:\WINDOWS\WinSxS\amd64_microsoft.windows.common-controls_6595b64144ccf1df_6.0.17134.345_none_fb429a5930656358;C:\Program Files\Java\jdk-10.0.2\bin\server;C:\Program Files\JetBrains\IntelliJ IDEA 2018.2.1\bin;C:\Users\Kali\Desktop\ledverde\mfz-rxtx-2.2-20081207-win-x64\mfz-rxtx-2.2-20081207-win-x64

VM Arguments:
jvm_args: -Djava.library.path=C:\Users\Kali\Desktop\ledverde\mfz-rxtx-2.2-20081207-win-x64\mfz-rxtx-2.2-20081207-win-x64 -javaagent:C:\Program Files\JetBrains\IntelliJ IDEA 2018.2.1\lib\idea_rt.jar=2312:C:\Program Files\JetBrains\IntelliJ IDEA 2018.2.1\bin -Dfile.encoding=UTF-8 
java_command: main
java_class_path (initial): C:\Users\Kali\Desktop\Kali\TEC, Semestre 2\Datos 1\Java\SideScrolling\out\production\SideScrolling;C:\Users\Kali\Desktop\ledverde\mfz-rxtx-2.2-20081207-win-x64\mfz-rxtx-2.2-20081207-win-x64\RXTXcomm.jar
Launcher Type: SUN_STANDARD

Logging:
Log output configuration:
#0: stdout all=warning uptime,level,tags
#1: stderr all=off uptime,level,tags

Environment Variables:
PATH=C:\Program Files (x86)\Common Files\Oracle\Java\javapath;C:\Program Files (x86)\NVIDIA Corporation\PhysX\Common;C:\ProgramData\Oracle\Java\javapath;C:\Program Files (x86)\Intel\iCLS Client\;C:\Program Files\Intel\iCLS Client\;C:\WINDOWS\system32;C:\WINDOWS;C:\WINDOWS\System32\Wbem;C:\WINDOWS\System32\WindowsPowerShell\v1.0\;C:\Program Files (x86)\Intel\Intel(R) Management Engine Components\DAL;C:\Program Files\Intel\Intel(R) Management Engine Components\DAL;C:\Program Files (x86)\Intel\Intel(R) Management Engine Components\IPT;C:\Program Files\Intel\Intel(R) Management Engine Components\IPT;C:\Program Files\Microsoft SQL Server\Client SDK\ODBC\110\Tools\Binn\;C:\Program Files (x86)\Microsoft SQL Server\120\Tools\Binn\;C:\Program Files\Microsoft SQL Server\120\Tools\Binn\;C:\Program Files\Microsoft SQL Server\120\DTS\Binn\;C:\Program Files (x86)\Windows Kits\8.1\Windows Performance Toolkit\;C:\WINDOWS\System32\OpenSSH\;C:\Program Files\Git\cmd;C:\Users\Kali\AppData\Local\Programs\Python\Python36-32\Scripts\;C:\Users\Kali\AppData\Local\Programs\Python\Python36-32\;C:\Users\Kali\AppData\Local\Microsoft\WindowsApps
USERNAME=Kali
OS=Windows_NT
PROCESSOR_IDENTIFIER=Intel64 Family 6 Model 61 Stepping 4, GenuineIntel



---------------  S Y S T E M  ---------------

OS: Windows 10 , 64 bit Build 17134 (10.0.17134.1)

CPU:total 4 (initial active 4) (2 cores per cpu, 2 threads per core) family 6 model 61 stepping 4, cmov, cx8, fxsr, mmx, sse, sse2, sse3, ssse3, sse4.1, sse4.2, popcnt, avx, avx2, aes, clmul, erms, 3dnowpref, lzcnt, ht, tsc, tscinvbit, bmi1, bmi2, adx, fma

Memory: 4k page, physical 8301580k(3890092k free), swap 9612300k(4069052k free)

vm_info: Java HotSpot(TM) 64-Bit Server VM (10.0.2+13) for windows-amd64 JRE (10.0.2+13), built on Jun 28 2018 01:57:56 by "mach5one" with MS VC++ 12.0 (VS2013)

END.
