#
# A fatal error has been detected by the Java Runtime Environment:
#
#  EXCEPTION_ACCESS_VIOLATION (0xc0000005) at pc=0x0000000180005b00, pid=7412, tid=14288
#
# JRE version: Java(TM) SE Runtime Environment (10.0.2+13) (build 10.0.2+13)
# Java VM: Java HotSpot(TM) 64-Bit Server VM (10.0.2+13, mixed mode, tiered, compressed oops, g1 gc, windows-amd64)
# Problematic frame:
# C  [rxtxSerial.dll+0x5b00]
#
# No core dump will be written. Minidumps are not enabled by default on client versions of Windows
#
# If you would like to submit a bug report, please visit:
#   http://bugreport.java.com/bugreport/crash.jsp
# The crash happened outside the Java Virtual Machine in native code.
# See problematic frame for where to report the bug.
#

---------------  S U M M A R Y ------------

Command Line: -Djava.library.path=C:\Users\Kali\Desktop\ledverde\mfz-rxtx-2.2-20081207-win-x64\mfz-rxtx-2.2-20081207-win-x64 -javaagent:C:\Program Files\JetBrains\IntelliJ IDEA 2018.2.1\lib\idea_rt.jar=2304:C:\Program Files\JetBrains\IntelliJ IDEA 2018.2.1\bin -Dfile.encoding=UTF-8 main

Host: Intel(R) Core(TM) i3-5005U CPU @ 2.00GHz, 4 cores, 7G,  Windows 10 , 64 bit Build 17134 (10.0.17134.1)
Time: Wed Oct 24 15:31:12 2018 Hora de verano de las Montañas elapsed time: 11 seconds (0d 0h 0m 11s)

---------------  T H R E A D  ---------------

Current thread (0x00000191449b0000):  JavaThread "Thread-0" [_thread_in_native, id=14288, stack(0x0000008a7ef00000,0x0000008a7f000000)]

Stack: [0x0000008a7ef00000,0x0000008a7f000000],  sp=0x0000008a7effdff0,  free space=1015k
Native frames: (J=compiled Java code, j=interpreted, Vv=VM code, C=native code)
C  [rxtxSerial.dll+0x5b00]

Java frames: (J=compiled Java code, j=interpreted, Vv=VM code)
j  gnu.io.RXTXPort.readArray([BII)I+0
j  gnu.io.RXTXPort$SerialInputStream.read([BII)I+212
j  sun.nio.cs.StreamDecoder.readBytes()I+135 java.base@10.0.2
j  sun.nio.cs.StreamDecoder.implRead([CII)I+112 java.base@10.0.2
j  sun.nio.cs.StreamDecoder.read([CII)I+180 java.base@10.0.2
j  java.io.InputStreamReader.read([CII)I+7 java.base@10.0.2
j  java.io.BufferedReader.fill()V+145 java.base@10.0.2
j  java.io.BufferedReader.readLine(Z)Ljava/lang/String;+44 java.base@10.0.2
j  java.io.BufferedReader.readLine()Ljava/lang/String;+2 java.base@10.0.2
j  Huerfana.serialEvent(Lgnu/io/SerialPortEvent;)V+12
j  gnu.io.RXTXPort.sendEvent(IZ)Z+382
v  ~StubRoutines::call_stub
j  gnu.io.RXTXPort.eventLoop()V+0
j  gnu.io.RXTXPort$MonitorThread.run()V+12
v  ~StubRoutines::call_stub

siginfo: EXCEPTION_ACCESS_VIOLATION (0xc0000005), reading address 0x000000007effedb8


Register to memory mapping:

RIP=0x0000000180005b00 rxtxSerial.dll
RAX=0x0000000000000001 is an unknown value
RBX=0x0000000000000000 is an unknown value
RCX=0x000000018001d4d5 rxtxSerial.dll
RDX=0xfffffffffffff665 is an unknown value
RSP=0x0000008a7effdff0 is pointing into the stack for thread: 0x00000191449b0000
RBP=
[error occurred during error reporting (printing register info), id 0xc0000005]

Registers:
RAX=0x0000000000000001, RBX=0x0000000000000000, RCX=0x000000018001d4d5, RDX=0xfffffffffffff665
RSP=0x0000008a7effdff0, RBP=0x00000000ffffffff, RSI=0x0000000000000000, RDI=0x00000191449b0270
R8 =0x0000000000000002, R9 =0xfffffffffffff63c, R10=0x00000000000002c0, R11=0x8101010101010100
R12=0x000000007effedb0, R13=0x0000000000000001, R14=0x0000008a7effe1e0, R15=0x0000000000000000
RIP=0x0000000180005b00, EFLAGS=0x0000000000010202

Top of Stack: (sp=0x0000008a7effdff0)
0x0000008a7effdff0:   0000000000000000 0000000000000000
0x0000008a7effe000:   0000008a7effe1e8 0000000000000000
0x0000008a7effe010:   0000000000000000 0000008a7effe1e0
0x0000008a7effe020:   0000019147616538 0000000000000001
0x0000008a7effe030:   00000191449b0270 0000000000000001
0x0000008a7effe040:   ffffffffffffffff 0000000180006211
0x0000008a7effe050:   00000191464fd070 0000000000000000
0x0000008a7effe060:   ffffffff00000001 00000191464fd070
0x0000008a7effe070:   0000008a00000001 00000000ffffffff
0x0000008a7effe080:   0000008a7effe1e8 0000019147616540
0x0000008a7effe090:   0000019147616540 0000019145fea430
0x0000008a7effe0a0:   0000008a7effea38 000000006fda46e3
0x0000008a7effe0b0:   00000191449b0000 000000010007e0f8
0x0000008a7effe0c0:   0000019145fea430 00006b62dd9dbb55
0x0000008a7effe0d0:   0000019147616540 0000019147616538
0x0000008a7effe0e0:   00000191449b0000 0000008a7effe1e8 

Instructions: (pc=0x0000000180005b00)
0x0000000180005ae0:   15 23 7a 01 00 48 8d 48 60 e8 3a 5d 00 00 4c 8b
0x0000000180005af0:   e5 8b ac 24 88 00 00 00 44 8b ac 24 80 00 00 00
0x0000000180005b00:   45 8b 74 24 08 41 89 5c 24 08 41 8b fd 85 ed 78
0x0000000180005b10:   09 ff 15 e9 14 01 00 44 8b f8 45 85 ed 7e 4a 90 



---------------  P R O C E S S  ---------------

Threads class SMR info:
_java_thread_list=0x00000191465f7900, length=21, elements={
0x0000019143779000, 0x000001914377b800, 0x0000019144102800, 0x0000019143783000,
0x0000019143786800, 0x0000019143789000, 0x0000019143790000, 0x00000191437ad800,
0x0000019144394800, 0x0000019144566800, 0x000001914456f800, 0x0000019144484800,
0x000001914446e000, 0x0000019144483800, 0x00000191464ce800, 0x0000019146927000,
0x0000019144b18800, 0x00000191449b0000, 0x000001914607a000, 0x0000019146080800,
0x000001914607b000
}

Java Threads: ( => current thread )
  0x0000019143779000 JavaThread "Reference Handler" daemon [_thread_blocked, id=9856, stack(0x0000008a7db00000,0x0000008a7dc00000)]
  0x000001914377b800 JavaThread "Finalizer" daemon [_thread_blocked, id=12228, stack(0x0000008a7dc00000,0x0000008a7dd00000)]
  0x0000019144102800 JavaThread "Signal Dispatcher" daemon [_thread_blocked, id=6716, stack(0x0000008a7dd00000,0x0000008a7de00000)]
  0x0000019143783000 JavaThread "Attach Listener" daemon [_thread_blocked, id=6400, stack(0x0000008a7de00000,0x0000008a7df00000)]
  0x0000019143786800 JavaThread "C2 CompilerThread0" daemon [_thread_blocked, id=852, stack(0x0000008a7df00000,0x0000008a7e000000)]
  0x0000019143789000 JavaThread "C2 CompilerThread1" daemon [_thread_in_native, id=4040, stack(0x0000008a7e000000,0x0000008a7e100000)]
  0x0000019143790000 JavaThread "C1 CompilerThread2" daemon [_thread_blocked, id=13156, stack(0x0000008a7e100000,0x0000008a7e200000)]
  0x00000191437ad800 JavaThread "Sweeper thread" daemon [_thread_blocked, id=6844, stack(0x0000008a7e200000,0x0000008a7e300000)]
  0x0000019144394800 JavaThread "Common-Cleaner" daemon [_thread_blocked, id=8436, stack(0x0000008a7e300000,0x0000008a7e400000)]
  0x0000019144566800 JavaThread "Monitor Ctrl-Break" daemon [_thread_in_native, id=5108, stack(0x0000008a7e400000,0x0000008a7e500000)]
  0x000001914456f800 JavaThread "Service Thread" daemon [_thread_blocked, id=9624, stack(0x0000008a7e500000,0x0000008a7e600000)]
  0x0000019144484800 JavaThread "Java2D Disposer" daemon [_thread_blocked, id=8320, stack(0x0000008a7e700000,0x0000008a7e800000)]
  0x000001914446e000 JavaThread "AWT-Shutdown" [_thread_blocked, id=12800, stack(0x0000008a7e800000,0x0000008a7e900000)]
  0x0000019144483800 JavaThread "AWT-Windows" daemon [_thread_in_native, id=13436, stack(0x0000008a7e900000,0x0000008a7ea00000)]
  0x00000191464ce800 JavaThread "Image Animator 3" daemon [_thread_blocked, id=6044, stack(0x0000008a7ea00000,0x0000008a7eb00000)]
  0x0000019146927000 JavaThread "Image Animator 2" daemon [_thread_blocked, id=1460, stack(0x0000008a7ec00000,0x0000008a7ed00000)]
  0x0000019144b18800 JavaThread "AWT-EventQueue-0" [_thread_in_native, id=11536, stack(0x0000008a7ed00000,0x0000008a7ee00000)]
=>0x00000191449b0000 JavaThread "Thread-0" [_thread_in_native, id=14288, stack(0x0000008a7ef00000,0x0000008a7f000000)]
  0x000001914607a000 JavaThread "Thread-2" [_thread_blocked, id=12448, stack(0x0000008a7f000000,0x0000008a7f100000)]
  0x0000019146080800 JavaThread "DestroyJavaVM" [_thread_blocked, id=2360, stack(0x0000008a7ce00000,0x0000008a7cf00000)]
  0x000001914607b000 JavaThread "Image Animator 0" daemon [_thread_blocked, id=11584, stack(0x0000008a7f100000,0x0000008a7f200000)]

Other Threads:
  0x0000019143764800 VMThread "VM Thread" [stack: 0x0000008a7da00000,0x0000008a7db00000] [id=5016]
  0x000001914430a800 WatcherThread [stack: 0x0000008a7e600000,0x0000008a7e700000] [id=13692]
  0x00000191223aa000 GCTaskThread "GC Thread#0" [stack: 0x0000008a7cf00000,0x0000008a7d000000] [id=10472]
  0x00000191223ad000 GCTaskThread "GC Thread#1" [stack: 0x0000008a7d000000,0x0000008a7d100000] [id=11408]
  0x00000191223ae800 GCTaskThread "GC Thread#2" [stack: 0x0000008a7d100000,0x0000008a7d200000] [id=7468]
  0x00000191223b1000 GCTaskThread "GC Thread#3" [stack: 0x0000008a7d200000,0x0000008a7d300000] [id=12560]
  0x000001912241b000 ConcurrentGCThread "G1 Main Marker" [stack: 0x0000008a7d300000,0x0000008a7d400000] [id=4476]
  0x000001912241e800 ConcurrentGCThread "G1 Conc#0" [stack: 0x0000008a7d400000,0x0000008a7d500000] [id=12408]
  0x00000191435e7000 ConcurrentGCThread "G1 Refine#0" [stack: 0x0000008a7d500000,0x0000008a7d600000] [id=11428]
  0x00000191435e7800 ConcurrentGCThread "G1 Refine#1" [stack: 0x0000008a7d600000,0x0000008a7d700000] [id=9940]
  0x00000191435e8800 ConcurrentGCThread "G1 Refine#2" [stack: 0x0000008a7d700000,0x0000008a7d800000] [id=9096]
  0x00000191435e9800 ConcurrentGCThread "G1 Refine#3" [stack: 0x0000008a7d800000,0x0000008a7d900000] [id=6776]
  0x00000191435ec800 ConcurrentGCThread "G1 Young RemSet Sampling" [stack: 0x0000008a7d900000,0x0000008a7da00000] [id=3808]

Threads with active compile tasks:
C2 CompilerThread11472   !   4       sun.awt.image.GifFrame::dispose (414 bytes)

VM state:not at safepoint (normal execution)

VM Mutex/Monitor currently owned by a thread: None

Heap address: 0x0000000081400000, size: 2028 MB, Compressed Oops mode: 32-bit
Narrow klass base: 0x0000000000000000, Narrow klass shift: 3
Compressed class space size: 1073741824 Address: 0x0000000100000000

Heap:
 garbage-first heap   total 189440K, used 62415K [0x0000000081400000, 0x0000000100000000)
  region size 1024K, 3 young (3072K), 1 survivors (1024K)
 Metaspace       used 14565K, capacity 14905K, committed 15232K, reserved 1062912K
  class space    used 1412K, capacity 1597K, committed 1664K, reserved 1048576K
Heap Regions: E=young(eden), S=young(survivor), O=old, HS=humongous(starts), HC=humongous(continues), CS=collection set, F=free, A=archive, TS=gc time stamp, AC=allocation context, TAMS=top-at-mark-start (previous, next)
|   0|0x0000000081400000, 0x0000000081500000, 0x0000000081500000|100%|HS|  |TS  0|AC  0|TAMS 0x0000000081500000, 0x0000000081500000|
|   1|0x0000000081500000, 0x0000000081600000, 0x0000000081600000|100%|HC|  |TS  0|AC  0|TAMS 0x0000000081600000, 0x0000000081600000|
|   2|0x0000000081600000, 0x0000000081700000, 0x0000000081700000|100%|HC|  |TS  0|AC  0|TAMS 0x0000000081700000, 0x0000000081700000|
|   3|0x0000000081700000, 0x0000000081800000, 0x0000000081800000|100%|HC|  |TS  0|AC  0|TAMS 0x0000000081800000, 0x0000000081800000|
|   4|0x0000000081800000, 0x0000000081900000, 0x0000000081900000|100%|HC|  |TS  0|AC  0|TAMS 0x0000000081900000, 0x0000000081900000|
|   5|0x0000000081900000, 0x0000000081a00000, 0x0000000081a00000|100%|HS|  |TS  0|AC  0|TAMS 0x0000000081900000, 0x0000000081900000|
|   6|0x0000000081a00000, 0x0000000081b00000, 0x0000000081b00000|100%|HC|  |TS  0|AC  0|TAMS 0x0000000081a00000, 0x0000000081a00000|
|   7|0x0000000081b00000, 0x0000000081c00000, 0x0000000081c00000|100%|HC|  |TS  0|AC  0|TAMS 0x0000000081b00000, 0x0000000081b00000|
|   8|0x0000000081c00000, 0x0000000081d00000, 0x0000000081d00000|100%|HC|  |TS  0|AC  0|TAMS 0x0000000081c00000, 0x0000000081c00000|
|   9|0x0000000081d00000, 0x0000000081e00000, 0x0000000081e00000|100%| O|  |TS  0|AC  0|TAMS 0x0000000081e00000, 0x0000000081e00000|
|  10|0x0000000081e00000, 0x0000000081f00000, 0x0000000081f00000|100%| O|  |TS  0|AC  0|TAMS 0x0000000081f00000, 0x0000000081f00000|
|  11|0x0000000081f00000, 0x0000000082000000, 0x0000000082000000|100%|HS|  |TS  0|AC  0|TAMS 0x0000000081f00000, 0x0000000081f00000|
|  12|0x0000000082000000, 0x0000000082100000, 0x0000000082100000|100%|HC|  |TS  0|AC  0|TAMS 0x0000000082000000, 0x0000000082000000|
|  13|0x0000000082100000, 0x0000000082200000, 0x0000000082200000|100%|HC|  |TS  0|AC  0|TAMS 0x0000000082100000, 0x0000000082100000|
|  14|0x0000000082200000, 0x0000000082300000, 0x0000000082300000|100%|HC|  |TS  0|AC  0|TAMS 0x0000000082200000, 0x0000000082200000|
|  15|0x0000000082300000, 0x0000000082400000, 0x0000000082400000|100%|HS|  |TS  0|AC  0|TAMS 0x0000000082300000, 0x0000000082300000|
|  16|0x0000000082400000, 0x0000000082500000, 0x0000000082500000|100%|HC|  |TS  0|AC  0|TAMS 0x0000000082400000, 0x0000000082400000|
|  17|0x0000000082500000, 0x0000000082600000, 0x0000000082600000|100%|HC|  |TS  0|AC  0|TAMS 0x0000000082500000, 0x0000000082500000|
|  18|0x0000000082600000, 0x0000000082700000, 0x0000000082700000|100%|HC|  |TS  0|AC  0|TAMS 0x0000000082600000, 0x0000000082600000|
|  19|0x0000000082700000, 0x0000000082800000, 0x0000000082800000|100%|HS|  |TS  0|AC  0|TAMS 0x0000000082700000, 0x0000000082700000|
|  20|0x0000000082800000, 0x0000000082900000, 0x0000000082900000|100%|HC|  |TS  0|AC  0|TAMS 0x0000000082800000, 0x0000000082800000|
|  21|0x0000000082900000, 0x0000000082a00000, 0x0000000082a00000|100%|HC|  |TS  0|AC  0|TAMS 0x0000000082900000, 0x0000000082900000|
|  22|0x0000000082a00000, 0x0000000082b00000, 0x0000000082b00000|100%|HC|  |TS  0|AC  0|TAMS 0x0000000082a00000, 0x0000000082a00000|
|  23|0x0000000082b00000, 0x0000000082c00000, 0x0000000082c00000|100%|HS|  |TS  0|AC  0|TAMS 0x0000000082b00000, 0x0000000082b00000|
|  24|0x0000000082c00000, 0x0000000082d00000, 0x0000000082d00000|100%|HC|  |TS  0|AC  0|TAMS 0x0000000082c00000, 0x0000000082c00000|
|  25|0x0000000082d00000, 0x0000000082e00000, 0x0000000082e00000|100%|HC|  |TS  0|AC  0|TAMS 0x0000000082d00000, 0x0000000082d00000|
|  26|0x0000000082e00000, 0x0000000082f00000, 0x0000000082f00000|100%|HC|  |TS  0|AC  0|TAMS 0x0000000082e00000, 0x0000000082e00000|
|  27|0x0000000082f00000, 0x0000000083000000, 0x0000000083000000|100%|HS|  |TS  0|AC  0|TAMS 0x0000000082f00000, 0x0000000082f00000|
|  28|0x0000000083000000, 0x0000000083100000, 0x0000000083100000|100%|HC|  |TS  0|AC  0|TAMS 0x0000000083000000, 0x0000000083000000|
|  29|0x0000000083100000, 0x0000000083200000, 0x0000000083200000|100%|HC|  |TS  0|AC  0|TAMS 0x0000000083100000, 0x0000000083100000|
|  30|0x0000000083200000, 0x0000000083300000, 0x0000000083300000|100%|HC|  |TS  0|AC  0|TAMS 0x0000000083200000, 0x0000000083200000|
|  31|0x0000000083300000, 0x0000000083300000, 0x0000000083400000|  0%| F|  |TS  0|AC  0|TAMS 0x0000000083300000, 0x0000000083300000|
|  32|0x0000000083400000, 0x0000000083400000, 0x0000000083500000|  0%| F|  |TS  0|AC  0|TAMS 0x0000000083400000, 0x0000000083400000|
|  33|0x0000000083500000, 0x0000000083500000, 0x0000000083600000|  0%| F|  |TS  0|AC  0|TAMS 0x0000000083500000, 0x0000000083500000|
|  34|0x0000000083600000, 0x0000000083600000, 0x0000000083700000|  0%| F|  |TS  0|AC  0|TAMS 0x0000000083600000, 0x0000000083600000|
|  35|0x0000000083700000, 0x0000000083700000, 0x0000000083800000|  0%| F|  |TS  0|AC  0|TAMS 0x0000000083700000, 0x0000000083700000|
|  36|0x0000000083800000, 0x0000000083800000, 0x0000000083900000|  0%| F|  |TS  0|AC  0|TAMS 0x0000000083800000, 0x0000000083800000|
|  37|0x0000000083900000, 0x0000000083900000, 0x0000000083a00000|  0%| F|  |TS  0|AC  0|TAMS 0x0000000083900000, 0x0000000083900000|
|  38|0x0000000083a00000, 0x0000000083a00000, 0x0000000083b00000|  0%| F|  |TS  0|AC  0|TAMS 0x0000000083a00000, 0x0000000083a00000|
|  39|0x0000000083b00000, 0x0000000083b00000, 0x0000000083c00000|  0%| F|  |TS  0|AC  0|TAMS 0x0000000083b00000, 0x0000000083b00000|
|  40|0x0000000083c00000, 0x0000000083c00000, 0x0000000083d00000|  0%| F|  |TS  0|AC  0|TAMS 0x0000000083c00000, 0x0000000083c00000|
|  41|0x0000000083d00000, 0x0000000083d00000, 0x0000000083e00000|  0%| F|  |TS  0|AC  0|TAMS 0x0000000083d00000, 0x0000000083d00000|
|  42|0x0000000083e00000, 0x0000000083e00000, 0x0000000083f00000|  0%| F|  |TS  0|AC  0|TAMS 0x0000000083e00000, 0x0000000083e00000|
|  43|0x0000000083f00000, 0x0000000084000000, 0x0000000084000000|100%| O|  |TS  0|AC  0|TAMS 0x0000000084000000, 0x0000000084000000|
|  44|0x0000000084000000, 0x00000000840f1c00, 0x0000000084100000| 94%| O|  |TS  0|AC  0|TAMS 0x00000000840f1c00, 0x00000000840f1c00|
|  45|0x0000000084100000, 0x0000000084100000, 0x0000000084200000|  0%| F|  |TS  0|AC  0|TAMS 0x0000000084100000, 0x0000000084100000|
|  46|0x0000000084200000, 0x0000000084200000, 0x0000000084300000|  0%| F|  |TS  0|AC  0|TAMS 0x0000000084200000, 0x0000000084200000|
|  47|0x0000000084300000, 0x0000000084300000, 0x0000000084400000|  0%| F|  |TS  0|AC  0|TAMS 0x0000000084300000, 0x0000000084300000|
|  48|0x0000000084400000, 0x0000000084400000, 0x0000000084500000|  0%| F|  |TS  0|AC  0|TAMS 0x0000000084400000, 0x0000000084400000|
|  49|0x0000000084500000, 0x0000000084500000, 0x0000000084600000|  0%| F|  |TS  0|AC  0|TAMS 0x0000000084500000, 0x0000000084500000|
|  50|0x0000000084600000, 0x0000000084600000, 0x0000000084700000|  0%| F|  |TS  0|AC  0|TAMS 0x0000000084600000, 0x0000000084600000|
|  51|0x0000000084700000, 0x0000000084700000, 0x0000000084800000|  0%| F|  |TS  0|AC  0|TAMS 0x0000000084700000, 0x0000000084700000|
|  52|0x0000000084800000, 0x0000000084800000, 0x0000000084900000|  0%| F|  |TS  0|AC  0|TAMS 0x0000000084800000, 0x0000000084800000|
|  53|0x0000000084900000, 0x0000000084900000, 0x0000000084a00000|  0%| F|  |TS  0|AC  0|TAMS 0x0000000084900000, 0x0000000084900000|
|  54|0x0000000084a00000, 0x0000000084a00000, 0x0000000084b00000|  0%| F|  |TS  0|AC  0|TAMS 0x0000000084a00000, 0x0000000084a00000|
|  55|0x0000000084b00000, 0x0000000084c00000, 0x0000000084c00000|100%|HS|  |TS  0|AC  0|TAMS 0x0000000084c00000, 0x0000000084c00000|
|  56|0x0000000084c00000, 0x0000000084d00000, 0x0000000084d00000|100%|HC|  |TS  0|AC  0|TAMS 0x0000000084d00000, 0x0000000084d00000|
|  57|0x0000000084d00000, 0x0000000084e00000, 0x0000000084e00000|100%|HC|  |TS  0|AC  0|TAMS 0x0000000084e00000, 0x0000000084e00000|
|  58|0x0000000084e00000, 0x0000000084e00000, 0x0000000084f00000|  0%| F|  |TS  0|AC  0|TAMS 0x0000000084e00000, 0x0000000084e00000|
|  59|0x0000000084f00000, 0x0000000084f00000, 0x0000000085000000|  0%| F|  |TS  0|AC  0|TAMS 0x0000000084f00000, 0x0000000084f00000|
|  60|0x0000000085000000, 0x0000000085000000, 0x0000000085100000|  0%| F|  |TS  0|AC  0|TAMS 0x0000000085000000, 0x0000000085000000|
|  61|0x0000000085100000, 0x0000000085100000, 0x0000000085200000|  0%| F|  |TS  0|AC  0|TAMS 0x0000000085100000, 0x0000000085100000|
|  62|0x0000000085200000, 0x0000000085300000, 0x0000000085300000|100%|HS|  |TS  0|AC  0|TAMS 0x0000000085300000, 0x0000000085300000|
|  63|0x0000000085300000, 0x0000000085400000, 0x0000000085400000|100%|HC|  |TS  0|AC  0|TAMS 0x0000000085400000, 0x0000000085400000|
|  64|0x0000000085400000, 0x0000000085500000, 0x0000000085500000|100%|HC|  |TS  0|AC  0|TAMS 0x0000000085500000, 0x0000000085500000|
|  65|0x0000000085500000, 0x0000000085600000, 0x0000000085600000|100%|HC|  |TS  0|AC  0|TAMS 0x0000000085600000, 0x0000000085600000|
|  66|0x0000000085600000, 0x0000000085600000, 0x0000000085700000|  0%| F|  |TS  0|AC  0|TAMS 0x0000000085600000, 0x0000000085600000|
|  67|0x0000000085700000, 0x0000000085700000, 0x0000000085800000|  0%| F|  |TS  0|AC  0|TAMS 0x0000000085700000, 0x0000000085700000|
|  68|0x0000000085800000, 0x0000000085800000, 0x0000000085900000|  0%| F|  |TS  0|AC  0|TAMS 0x0000000085800000, 0x0000000085800000|
|  69|0x0000000085900000, 0x0000000085900000, 0x0000000085a00000|  0%| F|  |TS  0|AC  0|TAMS 0x0000000085900000, 0x0000000085900000|
|  70|0x0000000085a00000, 0x0000000085b00000, 0x0000000085b00000|100%|HS|  |TS  0|AC  0|TAMS 0x0000000085a00000, 0x0000000085a00000|
|  71|0x0000000085b00000, 0x0000000085c00000, 0x0000000085c00000|100%|HC|  |TS  0|AC  0|TAMS 0x0000000085b00000, 0x0000000085b00000|
|  72|0x0000000085c00000, 0x0000000085d00000, 0x0000000085d00000|100%|HC|  |TS  0|AC  0|TAMS 0x0000000085c00000, 0x0000000085c00000|
|  73|0x0000000085d00000, 0x0000000085e00000, 0x0000000085e00000|100%|HC|  |TS  0|AC  0|TAMS 0x0000000085d00000, 0x0000000085d00000|
|  74|0x0000000085e00000, 0x0000000085e00000, 0x0000000085f00000|  0%| F|  |TS  0|AC  0|TAMS 0x0000000085e00000, 0x0000000085e00000|
|  75|0x0000000085f00000, 0x0000000085f00000, 0x0000000086000000|  0%| F|  |TS  0|AC  0|TAMS 0x0000000085f00000, 0x0000000085f00000|
|  76|0x0000000086000000, 0x0000000086000000, 0x0000000086100000|  0%| F|  |TS  0|AC  0|TAMS 0x0000000086000000, 0x0000000086000000|
|  77|0x0000000086100000, 0x0000000086100000, 0x0000000086200000|  0%| F|  |TS  0|AC  0|TAMS 0x0000000086100000, 0x0000000086100000|
|  78|0x0000000086200000, 0x0000000086300000, 0x0000000086300000|100%|HS|  |TS  0|AC  0|TAMS 0x0000000086200000, 0x0000000086200000|
|  79|0x0000000086300000, 0x0000000086400000, 0x0000000086400000|100%|HC|  |TS  0|AC  0|TAMS 0x0000000086300000, 0x0000000086300000|
|  80|0x0000000086400000, 0x0000000086500000, 0x0000000086500000|100%|HC|  |TS  0|AC  0|TAMS 0x0000000086400000, 0x0000000086400000|
|  81|0x0000000086500000, 0x0000000086600000, 0x0000000086600000|100%|HC|  |TS  0|AC  0|TAMS 0x0000000086500000, 0x0000000086500000|
|  82|0x0000000086600000, 0x0000000086600000, 0x0000000086700000|  0%| F|  |TS  0|AC  0|TAMS 0x0000000086600000, 0x0000000086600000|
|  83|0x0000000086700000, 0x0000000086700000, 0x0000000086800000|  0%| F|  |TS  0|AC  0|TAMS 0x0000000086700000, 0x0000000086700000|
|  84|0x0000000086800000, 0x0000000086800000, 0x0000000086900000|  0%| F|  |TS  0|AC  0|TAMS 0x0000000086800000, 0x0000000086800000|
|  85|0x0000000086900000, 0x0000000086900000, 0x0000000086a00000|  0%| F|  |TS  0|AC  0|TAMS 0x0000000086900000, 0x0000000086900000|
|  86|0x0000000086a00000, 0x0000000086b00000, 0x0000000086b00000|100%|HS|  |TS  0|AC  0|TAMS 0x0000000086a00000, 0x0000000086a00000|
|  87|0x0000000086b00000, 0x0000000086c00000, 0x0000000086c00000|100%|HC|  |TS  0|AC  0|TAMS 0x0000000086b00000, 0x0000000086b00000|
|  88|0x0000000086c00000, 0x0000000086d00000, 0x0000000086d00000|100%|HC|  |TS  0|AC  0|TAMS 0x0000000086c00000, 0x0000000086c00000|
|  89|0x0000000086d00000, 0x0000000086e00000, 0x0000000086e00000|100%|HC|  |TS  0|AC  0|TAMS 0x0000000086d00000, 0x0000000086d00000|
|  90|0x0000000086e00000, 0x0000000086e00000, 0x0000000086f00000|  0%| F|  |TS  0|AC  0|TAMS 0x0000000086e00000, 0x0000000086e00000|
|  91|0x0000000086f00000, 0x0000000086f00000, 0x0000000087000000|  0%| F|  |TS  0|AC  0|TAMS 0x0000000086f00000, 0x0000000086f00000|
|  92|0x0000000087000000, 0x0000000087000000, 0x0000000087100000|  0%| F|  |TS  0|AC  0|TAMS 0x0000000087000000, 0x0000000087000000|
|  93|0x0000000087100000, 0x0000000087100000, 0x0000000087200000|  0%| F|  |TS  0|AC  0|TAMS 0x0000000087100000, 0x0000000087100000|
|  94|0x0000000087200000, 0x0000000087300000, 0x0000000087300000|100%|HS|  |TS  0|AC  0|TAMS 0x0000000087200000, 0x0000000087200000|
|  95|0x0000000087300000, 0x0000000087400000, 0x0000000087400000|100%|HC|  |TS  0|AC  0|TAMS 0x0000000087300000, 0x0000000087300000|
|  96|0x0000000087400000, 0x0000000087500000, 0x0000000087500000|100%|HC|  |TS  0|AC  0|TAMS 0x0000000087400000, 0x0000000087400000|
|  97|0x0000000087500000, 0x0000000087600000, 0x0000000087600000|100%|HC|  |TS  0|AC  0|TAMS 0x0000000087500000, 0x0000000087500000|
|  98|0x0000000087600000, 0x0000000087700000, 0x0000000087700000|100%|HS|  |TS  0|AC  0|TAMS 0x0000000087600000, 0x0000000087600000|
|  99|0x0000000087700000, 0x0000000087800000, 0x0000000087800000|100%|HC|  |TS  0|AC  0|TAMS 0x0000000087700000, 0x0000000087700000|
| 100|0x0000000087800000, 0x0000000087900000, 0x0000000087900000|100%|HC|  |TS  0|AC  0|TAMS 0x0000000087800000, 0x0000000087800000|
| 101|0x0000000087900000, 0x0000000087a00000, 0x0000000087a00000|100%|HC|  |TS  0|AC  0|TAMS 0x0000000087900000, 0x0000000087900000|
| 102|0x0000000087a00000, 0x0000000087a00000, 0x0000000087b00000|  0%| F|  |TS  0|AC  0|TAMS 0x0000000087a00000, 0x0000000087a00000|
| 103|0x0000000087b00000, 0x0000000087b00000, 0x0000000087c00000|  0%| F|  |TS  0|AC  0|TAMS 0x0000000087b00000, 0x0000000087b00000|
| 104|0x0000000087c00000, 0x0000000087c00000, 0x0000000087d00000|  0%| F|  |TS  0|AC  0|TAMS 0x0000000087c00000, 0x0000000087c00000|
| 105|0x0000000087d00000, 0x0000000087d00000, 0x0000000087e00000|  0%| F|  |TS  0|AC  0|TAMS 0x0000000087d00000, 0x0000000087d00000|
| 106|0x0000000087e00000, 0x0000000087e00000, 0x0000000087f00000|  0%| F|  |TS  0|AC  0|TAMS 0x0000000087e00000, 0x0000000087e00000|
| 107|0x0000000087f00000, 0x0000000087f00000, 0x0000000088000000|  0%| F|  |TS  0|AC  0|TAMS 0x0000000087f00000, 0x0000000087f00000|
| 108|0x0000000088000000, 0x0000000088000000, 0x0000000088100000|  0%| F|  |TS  0|AC  0|TAMS 0x0000000088000000, 0x0000000088000000|
| 109|0x0000000088100000, 0x0000000088100000, 0x0000000088200000|  0%| F|  |TS  0|AC  0|TAMS 0x0000000088100000, 0x0000000088100000|
| 110|0x0000000088200000, 0x0000000088200000, 0x0000000088300000|  0%| F|  |TS  0|AC  0|TAMS 0x0000000088200000, 0x0000000088200000|
| 111|0x0000000088300000, 0x0000000088300000, 0x0000000088400000|  0%| F|  |TS  0|AC  0|TAMS 0x0000000088300000, 0x0000000088300000|
| 112|0x0000000088400000, 0x0000000088400000, 0x0000000088500000|  0%| F|  |TS  0|AC  0|TAMS 0x0000000088400000, 0x0000000088400000|
| 113|0x0000000088500000, 0x0000000088500000, 0x0000000088600000|  0%| F|  |TS  0|AC  0|TAMS 0x0000000088500000, 0x0000000088500000|
| 114|0x0000000088600000, 0x0000000088600000, 0x0000000088700000|  0%| F|  |TS  0|AC  0|TAMS 0x0000000088600000, 0x0000000088600000|
| 115|0x0000000088700000, 0x0000000088700000, 0x0000000088800000|  0%| F|  |TS  0|AC  0|TAMS 0x0000000088700000, 0x0000000088700000|
| 116|0x0000000088800000, 0x0000000088800000, 0x0000000088900000|  0%| F|  |TS  0|AC  0|TAMS 0x0000000088800000, 0x0000000088800000|
| 117|0x0000000088900000, 0x0000000088900000, 0x0000000088a00000|  0%| F|  |TS  0|AC  0|TAMS 0x0000000088900000, 0x0000000088900000|
| 118|0x0000000088a00000, 0x0000000088a00000, 0x0000000088b00000|  0%| F|  |TS  0|AC  0|TAMS 0x0000000088a00000, 0x0000000088a00000|
| 119|0x0000000088b00000, 0x0000000088b00000, 0x0000000088c00000|  0%| F|  |TS  0|AC  0|TAMS 0x0000000088b00000, 0x0000000088b00000|
| 120|0x0000000088c00000, 0x0000000088c00000, 0x0000000088d00000|  0%| F|  |TS  0|AC  0|TAMS 0x0000000088c00000, 0x0000000088c00000|
| 121|0x0000000088d00000, 0x0000000088d00000, 0x0000000088e00000|  0%| F|  |TS  0|AC  0|TAMS 0x0000000088d00000, 0x0000000088d00000|
| 122|0x0000000088e00000, 0x0000000088e00000, 0x0000000088f00000|  0%| F|  |TS  0|AC  0|TAMS 0x0000000088e00000, 0x0000000088e00000|
| 123|0x0000000088f00000, 0x0000000088f00000, 0x0000000089000000|  0%| F|  |TS  0|AC  0|TAMS 0x0000000088f00000, 0x0000000088f00000|
| 124|0x0000000089000000, 0x0000000089000000, 0x0000000089100000|  0%| F|  |TS  0|AC  0|TAMS 0x0000000089000000, 0x0000000089000000|
| 125|0x0000000089100000, 0x0000000089100000, 0x0000000089200000|  0%| F|  |TS  0|AC  0|TAMS 0x0000000089100000, 0x0000000089100000|
| 126|0x0000000089200000, 0x0000000089200000, 0x0000000089300000|  0%| F|  |TS  0|AC  0|TAMS 0x0000000089200000, 0x0000000089200000|
| 127|0x0000000089300000, 0x0000000089300000, 0x0000000089400000|  0%| F|  |TS  0|AC  0|TAMS 0x0000000089300000, 0x0000000089300000|
| 128|0x0000000089400000, 0x0000000089400000, 0x0000000089500000|  0%| F|  |TS  0|AC  0|TAMS 0x0000000089400000, 0x0000000089400000|
| 129|0x0000000089500000, 0x0000000089500000, 0x0000000089600000|  0%| F|  |TS  0|AC  0|TAMS 0x0000000089500000, 0x0000000089500000|
| 130|0x0000000089600000, 0x0000000089600000, 0x0000000089700000|  0%| F|  |TS  0|AC  0|TAMS 0x0000000089600000, 0x0000000089600000|
| 131|0x0000000089700000, 0x0000000089700000, 0x0000000089800000|  0%| F|  |TS  0|AC  0|TAMS 0x0000000089700000, 0x0000000089700000|
| 132|0x0000000089800000, 0x0000000089800000, 0x0000000089900000|  0%| F|  |TS  0|AC  0|TAMS 0x0000000089800000, 0x0000000089800000|
| 133|0x0000000089900000, 0x0000000089900000, 0x0000000089a00000|  0%| F|  |TS  0|AC  0|TAMS 0x0000000089900000, 0x0000000089900000|
| 134|0x0000000089a00000, 0x0000000089a00000, 0x0000000089b00000|  0%| F|  |TS  0|AC  0|TAMS 0x0000000089a00000, 0x0000000089a00000|
| 135|0x0000000089b00000, 0x0000000089b00000, 0x0000000089c00000|  0%| F|  |TS  0|AC  0|TAMS 0x0000000089b00000, 0x0000000089b00000|
| 136|0x0000000089c00000, 0x0000000089c00000, 0x0000000089d00000|  0%| F|  |TS  0|AC  0|TAMS 0x0000000089c00000, 0x0000000089c00000|
| 137|0x0000000089d00000, 0x0000000089d00000, 0x0000000089e00000|  0%| F|  |TS  0|AC  0|TAMS 0x0000000089d00000, 0x0000000089d00000|
| 138|0x0000000089e00000, 0x0000000089e00000, 0x0000000089f00000|  0%| F|  |TS  0|AC  0|TAMS 0x0000000089e00000, 0x0000000089e00000|
| 139|0x0000000089f00000, 0x0000000089f00000, 0x000000008a000000|  0%| F|  |TS  0|AC  0|TAMS 0x0000000089f00000, 0x0000000089f00000|
| 140|0x000000008a000000, 0x000000008a000000, 0x000000008a100000|  0%| F|  |TS  0|AC  0|TAMS 0x000000008a000000, 0x000000008a000000|
| 141|0x000000008a100000, 0x000000008a100000, 0x000000008a200000|  0%| F|  |TS  0|AC  0|TAMS 0x000000008a100000, 0x000000008a100000|
| 142|0x000000008a200000, 0x000000008a200000, 0x000000008a300000|  0%| F|  |TS  0|AC  0|TAMS 0x000000008a200000, 0x000000008a200000|
| 143|0x000000008a300000, 0x000000008a300000, 0x000000008a400000|  0%| F|  |TS  0|AC  0|TAMS 0x000000008a300000, 0x000000008a300000|
| 144|0x000000008a400000, 0x000000008a400000, 0x000000008a500000|  0%| F|  |TS  0|AC  0|TAMS 0x000000008a400000, 0x000000008a400000|
| 145|0x000000008a500000, 0x000000008a500000, 0x000000008a600000|  0%| F|  |TS  0|AC  0|TAMS 0x000000008a500000, 0x000000008a500000|
| 146|0x000000008a600000, 0x000000008a600000, 0x000000008a700000|  0%| F|  |TS  0|AC  0|TAMS 0x000000008a600000, 0x000000008a600000|
| 147|0x000000008a700000, 0x000000008a700000, 0x000000008a800000|  0%| F|  |TS  0|AC  0|TAMS 0x000000008a700000, 0x000000008a700000|
| 148|0x000000008a800000, 0x000000008a800000, 0x000000008a900000|  0%| F|  |TS  0|AC  0|TAMS 0x000000008a800000, 0x000000008a800000|
| 149|0x000000008a900000, 0x000000008a900000, 0x000000008aa00000|  0%| F|  |TS  0|AC  0|TAMS 0x000000008a900000, 0x000000008a900000|
| 150|0x000000008aa00000, 0x000000008aa00000, 0x000000008ab00000|  0%| F|  |TS  0|AC  0|TAMS 0x000000008aa00000, 0x000000008aa00000|
| 151|0x000000008ab00000, 0x000000008ab00000, 0x000000008ac00000|  0%| F|  |TS  0|AC  0|TAMS 0x000000008ab00000, 0x000000008ab00000|
| 152|0x000000008ac00000, 0x000000008ac00000, 0x000000008ad00000|  0%| F|  |TS  0|AC  0|TAMS 0x000000008ac00000, 0x000000008ac00000|
| 153|0x000000008ad00000, 0x000000008ad00000, 0x000000008ae00000|  0%| F|  |TS  0|AC  0|TAMS 0x000000008ad00000, 0x000000008ad00000|
| 154|0x000000008ae00000, 0x000000008ae00000, 0x000000008af00000|  0%| F|  |TS  0|AC  0|TAMS 0x000000008ae00000, 0x000000008ae00000|
| 155|0x000000008af00000, 0x000000008af00000, 0x000000008b000000|  0%| F|  |TS  0|AC  0|TAMS 0x000000008af00000, 0x000000008af00000|
| 156|0x000000008b000000, 0x000000008b000000, 0x000000008b100000|  0%| F|  |TS  0|AC  0|TAMS 0x000000008b000000, 0x000000008b000000|
| 157|0x000000008b100000, 0x000000008b100000, 0x000000008b200000|  0%| F|  |TS  0|AC  0|TAMS 0x000000008b100000, 0x000000008b100000|
| 158|0x000000008b200000, 0x000000008b200000, 0x000000008b300000|  0%| F|  |TS  0|AC  0|TAMS 0x000000008b200000, 0x000000008b200000|
| 159|0x000000008b300000, 0x000000008b300000, 0x000000008b400000|  0%| F|  |TS  0|AC  0|TAMS 0x000000008b300000, 0x000000008b300000|
| 160|0x000000008b400000, 0x000000008b400000, 0x000000008b500000|  0%| F|  |TS  0|AC  0|TAMS 0x000000008b400000, 0x000000008b400000|
| 161|0x000000008b500000, 0x000000008b500000, 0x000000008b600000|  0%| F|  |TS  0|AC  0|TAMS 0x000000008b500000, 0x000000008b500000|
| 162|0x000000008b600000, 0x000000008b600000, 0x000000008b700000|  0%| F|  |TS  0|AC  0|TAMS 0x000000008b600000, 0x000000008b600000|
| 163|0x000000008b700000, 0x000000008b700000, 0x000000008b800000|  0%| F|  |TS  0|AC  0|TAMS 0x000000008b700000, 0x000000008b700000|
| 164|0x000000008b800000, 0x000000008b800000, 0x000000008b900000|  0%| F|  |TS  0|AC  0|TAMS 0x000000008b800000, 0x000000008b800000|
| 165|0x000000008b900000, 0x000000008b900000, 0x000000008ba00000|  0%| F|  |TS  0|AC  0|TAMS 0x000000008b900000, 0x000000008b900000|
| 166|0x000000008ba00000, 0x000000008ba00000, 0x000000008bb00000|  0%| F|  |TS  0|AC  0|TAMS 0x000000008ba00000, 0x000000008ba00000|
| 167|0x000000008bb00000, 0x000000008bb00000, 0x000000008bc00000|  0%| F|  |TS  0|AC  0|TAMS 0x000000008bb00000, 0x000000008bb00000|
| 168|0x000000008bc00000, 0x000000008bc00000, 0x000000008bd00000|  0%| F|  |TS  0|AC  0|TAMS 0x000000008bc00000, 0x000000008bc00000|
| 169|0x000000008bd00000, 0x000000008bd00000, 0x000000008be00000|  0%| F|  |TS  0|AC  0|TAMS 0x000000008bd00000, 0x000000008bd00000|
| 170|0x000000008be00000, 0x000000008be00000, 0x000000008bf00000|  0%| F|  |TS  0|AC  0|TAMS 0x000000008be00000, 0x000000008be00000|
| 171|0x000000008bf00000, 0x000000008bf00000, 0x000000008c000000|  0%| F|  |TS  0|AC  0|TAMS 0x000000008bf00000, 0x000000008bf00000|
| 172|0x000000008c000000, 0x000000008c000000, 0x000000008c100000|  0%| F|  |TS  0|AC  0|TAMS 0x000000008c000000, 0x000000008c000000|
| 173|0x000000008c100000, 0x000000008c100000, 0x000000008c200000|  0%| F|  |TS  0|AC  0|TAMS 0x000000008c100000, 0x000000008c100000|
| 174|0x000000008c200000, 0x000000008c200000, 0x000000008c300000|  0%| F|  |TS  0|AC  0|TAMS 0x000000008c200000, 0x000000008c200000|
| 175|0x000000008c300000, 0x000000008c300000, 0x000000008c400000|  0%| F|  |TS  0|AC  0|TAMS 0x000000008c300000, 0x000000008c300000|
| 176|0x000000008c400000, 0x000000008c400000, 0x000000008c500000|  0%| F|  |TS  0|AC  0|TAMS 0x000000008c400000, 0x000000008c400000|
| 177|0x000000008c500000, 0x000000008c500000, 0x000000008c600000|  0%| F|  |TS  0|AC  0|TAMS 0x000000008c500000, 0x000000008c500000|
| 178|0x000000008c600000, 0x000000008c600000, 0x000000008c700000|  0%| F|  |TS  0|AC  0|TAMS 0x000000008c600000, 0x000000008c600000|
| 179|0x000000008c700000, 0x000000008c700000, 0x000000008c800000|  0%| F|  |TS  0|AC  0|TAMS 0x000000008c700000, 0x000000008c700000|
| 180|0x000000008c800000, 0x000000008c800000, 0x000000008c900000|  0%| F|  |TS  0|AC  0|TAMS 0x000000008c800000, 0x000000008c800000|
| 181|0x000000008c900000, 0x000000008c902040, 0x000000008ca00000|  0%| S|CS|TS  0|AC  0|TAMS 0x000000008c900000, 0x000000008c900000|
| 182|0x000000008ca00000, 0x000000008ca00000, 0x000000008cb00000|  0%| F|  |TS  0|AC  0|TAMS 0x000000008ca00000, 0x000000008ca00000|
| 183|0x000000008cb00000, 0x000000008cbc8358, 0x000000008cc00000| 78%| E|  |TS  0|AC  0|TAMS 0x000000008cb00000, 0x000000008cb00000|
| 184|0x000000008cc00000, 0x000000008cd00000, 0x000000008cd00000|100%| E|CS|TS  0|AC  0|TAMS 0x000000008cc00000, 0x000000008cc00000|

Card table byte_map: [0x000001913cb20000,0x000001913cf20000] byte_map_base: 0x000001913c716000

Marking Bits (Prev, Next): (CMBitMap*) 0x000001912241a738, (CMBitMap*) 0x000001912241a700
 Prev Bits: [0x000001913f2d0000, 0x0000019141280000)
 Next Bits: [0x000001913d320000, 0x000001913f2d0000)

Polling page: 0x0000019120280000

CodeHeap 'non-profiled nmethods': size=120064Kb used=700Kb max_used=723Kb free=119363Kb
 bounds [0x00000191351e0000, 0x0000019135450000, 0x000001913c720000]
CodeHeap 'profiled nmethods': size=120000Kb used=2271Kb max_used=2710Kb free=117729Kb
 bounds [0x000001912dcb0000, 0x000001912df60000, 0x00000191351e0000]
CodeHeap 'non-nmethods': size=5696Kb used=1189Kb max_used=1219Kb free=4506Kb
 bounds [0x000001912d720000, 0x000001912d990000, 0x000001912dcb0000]
 total_blobs=2322 nmethods=1323 adapters=460
 compilation: enabled

Compilation events (10 events):
Event: 10.929 Thread 0x0000019143790000 1466       3       java.security.AccessControlContext::optimize (318 bytes)
Event: 10.935 Thread 0x0000019143790000 nmethod 1466 0x000001912dcf8a10 code [0x000001912dcf8dc0, 0x000001912dcfa6d0]
Event: 10.937 Thread 0x0000019143790000 1467       3       java.awt.Component::getTreeLock (4 bytes)
Event: 10.937 Thread 0x0000019143790000 nmethod 1467 0x000001912dcb1d10 code [0x000001912dcb1ec0, 0x000001912dcb2018]
Event: 10.942 Thread 0x0000019143786800 1468   !   4       sun.awt.AppContext::get (123 bytes)
Event: 10.970 Thread 0x0000019143790000 1469       3       java.awt.Component::inside (30 bytes)
Event: 10.971 Thread 0x0000019143790000 nmethod 1469 0x000001912dcb3a90 code [0x000001912dcb3c40, 0x000001912dcb3eb8]
Event: 10.978 Thread 0x0000019143790000 1470       3       javax.swing.JComponent::contains (27 bytes)
Event: 10.979 Thread 0x0000019143790000 nmethod 1470 0x000001912dcbf010 code [0x000001912dcbf200, 0x000001912dcbf8d8]
Event: 10.991 Thread 0x0000019143786800 nmethod 1468 0x000001913523d210 code [0x000001913523d400, 0x000001913523e2e8]

GC Heap History (10 events):
Event: 10.729 GC heap before
{Heap before GC invocations=157 (full 0):
 garbage-first heap   total 189440K, used 82892K [0x0000000081400000, 0x0000000100000000)
  region size 1024K, 3 young (3072K), 1 survivors (1024K)
 Metaspace       used 14557K, capacity 14905K, committed 15232K, reserved 1062912K
  class space    used 1412K, capacity 1597K, committed 1664K, reserved 1048576K
}
Event: 10.730 GC heap after
{Heap after GC invocations=158 (full 0):
 garbage-first heap   total 189440K, used 81871K [0x0000000081400000, 0x0000000100000000)
  region size 1024K, 1 young (1024K), 1 survivors (1024K)
 Metaspace       used 14557K, capacity 14905K, committed 15232K, reserved 1062912K
  class space    used 1412K, capacity 1597K, committed 1664K, reserved 1048576K
}
Event: 10.833 GC heap before
{Heap before GC invocations=159 (full 0):
 garbage-first heap   total 189440K, used 82895K [0x0000000081400000, 0x0000000100000000)
  region size 1024K, 3 young (3072K), 1 survivors (1024K)
 Metaspace       used 14557K, capacity 14905K, committed 15232K, reserved 1062912K
  class space    used 1412K, capacity 1597K, committed 1664K, reserved 1048576K
}
Event: 10.834 GC heap after
{Heap after GC invocations=160 (full 0):
 garbage-first heap   total 189440K, used 81871K [0x0000000081400000, 0x0000000100000000)
  region size 1024K, 1 young (1024K), 1 survivors (1024K)
 Metaspace       used 14557K, capacity 14905K, committed 15232K, reserved 1062912K
  class space    used 1412K, capacity 1597K, committed 1664K, reserved 1048576K
}
Event: 10.938 GC heap before
{Heap before GC invocations=161 (full 0):
 garbage-first heap   total 189440K, used 82895K [0x0000000081400000, 0x0000000100000000)
  region size 1024K, 3 young (3072K), 1 survivors (1024K)
 Metaspace       used 14560K, capacity 14905K, committed 15232K, reserved 1062912K
  class space    used 1412K, capacity 1597K, committed 1664K, reserved 1048576K
}
Event: 10.939 GC heap after
{Heap after GC invocations=162 (full 0):
 garbage-first heap   total 189440K, used 81873K [0x0000000081400000, 0x0000000100000000)
  region size 1024K, 1 young (1024K), 1 survivors (1024K)
 Metaspace       used 14560K, capacity 14905K, committed 15232K, reserved 1062912K
  class space    used 1412K, capacity 1597K, committed 1664K, reserved 1048576K
}
Event: 11.038 GC heap before
{Heap before GC invocations=163 (full 0):
 garbage-first heap   total 189440K, used 82897K [0x0000000081400000, 0x0000000100000000)
  region size 1024K, 3 young (3072K), 1 survivors (1024K)
 Metaspace       used 14562K, capacity 14905K, committed 15232K, reserved 1062912K
  class space    used 1412K, capacity 1597K, committed 1664K, reserved 1048576K
}
Event: 11.039 GC heap after
{Heap after GC invocations=164 (full 0):
 garbage-first heap   total 189440K, used 81871K [0x0000000081400000, 0x0000000100000000)
  region size 1024K, 1 young (1024K), 1 survivors (1024K)
 Metaspace       used 14562K, capacity 14905K, committed 15232K, reserved 1062912K
  class space    used 1412K, capacity 1597K, committed 1664K, reserved 1048576K
}
Event: 11.126 GC heap before
{Heap before GC invocations=165 (full 0):
 garbage-first heap   total 189440K, used 82895K [0x0000000081400000, 0x0000000100000000)
  region size 1024K, 3 young (3072K), 1 survivors (1024K)
 Metaspace       used 14562K, capacity 14905K, committed 15232K, reserved 1062912K
  class space    used 1412K, capacity 1597K, committed 1664K, reserved 1048576K
}
Event: 11.127 GC heap after
{Heap after GC invocations=166 (full 0):
 garbage-first heap   total 189440K, used 81873K [0x0000000081400000, 0x0000000100000000)
  region size 1024K, 1 young (1024K), 1 survivors (1024K)
 Metaspace       used 14562K, capacity 14905K, committed 15232K, reserved 1062912K
  class space    used 1412K, capacity 1597K, committed 1664K, reserved 1048576K
}

Deoptimization events (10 events):
Event: 0.453 Thread 0x0000019122392000 Uncommon trap: reason=unstable_if action=reinterpret pc=0x00000191351f1998 method=java.lang.String.charAt(I)C @ 4 c2
Event: 0.761 Thread 0x0000019122392000 Uncommon trap: reason=unstable_if action=reinterpret pc=0x0000019135206a18 method=java.lang.StringLatin1.replace([BCC)Ljava/lang/String; @ 19 c2
Event: 1.207 Thread 0x0000019122392000 Uncommon trap: reason=unstable_if action=reinterpret pc=0x00000191352178ec method=java.util.HashMap.hash(Ljava/lang/Object;)I @ 1 c2
Event: 1.208 Thread 0x0000019122392000 Uncommon trap: reason=unstable_fused_if action=reinterpret pc=0x00000191351ef278 method=java.util.HashMap.resize()[Ljava/util/HashMap$Node; @ 31 c2
Event: 1.772 Thread 0x0000019144b18800 Uncommon trap: reason=unstable_if action=reinterpret pc=0x000001913523cd98 method=java.lang.ref.ReferenceQueue.poll()Ljava/lang/ref/Reference; @ 4 c2
Event: 1.872 Thread 0x0000019122392000 Uncommon trap: reason=unstable_if action=reinterpret pc=0x0000019135232788 method=java.lang.AbstractStringBuilder.append(Ljava/lang/String;)Ljava/lang/AbstractStringBuilder; @ 1 c2
Event: 2.137 Thread 0x0000019122392000 Uncommon trap: reason=unstable_if action=reinterpret pc=0x0000019135238150 method=java.lang.ref.ReferenceQueue.poll()Ljava/lang/ref/Reference; @ 4 c2
Event: 2.557 Thread 0x00000191464ce800 Uncommon trap: reason=unstable_if action=reinterpret pc=0x0000019135249f3c method=sun.awt.image.GifImageDecoder.sendPixels(IIII[BLjava/awt/image/ColorModel;)I @ 344 c2
Event: 2.559 Thread 0x00000191464ce800 Uncommon trap: reason=unstable_if action=reinterpret pc=0x000001913525983c method=java.awt.image.ReplicateScaleFilter.setPixels(IIIILjava/awt/image/ColorModel;[BII)V @ 187 c2
Event: 10.855 Thread 0x0000019144b18800 Uncommon trap: reason=unstable_if action=reinterpret pc=0x00000191352173fc method=java.security.AccessControlContext.optimize()Ljava/security/AccessControlContext; @ 206 c2

Classes redefined (0 events):
No events

Internal exceptions (10 events):
Event: 1.650 Thread 0x0000019122392000 Exception <a 'java/lang/NoSuchMethodError'{0x0000000088782508}: java.lang.invoke.DirectMethodHandle$Holder.invokeStatic(Ljava/lang/Object;Ljava/lang/Object;Ljava/lang/Object;Ljava/lang/Object;Ljava/lang/Object;Ljava/lang/Object;Ljava/lang/Object;Ljava/lan
Event: 1.655 Thread 0x0000019122392000 Exception <a 'java/lang/NoSuchMethodError'{0x00000000887a3e80}: java.lang.invoke.DirectMethodHandle$Holder.invokeStatic(Ljava/lang/Object;Ljava/lang/Object;Ljava/lang/Object;Ljava/lang/Object;Ljava/lang/Object;Ljava/lang/Object;Ljava/lang/Object;Ljava/lan
Event: 1.730 Thread 0x0000019144b18800 Exception <a 'java/lang/NoSuchMethodError'{0x00000000886537f0}: java.lang.invoke.DirectMethodHandle$Holder.invokeStatic(Ljava/lang/Object;Ljava/lang/Object;Ljava/lang/Object;Ljava/lang/Object;Ljava/lang/Object;Ljava/lang/Object;Ljava/lang/Object;Ljava/lan
Event: 1.872 Thread 0x0000019122392000 Implicit null exception at 0x0000019135232274 to 0x000001913523276e
Event: 1.872 Thread 0x0000019122392000 Exception <a 'java/io/FileNotFoundException'{0x0000000088e308a8}> (0x0000000088e308a8) thrown at [t:/workspace/open/src/hotspot/share/prims/jni.cpp, line 611]
Event: 1.910 Thread 0x0000019122392000 Exception <a 'java/io/FileNotFoundException'{0x0000000088e42450}> (0x0000000088e42450) thrown at [t:/workspace/open/src/hotspot/share/prims/jni.cpp, line 611]
Event: 1.913 Thread 0x0000019122392000 Exception <a 'java/io/FileNotFoundException'{0x0000000088e50a40}> (0x0000000088e50a40) thrown at [t:/workspace/open/src/hotspot/share/prims/jni.cpp, line 611]
Event: 1.943 Thread 0x0000019122392000 Exception <a 'java/io/FileNotFoundException'{0x0000000088e62158}> (0x0000000088e62158) thrown at [t:/workspace/open/src/hotspot/share/prims/jni.cpp, line 611]
Event: 2.261 Thread 0x00000191464ce800 Exception <a 'java/lang/InterruptedException'{0x00000000893c7968}: sleep interrupted> (0x00000000893c7968) thrown at [t:/workspace/open/src/hotspot/share/prims/jvm.cpp, line 3034]
Event: 10.855 Thread 0x0000019144b18800 Implicit null exception at 0x000001913521725c to 0x00000191352173de

Events (10 events):
Event: 11.047 Executing VM operation: CGC_Operation
Event: 11.052 Executing VM operation: CGC_Operation done
Event: 11.054 Executing VM operation: CGC_Operation
Event: 11.054 Executing VM operation: CGC_Operation done
Event: 11.126 Executing VM operation: G1IncCollectionPause
Event: 11.127 Executing VM operation: G1IncCollectionPause done
Event: 11.140 Executing VM operation: CGC_Operation
Event: 11.143 Executing VM operation: CGC_Operation done
Event: 11.145 Executing VM operation: CGC_Operation
Event: 11.146 Executing VM operation: CGC_Operation done


Dynamic libraries:
0x00007ff603ec0000 - 0x00007ff603efe000 	C:\Program Files\Java\jdk-10.0.2\bin\java.exe
0x00007fffa63c0000 - 0x00007fffa65a1000 	C:\WINDOWS\SYSTEM32\ntdll.dll
0x00007fffa45f0000 - 0x00007fffa46a2000 	C:\WINDOWS\System32\KERNEL32.DLL
0x00007fffa3570000 - 0x00007fffa37e3000 	C:\WINDOWS\System32\KERNELBASE.dll
0x00007fffa5b50000 - 0x00007fffa5bf1000 	C:\WINDOWS\System32\ADVAPI32.dll
0x00007fffa3d40000 - 0x00007fffa3dde000 	C:\WINDOWS\System32\msvcrt.dll
0x00007fffa46b0000 - 0x00007fffa470b000 	C:\WINDOWS\System32\sechost.dll
0x00007fffa3de0000 - 0x00007fffa3f04000 	C:\WINDOWS\System32\RPCRT4.dll
0x00007fffa3bb0000 - 0x00007fffa3d40000 	C:\WINDOWS\System32\USER32.dll
0x00007fffa2e40000 - 0x00007fffa2e60000 	C:\WINDOWS\System32\win32u.dll
0x00007fffa3f10000 - 0x00007fffa3f38000 	C:\WINDOWS\System32\GDI32.dll
0x00007fffa2910000 - 0x00007fffa2aa2000 	C:\WINDOWS\System32\gdi32full.dll
0x00007fffa2d50000 - 0x00007fffa2def000 	C:\WINDOWS\System32\msvcp_win.dll
0x00007fffa2810000 - 0x00007fffa290a000 	C:\WINDOWS\System32\ucrtbase.dll
0x00007fff97990000 - 0x00007fff97bf9000 	C:\WINDOWS\WinSxS\amd64_microsoft.windows.common-controls_6595b64144ccf1df_6.0.17134.345_none_fb429a5930656358\COMCTL32.dll
0x00007fffa3880000 - 0x00007fffa3ba3000 	C:\WINDOWS\System32\combase.dll
0x00007fffa2790000 - 0x00007fffa280a000 	C:\WINDOWS\System32\bcryptPrimitives.dll
0x00007fffa0780000 - 0x00007fffa078a000 	C:\WINDOWS\SYSTEM32\VERSION.dll
0x00007fffa3850000 - 0x00007fffa387d000 	C:\WINDOWS\System32\IMM32.DLL
0x00007fff81a40000 - 0x00007fff81b2f000 	C:\Program Files\Java\jdk-10.0.2\bin\msvcr120.dll
0x00007fff81c80000 - 0x00007fff81d26000 	C:\Program Files\Java\jdk-10.0.2\bin\msvcp120.dll
0x000000006fa40000 - 0x00000000704b0000 	C:\Program Files\Java\jdk-10.0.2\bin\server\jvm.dll
0x00007fffa6380000 - 0x00007fffa6388000 	C:\WINDOWS\System32\PSAPI.DLL
0x00007fffa0870000 - 0x00007fffa0879000 	C:\WINDOWS\SYSTEM32\WSOCK32.dll
0x00007fffa4580000 - 0x00007fffa45ec000 	C:\WINDOWS\System32\WS2_32.dll
0x00007fff9f030000 - 0x00007fff9f053000 	C:\WINDOWS\SYSTEM32\WINMM.dll
0x00007fff9f000000 - 0x00007fff9f02a000 	C:\WINDOWS\SYSTEM32\WINMMBASE.dll
0x00007fffa2df0000 - 0x00007fffa2e39000 	C:\WINDOWS\System32\cfgmgr32.dll
0x00007fffa0fb0000 - 0x00007fffa0fbf000 	C:\Program Files\Java\jdk-10.0.2\bin\verify.dll
0x00007fffa2220000 - 0x00007fffa23e9000 	C:\WINDOWS\SYSTEM32\DBGHELP.DLL
0x00007fffa2150000 - 0x00007fffa2179000 	C:\WINDOWS\SYSTEM32\dbgcore.DLL
0x00007fffa0b10000 - 0x00007fffa0b37000 	C:\Program Files\Java\jdk-10.0.2\bin\java.dll
0x00007fff93840000 - 0x00007fff9386a000 	C:\Program Files\Java\jdk-10.0.2\bin\instrument.dll
0x00007fff96fa0000 - 0x00007fff96fb6000 	C:\Program Files\Java\jdk-10.0.2\bin\zip.dll
0x00007fffa0e10000 - 0x00007fffa0e1a000 	C:\Program Files\Java\jdk-10.0.2\bin\jimage.dll
0x00007fffa4710000 - 0x00007fffa5b4f000 	C:\WINDOWS\System32\SHELL32.dll
0x00007fffa3f40000 - 0x00007fffa3fe9000 	C:\WINDOWS\System32\shcore.dll
0x00007fffa2e60000 - 0x00007fffa356d000 	C:\WINDOWS\System32\windows.storage.dll
0x00007fffa6320000 - 0x00007fffa6371000 	C:\WINDOWS\System32\shlwapi.dll
0x00007fffa26d0000 - 0x00007fffa26e1000 	C:\WINDOWS\System32\kernel.appcore.dll
0x00007fffa26f0000 - 0x00007fffa270f000 	C:\WINDOWS\System32\profapi.dll
0x00007fffa2710000 - 0x00007fffa275c000 	C:\WINDOWS\System32\powrprof.dll
0x00007fffa2780000 - 0x00007fffa278a000 	C:\WINDOWS\System32\FLTLIB.DLL
0x00007fff96e10000 - 0x00007fff96e2a000 	C:\Program Files\Java\jdk-10.0.2\bin\net.dll
0x00007fff98570000 - 0x00007fff9864c000 	C:\WINDOWS\SYSTEM32\WINHTTP.dll
0x00007fffa1b90000 - 0x00007fffa1bf6000 	C:\WINDOWS\system32\mswsock.dll
0x00007fff96d70000 - 0x00007fff96d81000 	C:\Program Files\Java\jdk-10.0.2\bin\nio.dll
0x00007fff93820000 - 0x00007fff9383a000 	C:\Program Files\JetBrains\IntelliJ IDEA 2018.2.1\bin\breakgen64.dll
0x00007fff746a0000 - 0x00007fff7483b000 	C:\Program Files\Java\jdk-10.0.2\bin\awt.dll
0x00007fffa4000000 - 0x00007fffa40c2000 	C:\WINDOWS\System32\OLEAUT32.dll
0x00007fff9e2e0000 - 0x00007fff9e8a7000 	C:\WINDOWS\SYSTEM32\d2d1.dll
0x00007fff9f250000 - 0x00007fff9f2db000 	C:\WINDOWS\SYSTEM32\apphelp.dll
0x00007fff9fc10000 - 0x00007fff9fc39000 	C:\WINDOWS\system32\DWMAPI.DLL
0x00007fff9f7b0000 - 0x00007fff9f848000 	C:\WINDOWS\system32\uxtheme.dll
0x00007fff80db0000 - 0x00007fff80ed0000 	C:\WINDOWS\system32\opengl32.dll
0x00007fff9f150000 - 0x00007fff9f17c000 	C:\WINDOWS\SYSTEM32\GLU32.dll
0x00007fffa43a0000 - 0x00007fffa4514000 	C:\WINDOWS\System32\MSCTF.dll
0x00007fffa4240000 - 0x00007fffa4391000 	C:\WINDOWS\System32\ole32.dll
0x00007fff7cd20000 - 0x00007fff7cd85000 	C:\Program Files\Java\jdk-10.0.2\bin\fontmanager.dll
0x00007fff9a8e0000 - 0x00007fff9a977000 	C:\WINDOWS\System32\TextInputFramework.dll
0x00007fff9cc50000 - 0x00007fff9cf6e000 	C:\WINDOWS\System32\CoreUIComponents.dll
0x00007fff9eb20000 - 0x00007fff9ebfa000 	C:\WINDOWS\System32\CoreMessaging.dll
0x00007fffa1430000 - 0x00007fffa1461000 	C:\WINDOWS\SYSTEM32\ntmarta.dll
0x00007fff9d690000 - 0x00007fff9d7dd000 	C:\WINDOWS\SYSTEM32\wintypes.dll
0x00007fff81bc0000 - 0x00007fff81beb000 	C:\Program Files\Java\jdk-10.0.2\bin\javajpeg.dll
0x00007fff7ce40000 - 0x00007fff7ce82000 	C:\Program Files\Java\jdk-10.0.2\bin\t2k.dll
0x0000000180000000 - 0x0000000180025000 	C:\Users\Kali\Desktop\ledverde\mfz-rxtx-2.2-20081207-win-x64\mfz-rxtx-2.2-20081207-win-x64\rxtxSerial.dll

dbghelp: loaded successfully - version: 4.0.5 - missing functions: none
symbol engine: initialized successfully - sym options: 0x614 - pdb path: .;C:\Program Files\Java\jdk-10.0.2\bin;C:\WINDOWS\SYSTEM32;C:\WINDOWS\WinSxS\amd64_microsoft.windows.common-controls_6595b64144ccf1df_6.0.17134.345_none_fb429a5930656358;C:\Program Files\Java\jdk-10.0.2\bin\server;C:\Program Files\JetBrains\IntelliJ IDEA 2018.2.1\bin;C:\Users\Kali\Desktop\ledverde\mfz-rxtx-2.2-20081207-win-x64\mfz-rxtx-2.2-20081207-win-x64

VM Arguments:
jvm_args: -Djava.library.path=C:\Users\Kali\Desktop\ledverde\mfz-rxtx-2.2-20081207-win-x64\mfz-rxtx-2.2-20081207-win-x64 -javaagent:C:\Program Files\JetBrains\IntelliJ IDEA 2018.2.1\lib\idea_rt.jar=2304:C:\Program Files\JetBrains\IntelliJ IDEA 2018.2.1\bin -Dfile.encoding=UTF-8 
java_command: main
java_class_path (initial): C:\Users\Kali\Desktop\Kali\TEC, Semestre 2\Datos 1\Java\SideScrolling\out\production\SideScrolling;C:\Users\Kali\Desktop\ledverde\mfz-rxtx-2.2-20081207-win-x64\mfz-rxtx-2.2-20081207-win-x64\RXTXcomm.jar
Launcher Type: SUN_STANDARD

Logging:
Log output configuration:
#0: stdout all=warning uptime,level,tags
#1: stderr all=off uptime,level,tags

Environment Variables:
PATH=C:\Program Files (x86)\Common Files\Oracle\Java\javapath;C:\Program Files (x86)\NVIDIA Corporation\PhysX\Common;C:\ProgramData\Oracle\Java\javapath;C:\Program Files (x86)\Intel\iCLS Client\;C:\Program Files\Intel\iCLS Client\;C:\WINDOWS\system32;C:\WINDOWS;C:\WINDOWS\System32\Wbem;C:\WINDOWS\System32\WindowsPowerShell\v1.0\;C:\Program Files (x86)\Intel\Intel(R) Management Engine Components\DAL;C:\Program Files\Intel\Intel(R) Management Engine Components\DAL;C:\Program Files (x86)\Intel\Intel(R) Management Engine Components\IPT;C:\Program Files\Intel\Intel(R) Management Engine Components\IPT;C:\Program Files\Microsoft SQL Server\Client SDK\ODBC\110\Tools\Binn\;C:\Program Files (x86)\Microsoft SQL Server\120\Tools\Binn\;C:\Program Files\Microsoft SQL Server\120\Tools\Binn\;C:\Program Files\Microsoft SQL Server\120\DTS\Binn\;C:\Program Files (x86)\Windows Kits\8.1\Windows Performance Toolkit\;C:\WINDOWS\System32\OpenSSH\;C:\Program Files\Git\cmd;C:\Users\Kali\AppData\Local\Programs\Python\Python36-32\Scripts\;C:\Users\Kali\AppData\Local\Programs\Python\Python36-32\;C:\Users\Kali\AppData\Local\Microsoft\WindowsApps
USERNAME=Kali
OS=Windows_NT
PROCESSOR_IDENTIFIER=Intel64 Family 6 Model 61 Stepping 4, GenuineIntel



---------------  S Y S T E M  ---------------

OS: Windows 10 , 64 bit Build 17134 (10.0.17134.1)

CPU:total 4 (initial active 4) (2 cores per cpu, 2 threads per core) family 6 model 61 stepping 4, cmov, cx8, fxsr, mmx, sse, sse2, sse3, ssse3, sse4.1, sse4.2, popcnt, avx, avx2, aes, clmul, erms, 3dnowpref, lzcnt, ht, tsc, tscinvbit, bmi1, bmi2, adx, fma

Memory: 4k page, physical 8301580k(3653732k free), swap 9612300k(3809316k free)

vm_info: Java HotSpot(TM) 64-Bit Server VM (10.0.2+13) for windows-amd64 JRE (10.0.2+13), built on Jun 28 2018 01:57:56 by "mach5one" with MS VC++ 12.0 (VS2013)

END.
